#
# A fatal error has been detected by the Java Runtime Environment:
#
#  SIGSEGV (0xb) at pc=0x00000001069ccf0f, pid=16688, tid=22543
#
# JRE version: Java(TM) SE Runtime Environment (8.0_31-b13) (build 1.8.0_31-b13)
# Java VM: Java HotSpot(TM) 64-Bit Server VM (25.31-b07 mixed mode bsd-amd64 compressed oops)
# Problematic frame:
# J 28338 C2 scala.tools.nsc.transform.TypingTransformers$TypingTransformer.atOwner(Lscala/reflect/api/Symbols$SymbolApi;Lscala/Function0;)Ljava/lang/Object; (10 bytes) @ 0x00000001069ccf0f [0x00000001069ccee0+0x2f]
#
# Failed to write core dump. Core dumps have been disabled. To enable core dumping, try "ulimit -c unlimited" before starting Java again
#
# If you would like to submit a bug report, please visit:
#   http://bugreport.java.com/bugreport/crash.jsp
#

---------------  T H R E A D  ---------------

Current thread (0x00007f8ed8305000):  JavaThread "pool-7-thread-7" [_thread_in_Java, id=22543, stack(0x0000000123b4e000,0x0000000123c4e000)]

siginfo: si_signo: 11 (SIGSEGV), si_code: 1 (SEGV_MAPERR), si_addr: 0x000000039a908910

Registers:
RAX=0x00000007c13e3210, RBX=0x00000001259e4ce0, RCX=0x00000007a072ed38, RDX=0x000000039a908908
RSP=0x0000000123c49970, RBP=0x0000000073521121, RSI=0x00000007a06e6fe8, RDI=0x00000000e0979821
R8 =0x00000007a072ed38, R9 =0x0000000786ea6038, R10=0x00000000f0dd4c07, R11=0x0000000000000005
R12=0x0000000000000000, R13=0x0000000704bcc0c0, R14=0x0000000704bf0620, R15=0x00007f8ed8305000
RIP=0x00000001069ccf0f, EFLAGS=0x0000000000010202, ERR=0x0000000000000004
  TRAPNO=0x000000000000000e

Top of Stack: (sp=0x0000000123c49970)
0x0000000123c49970:   0000000704dc96d8 00000007ba909048
0x0000000123c49980:   00000007ba909070 0000000704bd11e0
0x0000000123c49990:   0000000073521121 0000000106cfd300
0x0000000123c499a0:   00000007a06e6fe8 0000000704bcba38
0x0000000123c499b0:   f81de81a86ea6038 00000007a06e7010
0x0000000123c499c0:   00000007a06e6fe8 0000000786e9cd30
0x0000000123c499d0:   00000007a06e6fe8 0000000707567f38
0x0000000123c499e0:   000000010eedf000 0000000786ea6038
0x0000000123c499f0:   0000000707567ed8 00000007ba908fb8
0x0000000123c49a00:   00000007a072a0a0 0000000704bcc108
0x0000000123c49a10:   00000007a0729028 000000010540f664
0x0000000123c49a20:   00000007ba908fb8 0000000105bc4634
0x0000000123c49a30:   0000000786ea6038 00000001072c0468
0x0000000123c49a40:   00000007a06e6fe8 0000000786ea6038
0x0000000123c49a50:   00000007a06e6fe8 00000007ba908fb8
0x0000000123c49a60:   0000000787021028 0000000106089cf0
0x0000000123c49a70:   00000007bb2e2810 00000007c0eeebf8
0x0000000123c49a80:   000000070125bb70 0003b822f12cde43
0x0000000123c49a90:   00000000000ee088 00000007f765c502
0x0000000123c49aa0:   00000007a06e6fe8 000000010717e660
0x0000000123c49ab0:   00000007a072ed20 00000007a06e6fe8
0x0000000123c49ac0:   00000001f40dcdfd 00000007c0e17f08
0x0000000123c49ad0:   00000007c0e70558 0000000000000000
0x0000000123c49ae0:   00000007a072e9e8 00000007f0dd4c07
0x0000000123c49af0:   0000000786ea6038 0000000786ea6038
0x0000000123c49b00:   00000007a072ed20 00000007a072e9e8
0x0000000123c49b10:   00000007a072e7c0 0000000700bdd510
0x0000000123c49b20:   00000007a072ea48 0000000106cff5a4
0x0000000123c49b30:   00000007ba908f60 0000000704bf2b40
0x0000000123c49b40:   00000007a06e6fe8 00000007a072e9e8
0x0000000123c49b50:   00000007a06e7010 f827c642f81de81a
0x0000000123c49b60:   00000007f81bbd05 00000007ba9087b0 

Instructions: (pc=0x00000001069ccf0f)
0x00000001069cceef:   99 fc 66 66 90 0f 1f 84 00 00 00 00 00 66 66 66
0x00000001069cceff:   90 89 84 24 00 c0 fe ff 55 48 83 ec 20 4c 8b c1
0x00000001069ccf0f:   44 8b 52 08 49 c1 e2 03 4d 8b 52 38 49 bb 00 35
0x00000001069ccf1f:   ed c0 07 00 00 00 4d 3b d3 75 2a 48 8b ca 44 8b 

Register to memory mapping:

RAX=0x00000007c13e3210 is pointing into metadata
RBX={method} {0x00000001259e4ce0} 'atOwner' '(Lscala/reflect/api/Symbols$SymbolApi;Lscala/Function0;)Ljava/lang/Object;' in 'scala/tools/nsc/transform/TypingTransformers$TypingTransformer'
RCX=0x00000007a072ed38 is an oop
scala.reflect.internal.Trees$$anonfun$itransform$2 
 - klass: 'scala/reflect/internal/Trees$$anonfun$itransform$2'
RDX=0x000000039a908908 is an unknown value
RSP=0x0000000123c49970 is pointing into the stack for thread: 0x00007f8ed8305000
RBP=0x0000000073521121 is an unknown value
RSI=0x00000007a06e6fe8 is an oop
scala.tools.nsc.transform.Erasure$ErasureTransformer$$anon$1 
 - klass: 'scala/tools/nsc/transform/Erasure$ErasureTransformer$$anon$1'
RDI=0x00000000e0979821 is an unknown value
R8 =0x00000007a072ed38 is an oop
scala.reflect.internal.Trees$$anonfun$itransform$2 
 - klass: 'scala/reflect/internal/Trees$$anonfun$itransform$2'
R9 =0x0000000786ea6038 is an oop
scala.reflect.internal.Trees$DefDef 
 - klass: 'scala/reflect/internal/Trees$DefDef'
R10=0x00000000f0dd4c07 is an unknown value
R11=0x0000000000000005 is an unknown value
R12=0x0000000000000000 is an unknown value
R13=0x0000000704bcc0c0 is an oop
scala.reflect.internal.Trees$Modifiers 
 - klass: 'scala/reflect/internal/Trees$Modifiers'
R14=0x0000000704bf0620 is an oop
scala.reflect.internal.Names$TermName_S 
 - klass: 'scala/reflect/internal/Names$TermName_S'
R15=0x00007f8ed8305000 is a thread


Stack: [0x0000000123b4e000,0x0000000123c4e000],  sp=0x0000000123c49970,  free space=1006k
Native frames: (J=compiled Java code, j=interpreted, Vv=VM code, C=native code)
J 28338 C2 scala.tools.nsc.transform.TypingTransformers$TypingTransformer.atOwner(Lscala/reflect/api/Symbols$SymbolApi;Lscala/Function0;)Ljava/lang/Object; (10 bytes) @ 0x00000001069ccf0f [0x00000001069ccee0+0x2f]


---------------  P R O C E S S  ---------------

Java Threads: ( => current thread )
  0x00007f8ed817f000 JavaThread "Scala Presentation Compiler []" daemon [_thread_blocked, id=28675, stack(0x0000000124364000,0x0000000124464000)]
  0x00007f8ed5875800 JavaThread "pool-7-thread-11" [_thread_blocked, id=28163, stack(0x0000000124261000,0x0000000124361000)]
  0x00007f8ed60d7000 JavaThread "pool-7-thread-10" [_thread_blocked, id=27651, stack(0x0000000123f0b000,0x000000012400b000)]
  0x00007f8ed829a000 JavaThread "pool-7-thread-9" [_thread_blocked, id=27139, stack(0x0000000123e08000,0x0000000123f08000)]
  0x00007f8ed6831000 JavaThread "pool-7-thread-8" [_thread_blocked, id=24587, stack(0x0000000123d05000,0x0000000123e05000)]
=>0x00007f8ed8305000 JavaThread "pool-7-thread-7" [_thread_in_Java, id=22543, stack(0x0000000123b4e000,0x0000000123c4e000)]
  0x00007f8ed33b5000 JavaThread "pool-7-thread-6" [_thread_blocked, id=14855, stack(0x0000000123a4b000,0x0000000123b4b000)]
  0x00007f8ed96f9800 JavaThread "pool-7-thread-5" [_thread_blocked, id=16135, stack(0x000000012357e000,0x000000012367e000)]
  0x00007f8ed8a4d000 JavaThread "pool-7-thread-4" [_thread_blocked, id=24087, stack(0x000000012347b000,0x000000012357b000)]
  0x00007f8ed37f3000 JavaThread "pool-7-thread-3" [_thread_blocked, id=26139, stack(0x0000000123378000,0x0000000123478000)]
  0x00007f8ed7045000 JavaThread "pool-7-thread-2" [_thread_blocked, id=26647, stack(0x0000000123275000,0x0000000123375000)]
  0x00007f8ed70d4000 JavaThread "pool-7-thread-1" [_thread_blocked, id=23835, stack(0x0000000120b47000,0x0000000120c47000)]
  0x00007f8ed8865000 JavaThread "sbt-web-akka.actor.default-dispatcher-4" [_thread_blocked, id=24855, stack(0x0000000123172000,0x0000000123272000)]
  0x00007f8ed8303000 JavaThread "sbt-web-akka.actor.default-dispatcher-3" [_thread_blocked, id=23323, stack(0x00000001227bc000,0x00000001228bc000)]
  0x00007f8ed8306000 JavaThread "sbt-web-akka.actor.default-dispatcher-2" [_thread_blocked, id=25111, stack(0x00000001218ca000,0x00000001219ca000)]
  0x00007f8ed95c5000 JavaThread "sbt-web-scheduler-1" [_thread_blocked, id=25879, stack(0x0000000120a44000,0x0000000120b44000)]
  0x00007f8ed3155800 JavaThread "process reaper" daemon [_thread_blocked, id=21763, stack(0x000000011f5fa000,0x000000011f622000)]
  0x00007f8ed302e800 JavaThread "Service Thread" daemon [_thread_blocked, id=20739, stack(0x000000011e78e000,0x000000011e88e000)]
  0x00007f8ed382d800 JavaThread "C1 CompilerThread3" daemon [_thread_blocked, id=20227, stack(0x000000011e68b000,0x000000011e78b000)]
  0x00007f8ed500a000 JavaThread "C2 CompilerThread2" daemon [_thread_blocked, id=19715, stack(0x000000011e588000,0x000000011e688000)]
  0x00007f8ed382d000 JavaThread "C2 CompilerThread1" daemon [_thread_blocked, id=19203, stack(0x000000011e485000,0x000000011e585000)]
  0x00007f8ed302e000 JavaThread "C2 CompilerThread0" daemon [_thread_blocked, id=18691, stack(0x000000011e382000,0x000000011e482000)]
  0x00007f8ed302d000 JavaThread "Signal Dispatcher" daemon [_thread_blocked, id=15379, stack(0x000000011e27f000,0x000000011e37f000)]
  0x00007f8ed3856000 JavaThread "Finalizer" daemon [_thread_blocked, id=13571, stack(0x000000011c85f000,0x000000011c95f000)]
  0x00007f8ed3855800 JavaThread "Reference Handler" daemon [_thread_blocked, id=13059, stack(0x000000011c75c000,0x000000011c85c000)]
  0x00007f8ed4801800 JavaThread "main" [_thread_blocked, id=3847, stack(0x00000001012a9000,0x00000001013a9000)]

Other Threads:
  0x00007f8ed3853000 VMThread [stack: 0x000000011c659000,0x000000011c759000] [id=12547]
  0x00007f8ed3010800 WatcherThread [stack: 0x000000011e891000,0x000000011e991000] [id=21251]

VM state:not at safepoint (normal execution)

VM Mutex/Monitor currently owned by a thread: None

Heap:
 PSYoungGen      total 911872K, used 628218K [0x0000000780000000, 0x00000007c0000000, 0x00000007c0000000)
  eden space 794624K, 67% used [0x0000000780000000,0x00000007a09a3cf0,0x00000007b0800000)
  from space 117248K, 80% used [0x00000007b8d80000,0x00000007be95ad10,0x00000007c0000000)
  to   space 126976K, 0% used [0x00000007b0800000,0x00000007b0800000,0x00000007b8400000)
 ParOldGen       total 410624K, used 146796K [0x0000000700000000, 0x0000000719100000, 0x0000000780000000)
  object space 410624K, 35% used [0x0000000700000000,0x0000000708f5b260,0x0000000719100000)
 Metaspace       used 109450K, capacity 110032K, committed 110464K, reserved 1138688K
  class space    used 20338K, capacity 20499K, committed 20608K, reserved 1048576K

Card table byte_map: [0x00000001126df000,0x0000000112ce0000] byte_map_base: 0x000000010eedf000

Marking Bits: (ParMarkBitMap*) 0x0000000102c9e410
 Begin Bits: [0x00000001138f8000, 0x00000001168f8000)
 End Bits:   [0x00000001168f8000, 0x00000001198f8000)

Polling page: 0x00000001013ed000

CodeCache: size=245760Kb used=73219Kb max_used=73264Kb free=172540Kb
 bounds [0x000000010331f000, 0x0000000107bdf000, 0x000000011231f000]
 total_blobs=21499 nmethods=21012 adapters=394
 compilation: enabled

Compilation events (10 events):
Event: 53.940 Thread 0x00007f8ed382d800 29321       3       scala.reflect.internal.Types$TypeRef::decls (101 bytes)
Event: 53.940 Thread 0x00007f8ed382d000 nmethod 29320 0x0000000106f65ed0 code [0x0000000106f66060, 0x0000000106f661c8]
Event: 53.941 Thread 0x00007f8ed382d800 nmethod 29321 0x000000010705eed0 code [0x000000010705f1c0, 0x0000000107060d78]
Event: 53.941 Thread 0x00007f8ed302e000 29322       4       scala.tools.nsc.typechecker.Typers$Typer$$anonfun$20::apply (9 bytes)
Event: 53.944 Thread 0x00007f8ed302e000 nmethod 29322 0x0000000107206bd0 code [0x0000000107206d60, 0x0000000107206f18]
Event: 53.950 Thread 0x00007f8ed500a000 nmethod 29313 0x00000001061d5850 code [0x00000001061d5be0, 0x00000001061d7c00]
Event: 53.961 Thread 0x00007f8ed382d000 29323       4       scala.tools.nsc.typechecker.Typers$Typer$$anonfun$84::apply (9 bytes)
Event: 53.964 Thread 0x00007f8ed382d000 nmethod 29323 0x0000000106718c50 code [0x0000000106718dc0, 0x0000000106718ee8]
Event: 53.964 Thread 0x00007f8ed302e000 29324       4       scala.tools.nsc.transform.Erasure$ErasureTransformer$$anon$1$$anonfun$transform$1::apply (9 bytes)
Event: 53.966 Thread 0x00007f8ed302e000 nmethod 29324 0x0000000106f65b50 code [0x0000000106f65ca0, 0x0000000106f65d88]

GC Heap History (10 events):
Event: 20.875 GC heap before
{Heap before GC invocations=13 (full 2):
 PSYoungGen      total 892416K, used 401086K [0x0000000780000000, 0x00000007c0000000, 0x00000007c0000000)
  eden space 822272K, 40% used [0x0000000780000000,0x0000000794335c50,0x00000007b2300000)
  from space 70144K, 99% used [0x00000007bbb80000,0x00000007bfff9e90,0x00000007c0000000)
  to   space 113152K, 0% used [0x00000007b2300000,0x00000007b2300000,0x00000007b9180000)
 ParOldGen       total 349696K, used 87074K [0x0000000700000000, 0x0000000715580000, 0x0000000780000000)
  object space 349696K, 24% used [0x0000000700000000,0x00000007055089d0,0x0000000715580000)
 Metaspace       used 96357K, capacity 96936K, committed 97024K, reserved 1128448K
  class space    used 18189K, capacity 18396K, committed 18432K, reserved 1048576K
Event: 20.923 GC heap after
Heap after GC invocations=13 (full 2):
 PSYoungGen      total 892928K, used 70632K [0x0000000780000000, 0x00000007c0000000, 0x00000007c0000000)
  eden space 822272K, 0% used [0x0000000780000000,0x0000000780000000,0x00000007b2300000)
  from space 70656K, 99% used [0x00000007b2300000,0x00000007b67fa158,0x00000007b6800000)
  to   space 116224K, 0% used [0x00000007b8e80000,0x00000007b8e80000,0x00000007c0000000)
 ParOldGen       total 349696K, used 110021K [0x0000000700000000, 0x0000000715580000, 0x0000000780000000)
  object space 349696K, 31% used [0x0000000700000000,0x0000000706b71500,0x0000000715580000)
 Metaspace       used 96357K, capacity 96936K, committed 97024K, reserved 1128448K
  class space    used 18189K, capacity 18396K, committed 18432K, reserved 1048576K
}
Event: 20.923 GC heap before
{Heap before GC invocations=14 (full 3):
 PSYoungGen      total 892928K, used 70632K [0x0000000780000000, 0x00000007c0000000, 0x00000007c0000000)
  eden space 822272K, 0% used [0x0000000780000000,0x0000000780000000,0x00000007b2300000)
  from space 70656K, 99% used [0x00000007b2300000,0x00000007b67fa158,0x00000007b6800000)
  to   space 116224K, 0% used [0x00000007b8e80000,0x00000007b8e80000,0x00000007c0000000)
 ParOldGen       total 349696K, used 110021K [0x0000000700000000, 0x0000000715580000, 0x0000000780000000)
  object space 349696K, 31% used [0x0000000700000000,0x0000000706b71500,0x0000000715580000)
 Metaspace       used 96357K, capacity 96936K, committed 97024K, reserved 1128448K
  class space    used 18189K, capacity 18396K, committed 18432K, reserved 1048576K
Event: 21.359 GC heap after
Heap after GC invocations=14 (full 3):
 PSYoungGen      total 892928K, used 0K [0x0000000780000000, 0x00000007c0000000, 0x00000007c0000000)
  eden space 822272K, 0% used [0x0000000780000000,0x0000000780000000,0x00000007b2300000)
  from space 70656K, 0% used [0x00000007b2300000,0x00000007b2300000,0x00000007b6800000)
  to   space 116224K, 0% used [0x00000007b8e80000,0x00000007b8e80000,0x00000007c0000000)
 ParOldGen       total 410624K, used 146772K [0x0000000700000000, 0x0000000719100000, 0x0000000780000000)
  object space 410624K, 35% used [0x0000000700000000,0x0000000708f55260,0x0000000719100000)
 Metaspace       used 96346K, capacity 96906K, committed 97024K, reserved 1128448K
  class space    used 18187K, capacity 18386K, committed 18432K, reserved 1048576K
}
Event: 34.414 GC heap before
{Heap before GC invocations=15 (full 3):
 PSYoungGen      total 892928K, used 822272K [0x0000000780000000, 0x00000007c0000000, 0x00000007c0000000)
  eden space 822272K, 100% used [0x0000000780000000,0x00000007b2300000,0x00000007b2300000)
  from space 70656K, 0% used [0x00000007b2300000,0x00000007b2300000,0x00000007b6800000)
  to   space 116224K, 0% used [0x00000007b8e80000,0x00000007b8e80000,0x00000007c0000000)
 ParOldGen       total 410624K, used 146772K [0x0000000700000000, 0x0000000719100000, 0x0000000780000000)
  object space 410624K, 35% used [0x0000000700000000,0x0000000708f55260,0x0000000719100000)
 Metaspace       used 101206K, capacity 101834K, committed 102016K, reserved 1132544K
  class space    used 18849K, capacity 19026K, committed 19072K, reserved 1048576K
Event: 34.510 GC heap after
Heap after GC invocations=15 (full 3):
 PSYoungGen      total 932352K, used 64149K [0x0000000780000000, 0x00000007c0000000, 0x00000007c0000000)
  eden space 816128K, 0% used [0x0000000780000000,0x0000000780000000,0x00000007b1d00000)
  from space 116224K, 55% used [0x00000007b8e80000,0x00000007bcd25698,0x00000007c0000000)
  to   space 116224K, 0% used [0x00000007b1d00000,0x00000007b1d00000,0x00000007b8e80000)
 ParOldGen       total 410624K, used 146780K [0x0000000700000000, 0x0000000719100000, 0x0000000780000000)
  object space 410624K, 35% used [0x0000000700000000,0x0000000708f57260,0x0000000719100000)
 Metaspace       used 101206K, capacity 101834K, committed 102016K, reserved 1132544K
  class space    used 18849K, capacity 19026K, committed 19072K, reserved 1048576K
}
Event: 41.035 GC heap before
{Heap before GC invocations=16 (full 3):
 PSYoungGen      total 932352K, used 880277K [0x0000000780000000, 0x00000007c0000000, 0x00000007c0000000)
  eden space 816128K, 100% used [0x0000000780000000,0x00000007b1d00000,0x00000007b1d00000)
  from space 116224K, 55% used [0x00000007b8e80000,0x00000007bcd25698,0x00000007c0000000)
  to   space 116224K, 0% used [0x00000007b1d00000,0x00000007b1d00000,0x00000007b8e80000)
 ParOldGen       total 410624K, used 146780K [0x0000000700000000, 0x0000000719100000, 0x0000000780000000)
  object space 410624K, 35% used [0x0000000700000000,0x0000000708f57260,0x0000000719100000)
 Metaspace       used 106121K, capacity 106704K, committed 107008K, reserved 1136640K
  class space    used 19710K, capacity 19859K, committed 19968K, reserved 1048576K
Event: 41.077 GC heap after
Heap after GC invocations=16 (full 3):
 PSYoungGen      total 885760K, used 69510K [0x0000000780000000, 0x00000007c0000000, 0x00000007c0000000)
  eden space 816128K, 0% used [0x0000000780000000,0x0000000780000000,0x00000007b1d00000)
  from space 69632K, 99% used [0x00000007b1d00000,0x00000007b60e1970,0x00000007b6100000)
  to   space 117248K, 0% used [0x00000007b8d80000,0x00000007b8d80000,0x00000007c0000000)
 ParOldGen       total 410624K, used 146788K [0x0000000700000000, 0x0000000719100000, 0x0000000780000000)
  object space 410624K, 35% used [0x0000000700000000,0x0000000708f59260,0x0000000719100000)
 Metaspace       used 106121K, capacity 106704K, committed 107008K, reserved 1136640K
  class space    used 19710K, capacity 19859K, committed 19968K, reserved 1048576K
}
Event: 48.492 GC heap before
{Heap before GC invocations=17 (full 3):
 PSYoungGen      total 885760K, used 885638K [0x0000000780000000, 0x00000007c0000000, 0x00000007c0000000)
  eden space 816128K, 100% used [0x0000000780000000,0x00000007b1d00000,0x00000007b1d00000)
  from space 69632K, 99% used [0x00000007b1d00000,0x00000007b60e1970,0x00000007b6100000)
  to   space 117248K, 0% used [0x00000007b8d80000,0x00000007b8d80000,0x00000007c0000000)
 ParOldGen       total 410624K, used 146788K [0x0000000700000000, 0x0000000719100000, 0x0000000780000000)
  object space 410624K, 35% used [0x0000000700000000,0x0000000708f59260,0x0000000719100000)
 Metaspace       used 108632K, capacity 109200K, committed 109568K, reserved 1138688K
  class space    used 20212K, capacity 20371K, committed 20480K, reserved 1048576K
Event: 48.552 GC heap after
Heap after GC invocations=17 (full 3):
 PSYoungGen      total 911872K, used 94059K [0x0000000780000000, 0x00000007c0000000, 0x00000007c0000000)
  eden space 794624K, 0% used [0x0000000780000000,0x0000000780000000,0x00000007b0800000)
  from space 117248K, 80% used [0x00000007b8d80000,0x00000007be95ad10,0x00000007c0000000)
  to   space 126976K, 0% used [0x00000007b0800000,0x00000007b0800000,0x00000007b8400000)
 ParOldGen       total 410624K, used 146796K [0x0000000700000000, 0x0000000719100000, 0x0000000780000000)
  object space 410624K, 35% used [0x0000000700000000,0x0000000708f5b260,0x0000000719100000)
 Metaspace       used 108632K, capacity 109200K, committed 109568K, reserved 1138688K
  class space    used 20212K, capacity 20371K, committed 20480K, reserved 1048576K
}

Deoptimization events (10 events):
Event: 53.368 Thread 0x00007f8ed8305000 Uncommon trap: reason=bimorphic action=maybe_recompile pc=0x0000000106b1e300 method=scala.tools.nsc.transform.Erasure$Eraser.typed1(Lscala/reflect/internal/Trees$Tree;ILscala/reflect/internal/Types$Type;)Lscala/reflect/internal/Trees$Tree; @ 727
Event: 53.415 Thread 0x00007f8ed8305000 Uncommon trap: reason=unreached action=reinterpret pc=0x00000001079b9400 method=scala.tools.nsc.transform.Erasure$Eraser.adaptMember(Lscala/reflect/internal/Trees$Tree;)Lscala/reflect/internal/Trees$Tree; @ 1756
Event: 53.668 Thread 0x00007f8ed8305000 Uncommon trap: reason=class_check action=maybe_recompile pc=0x0000000106e8f154 method=scala.tools.nsc.transform.Erasure$ErasureTransformer$$anon$1.preEraseApply(Lscala/reflect/internal/Trees$Apply;)Lscala/reflect/internal/Trees$Tree; @ 828
Event: 53.669 Thread 0x00007f8ed8305000 Uncommon trap: reason=class_check action=maybe_recompile pc=0x0000000106e8f154 method=scala.tools.nsc.transform.Erasure$ErasureTransformer$$anon$1.preEraseApply(Lscala/reflect/internal/Trees$Apply;)Lscala/reflect/internal/Trees$Tree; @ 828
Event: 53.673 Thread 0x00007f8ed8305000 Uncommon trap: reason=bimorphic action=maybe_recompile pc=0x0000000106b1e300 method=scala.tools.nsc.transform.Erasure$Eraser.typed1(Lscala/reflect/internal/Trees$Tree;ILscala/reflect/internal/Types$Type;)Lscala/reflect/internal/Trees$Tree; @ 727
Event: 53.673 Thread 0x00007f8ed8305000 Uncommon trap: reason=bimorphic action=maybe_recompile pc=0x0000000106b1e300 method=scala.tools.nsc.transform.Erasure$Eraser.typed1(Lscala/reflect/internal/Trees$Tree;ILscala/reflect/internal/Types$Type;)Lscala/reflect/internal/Trees$Tree; @ 727
Event: 53.880 Thread 0x00007f8ed8305000 Uncommon trap: reason=class_check action=maybe_recompile pc=0x00000001072631bc method=scala.tools.nsc.transform.Erasure$Eraser.selectFrom$1(Lscala/reflect/internal/Trees$Tree;Lscala/reflect/internal/Trees$Tree;Lscala/reflect/internal/Trees$Select;)Lscala/
Event: 53.882 Thread 0x00007f8ed8305000 Uncommon trap: reason=class_check action=maybe_recompile pc=0x00000001072631bc method=scala.tools.nsc.transform.Erasure$Eraser.selectFrom$1(Lscala/reflect/internal/Trees$Tree;Lscala/reflect/internal/Trees$Tree;Lscala/reflect/internal/Trees$Select;)Lscala/
Event: 53.896 Thread 0x00007f8ed8305000 Uncommon trap: reason=class_check action=maybe_recompile pc=0x00000001072631bc method=scala.tools.nsc.transform.Erasure$Eraser.selectFrom$1(Lscala/reflect/internal/Trees$Tree;Lscala/reflect/internal/Trees$Tree;Lscala/reflect/internal/Trees$Select;)Lscala/
Event: 53.897 Thread 0x00007f8ed8305000 Uncommon trap: reason=class_check action=maybe_recompile pc=0x00000001072631bc method=scala.tools.nsc.transform.Erasure$Eraser.selectFrom$1(Lscala/reflect/internal/Trees$Tree;Lscala/reflect/internal/Trees$Tree;Lscala/reflect/internal/Trees$Select;)Lscala/

Internal exceptions (10 events):
Event: 40.522 Thread 0x00007f8ed8305000 Exception <a 'java/security/PrivilegedActionException'> (0x00000007a61b2ff0) thrown at [/Users/java_re/workspace/8-2-build-macosx-x86_64/jdk8u31/2394/hotspot/src/share/vm/prims/jvm.cpp, line 1312]
Event: 40.522 Thread 0x00007f8ed8305000 Exception <a 'java/security/PrivilegedActionException'> (0x00000007a61b3d70) thrown at [/Users/java_re/workspace/8-2-build-macosx-x86_64/jdk8u31/2394/hotspot/src/share/vm/prims/jvm.cpp, line 1312]
Event: 40.522 Thread 0x00007f8ed8305000 Exception <a 'java/security/PrivilegedActionException'> (0x00000007a61b5868) thrown at [/Users/java_re/workspace/8-2-build-macosx-x86_64/jdk8u31/2394/hotspot/src/share/vm/prims/jvm.cpp, line 1312]
Event: 40.522 Thread 0x00007f8ed8305000 Exception <a 'java/security/PrivilegedActionException'> (0x00000007a61b9a48) thrown at [/Users/java_re/workspace/8-2-build-macosx-x86_64/jdk8u31/2394/hotspot/src/share/vm/prims/jvm.cpp, line 1312]
Event: 40.522 Thread 0x00007f8ed8305000 Exception <a 'java/security/PrivilegedActionException'> (0x00000007a61ba748) thrown at [/Users/java_re/workspace/8-2-build-macosx-x86_64/jdk8u31/2394/hotspot/src/share/vm/prims/jvm.cpp, line 1312]
Event: 40.522 Thread 0x00007f8ed8305000 Exception <a 'java/security/PrivilegedActionException'> (0x00000007a61bc080) thrown at [/Users/java_re/workspace/8-2-build-macosx-x86_64/jdk8u31/2394/hotspot/src/share/vm/prims/jvm.cpp, line 1312]
Event: 42.896 Thread 0x00007f8ed8305000 Implicit null exception at 0x0000000105d64e83 to 0x0000000105d65d9d
Event: 47.549 Thread 0x00007f8ed8305000 Implicit null exception at 0x0000000105ca435a to 0x0000000105ca4929
Event: 47.569 Thread 0x00007f8ed8305000 Implicit null exception at 0x00000001056a9728 to 0x00000001056a9bc9
Event: 48.556 Thread 0x00007f8ed8305000 Implicit null exception at 0x0000000107789fc2 to 0x000000010778a0d9

Events (10 events):
Event: 53.880 Thread 0x00007f8ed8305000 DEOPT UNPACKING pc=0x0000000103323f69 sp=0x0000000123c38c08 mode 2
Event: 53.882 Thread 0x00007f8ed8305000 Uncommon trap: trap_request=0xffffffde fr.pc=0x00000001072631bc
Event: 53.882 Thread 0x00007f8ed8305000 DEOPT PACKING pc=0x00000001072631bc sp=0x0000000123c3cff0
Event: 53.882 Thread 0x00007f8ed8305000 DEOPT UNPACKING pc=0x0000000103323f69 sp=0x0000000123c3cfc8 mode 2
Event: 53.896 Thread 0x00007f8ed8305000 Uncommon trap: trap_request=0xffffffde fr.pc=0x00000001072631bc
Event: 53.896 Thread 0x00007f8ed8305000 DEOPT PACKING pc=0x00000001072631bc sp=0x0000000123c3cff0
Event: 53.896 Thread 0x00007f8ed8305000 DEOPT UNPACKING pc=0x0000000103323f69 sp=0x0000000123c3cfc8 mode 2
Event: 53.897 Thread 0x00007f8ed8305000 Uncommon trap: trap_request=0xffffffde fr.pc=0x00000001072631bc
Event: 53.897 Thread 0x00007f8ed8305000 DEOPT PACKING pc=0x00000001072631bc sp=0x0000000123c3bd90
Event: 53.897 Thread 0x00007f8ed8305000 DEOPT UNPACKING pc=0x0000000103323f69 sp=0x0000000123c3bd68 mode 2


Dynamic libraries:
0x000000000c36d000 	/System/Library/Frameworks/Cocoa.framework/Versions/A/Cocoa
0x000000000c36d000 	/System/Library/Frameworks/Security.framework/Versions/A/Security
0x000000000c36d000 	/System/Library/Frameworks/ApplicationServices.framework/Versions/A/ApplicationServices
0x000000000c36d000 	/usr/lib/libz.1.dylib
0x000000000c36d000 	/usr/lib/libSystem.B.dylib
0x000000000c36d000 	/usr/lib/libobjc.A.dylib
0x000000000c36d000 	/System/Library/Frameworks/CoreFoundation.framework/Versions/A/CoreFoundation
0x000000000c36d000 	/System/Library/Frameworks/Foundation.framework/Versions/C/Foundation
0x000000000c36d000 	/System/Library/Frameworks/AppKit.framework/Versions/C/AppKit
0x000000000c36d000 	/System/Library/Frameworks/CoreData.framework/Versions/A/CoreData
0x000000000c36d000 	/System/Library/PrivateFrameworks/RemoteViewServices.framework/Versions/A/RemoteViewServices
0x000000000c36d000 	/System/Library/PrivateFrameworks/UIFoundation.framework/Versions/A/UIFoundation
0x000000000c36d000 	/System/Library/Frameworks/IOSurface.framework/Versions/A/IOSurface
0x000000000c36d000 	/System/Library/Frameworks/AudioToolbox.framework/Versions/A/AudioToolbox
0x000000000c36d000 	/System/Library/Frameworks/AudioUnit.framework/Versions/A/AudioUnit
0x000000000c36d000 	/System/Library/PrivateFrameworks/DataDetectorsCore.framework/Versions/A/DataDetectorsCore
0x000000000c36d000 	/System/Library/PrivateFrameworks/DesktopServicesPriv.framework/Versions/A/DesktopServicesPriv
0x000000000c36d000 	/System/Library/Frameworks/Carbon.framework/Versions/A/Frameworks/HIToolbox.framework/Versions/A/HIToolbox
0x000000000c36d000 	/System/Library/Frameworks/QuartzCore.framework/Versions/A/QuartzCore
0x000000000c36d000 	/System/Library/Frameworks/Carbon.framework/Versions/A/Frameworks/SpeechRecognition.framework/Versions/A/SpeechRecognition
0x000000000c36d000 	/usr/lib/libauto.dylib
0x000000000c36d000 	/usr/lib/libicucore.A.dylib
0x000000000c36d000 	/usr/lib/libxml2.2.dylib
0x000000000c36d000 	/System/Library/PrivateFrameworks/CoreUI.framework/Versions/A/CoreUI
0x000000000c36d000 	/System/Library/Frameworks/CoreAudio.framework/Versions/A/CoreAudio
0x000000000c36d000 	/System/Library/Frameworks/DiskArbitration.framework/Versions/A/DiskArbitration
0x000000000c36d000 	/usr/lib/liblangid.dylib
0x000000000c36d000 	/System/Library/PrivateFrameworks/MultitouchSupport.framework/Versions/A/MultitouchSupport
0x000000000c36d000 	/System/Library/Frameworks/IOKit.framework/Versions/A/IOKit
0x000000000c36d000 	/usr/lib/libDiagnosticMessagesClient.dylib
0x000000000c36d000 	/System/Library/Frameworks/CoreServices.framework/Versions/A/CoreServices
0x000000000c36d000 	/System/Library/PrivateFrameworks/PerformanceAnalysis.framework/Versions/A/PerformanceAnalysis
0x000000000c36d000 	/System/Library/PrivateFrameworks/GenerationalStorage.framework/Versions/A/GenerationalStorage
0x000000000c36d000 	/System/Library/Frameworks/OpenGL.framework/Versions/A/OpenGL
0x000000000c36d000 	/System/Library/PrivateFrameworks/Sharing.framework/Versions/A/Sharing
0x000000000c36d000 	/System/Library/Frameworks/CoreGraphics.framework/Versions/A/CoreGraphics
0x000000000c36d000 	/System/Library/Frameworks/CoreText.framework/Versions/A/CoreText
0x000000000c36d000 	/System/Library/Frameworks/ImageIO.framework/Versions/A/ImageIO
0x000000000c36d000 	/usr/lib/libextension.dylib
0x000000000c36d000 	/System/Library/PrivateFrameworks/Backup.framework/Versions/A/Backup
0x000000000c36d000 	/usr/lib/libarchive.2.dylib
0x000000000c36d000 	/System/Library/Frameworks/CFNetwork.framework/Versions/A/CFNetwork
0x000000000c36d000 	/System/Library/Frameworks/SystemConfiguration.framework/Versions/A/SystemConfiguration
0x000000000c36d000 	/usr/lib/libCRFSuite.dylib
0x000000000c36d000 	/usr/lib/libc++.1.dylib
0x000000000c36d000 	/usr/lib/libc++abi.dylib
0x000000000c36d000 	/usr/lib/system/libcache.dylib
0x000000000c36d000 	/usr/lib/system/libcommonCrypto.dylib
0x000000000c36d000 	/usr/lib/system/libcompiler_rt.dylib
0x000000000c36d000 	/usr/lib/system/libcopyfile.dylib
0x000000000c36d000 	/usr/lib/system/libcorecrypto.dylib
0x000000000c36d000 	/usr/lib/system/libdispatch.dylib
0x000000000c36d000 	/usr/lib/system/libdyld.dylib
0x000000000c36d000 	/usr/lib/system/libkeymgr.dylib
0x000000000c36d000 	/usr/lib/system/liblaunch.dylib
0x000000000c36d000 	/usr/lib/system/libmacho.dylib
0x000000000c36d000 	/usr/lib/system/libquarantine.dylib
0x000000000c36d000 	/usr/lib/system/libremovefile.dylib
0x000000000c36d000 	/usr/lib/system/libsystem_asl.dylib
0x000000000c36d000 	/usr/lib/system/libsystem_blocks.dylib
0x000000000c36d000 	/usr/lib/system/libsystem_c.dylib
0x000000000c36d000 	/usr/lib/system/libsystem_configuration.dylib
0x000000000c36d000 	/usr/lib/system/libsystem_coreservices.dylib
0x000000000c36d000 	/usr/lib/system/libsystem_coretls.dylib
0x000000000c36d000 	/usr/lib/system/libsystem_dnssd.dylib
0x000000000c36d000 	/usr/lib/system/libsystem_info.dylib
0x000000000c36d000 	/usr/lib/system/libsystem_kernel.dylib
0x000000000c36d000 	/usr/lib/system/libsystem_m.dylib
0x000000000c36d000 	/usr/lib/system/libsystem_malloc.dylib
0x000000000c36d000 	/usr/lib/system/libsystem_network.dylib
0x000000000c36d000 	/usr/lib/system/libsystem_networkextension.dylib
0x000000000c36d000 	/usr/lib/system/libsystem_notify.dylib
0x000000000c36d000 	/usr/lib/system/libsystem_platform.dylib
0x000000000c36d000 	/usr/lib/system/libsystem_pthread.dylib
0x000000000c36d000 	/usr/lib/system/libsystem_sandbox.dylib
0x000000000c36d000 	/usr/lib/system/libsystem_secinit.dylib
0x000000000c36d000 	/usr/lib/system/libsystem_stats.dylib
0x000000000c36d000 	/usr/lib/system/libsystem_trace.dylib
0x000000000c36d000 	/usr/lib/system/libunc.dylib
0x000000000c36d000 	/usr/lib/system/libunwind.dylib
0x000000000c36d000 	/usr/lib/system/libxpc.dylib
0x000000000c36d000 	/usr/lib/libbz2.1.0.dylib
0x000000000c36d000 	/usr/lib/liblzma.5.dylib
0x000000000c36d000 	/usr/lib/libbsm.0.dylib
0x000000000c36d000 	/usr/lib/libsqlite3.dylib
0x000000000c36d000 	/usr/lib/system/libkxld.dylib
0x000000000c36d000 	/usr/lib/libxar.1.dylib
0x000000000c36d000 	/usr/lib/libpam.2.dylib
0x000000000c36d000 	/usr/lib/libOpenScriptingUtil.dylib
0x000000000c36d000 	/System/Library/Frameworks/CoreServices.framework/Versions/A/Frameworks/FSEvents.framework/Versions/A/FSEvents
0x000000000c36d000 	/System/Library/Frameworks/CoreServices.framework/Versions/A/Frameworks/CarbonCore.framework/Versions/A/CarbonCore
0x000000000c36d000 	/System/Library/Frameworks/CoreServices.framework/Versions/A/Frameworks/Metadata.framework/Versions/A/Metadata
0x000000000c36d000 	/System/Library/Frameworks/CoreServices.framework/Versions/A/Frameworks/OSServices.framework/Versions/A/OSServices
0x000000000c36d000 	/System/Library/Frameworks/CoreServices.framework/Versions/A/Frameworks/SearchKit.framework/Versions/A/SearchKit
0x000000000c36d000 	/System/Library/Frameworks/CoreServices.framework/Versions/A/Frameworks/AE.framework/Versions/A/AE
0x000000000c36d000 	/System/Library/Frameworks/CoreServices.framework/Versions/A/Frameworks/LaunchServices.framework/Versions/A/LaunchServices
0x000000000c36d000 	/System/Library/Frameworks/CoreServices.framework/Versions/A/Frameworks/DictionaryServices.framework/Versions/A/DictionaryServices
0x000000000c36d000 	/System/Library/Frameworks/NetFS.framework/Versions/A/NetFS
0x000000000c36d000 	/System/Library/PrivateFrameworks/NetAuth.framework/Versions/A/NetAuth
0x000000000c36d000 	/System/Library/PrivateFrameworks/login.framework/Versions/A/Frameworks/loginsupport.framework/Versions/A/loginsupport
0x000000000c36d000 	/System/Library/PrivateFrameworks/TCC.framework/Versions/A/TCC
0x000000000c36d000 	/usr/lib/libmecabra.dylib
0x000000000c36d000 	/System/Library/Frameworks/ApplicationServices.framework/Versions/A/Frameworks/ATS.framework/Versions/A/ATS
0x000000000c36d000 	/System/Library/Frameworks/ApplicationServices.framework/Versions/A/Frameworks/ColorSync.framework/Versions/A/ColorSync
0x000000000c36d000 	/System/Library/Frameworks/ApplicationServices.framework/Versions/A/Frameworks/HIServices.framework/Versions/A/HIServices
0x000000000c36d000 	/System/Library/Frameworks/ApplicationServices.framework/Versions/A/Frameworks/LangAnalysis.framework/Versions/A/LangAnalysis
0x000000000c36d000 	/System/Library/Frameworks/ApplicationServices.framework/Versions/A/Frameworks/PrintCore.framework/Versions/A/PrintCore
0x000000000c36d000 	/System/Library/Frameworks/ApplicationServices.framework/Versions/A/Frameworks/QD.framework/Versions/A/QD
0x000000000c36d000 	/System/Library/Frameworks/ApplicationServices.framework/Versions/A/Frameworks/SpeechSynthesis.framework/Versions/A/SpeechSynthesis
0x000000000c36d000 	/System/Library/Frameworks/Accelerate.framework/Versions/A/Accelerate
0x000000000c36d000 	/System/Library/Frameworks/Accelerate.framework/Versions/A/Frameworks/vImage.framework/Versions/A/vImage
0x000000000c36d000 	/System/Library/Frameworks/Accelerate.framework/Versions/A/Frameworks/vecLib.framework/Versions/A/vecLib
0x000000000c36d000 	/System/Library/Frameworks/Accelerate.framework/Versions/A/Frameworks/vecLib.framework/Versions/A/libvDSP.dylib
0x000000000c36d000 	/System/Library/Frameworks/Accelerate.framework/Versions/A/Frameworks/vecLib.framework/Versions/A/libvMisc.dylib
0x000000000c36d000 	/System/Library/Frameworks/Accelerate.framework/Versions/A/Frameworks/vecLib.framework/Versions/A/libLAPACK.dylib
0x000000000c36d000 	/System/Library/Frameworks/Accelerate.framework/Versions/A/Frameworks/vecLib.framework/Versions/A/libBLAS.dylib
0x000000000c36d000 	/System/Library/Frameworks/Accelerate.framework/Versions/A/Frameworks/vecLib.framework/Versions/A/libLinearAlgebra.dylib
0x000000000c36d000 	/System/Library/Frameworks/ApplicationServices.framework/Versions/A/Frameworks/ATS.framework/Versions/A/Resources/libFontParser.dylib
0x000000000c36d000 	/System/Library/Frameworks/ApplicationServices.framework/Versions/A/Frameworks/ATS.framework/Versions/A/Resources/libFontRegistry.dylib
0x000000000c36d000 	/System/Library/PrivateFrameworks/AppleVPA.framework/Versions/A/AppleVPA
0x000000000c36d000 	/System/Library/PrivateFrameworks/AppleJPEG.framework/Versions/A/AppleJPEG
0x000000000c36d000 	/System/Library/Frameworks/ImageIO.framework/Versions/A/Resources/libJPEG.dylib
0x000000000c36d000 	/System/Library/Frameworks/ImageIO.framework/Versions/A/Resources/libTIFF.dylib
0x000000000c36d000 	/System/Library/Frameworks/ImageIO.framework/Versions/A/Resources/libPng.dylib
0x000000000c36d000 	/System/Library/Frameworks/ImageIO.framework/Versions/A/Resources/libGIF.dylib
0x000000000c36d000 	/System/Library/Frameworks/ImageIO.framework/Versions/A/Resources/libJP2.dylib
0x000000000c36d000 	/System/Library/Frameworks/ImageIO.framework/Versions/A/Resources/libRadiance.dylib
0x000000000c36d000 	/System/Library/Frameworks/CoreVideo.framework/Versions/A/CoreVideo
0x000000000c36d000 	/System/Library/Frameworks/OpenGL.framework/Versions/A/Libraries/libGLU.dylib
0x000000000c36d000 	/System/Library/Frameworks/OpenGL.framework/Versions/A/Libraries/libGFXShared.dylib
0x000000000c36d000 	/System/Library/Frameworks/OpenGL.framework/Versions/A/Libraries/libGL.dylib
0x000000000c36d000 	/System/Library/Frameworks/OpenGL.framework/Versions/A/Libraries/libGLImage.dylib
0x000000000c36d000 	/System/Library/Frameworks/OpenGL.framework/Versions/A/Libraries/libCVMSPluginSupport.dylib
0x000000000c36d000 	/System/Library/Frameworks/OpenGL.framework/Versions/A/Libraries/libCoreVMClient.dylib
0x000000000c36d000 	/usr/lib/libcups.2.dylib
0x000000000c36d000 	/System/Library/Frameworks/Kerberos.framework/Versions/A/Kerberos
0x000000000c36d000 	/System/Library/Frameworks/GSS.framework/Versions/A/GSS
0x000000000c36d000 	/usr/lib/libresolv.9.dylib
0x000000000c36d000 	/usr/lib/libiconv.2.dylib
0x000000000c36d000 	/System/Library/PrivateFrameworks/Heimdal.framework/Versions/A/Heimdal
0x000000000c36d000 	/usr/lib/libheimdal-asn1.dylib
0x000000000c36d000 	/System/Library/Frameworks/OpenDirectory.framework/Versions/A/OpenDirectory
0x000000000c36d000 	/System/Library/PrivateFrameworks/CommonAuth.framework/Versions/A/CommonAuth
0x000000000c36d000 	/System/Library/Frameworks/OpenDirectory.framework/Versions/A/Frameworks/CFOpenDirectory.framework/Versions/A/CFOpenDirectory
0x000000000c36d000 	/System/Library/Frameworks/SecurityFoundation.framework/Versions/A/SecurityFoundation
0x000000000c36d000 	/System/Library/PrivateFrameworks/LanguageModeling.framework/Versions/A/LanguageModeling
0x000000000c36d000 	/usr/lib/libcmph.dylib
0x000000000c36d000 	/System/Library/Frameworks/ServiceManagement.framework/Versions/A/ServiceManagement
0x000000000c36d000 	/usr/lib/libxslt.1.dylib
0x000000000c36d000 	/System/Library/Frameworks/Carbon.framework/Versions/A/Frameworks/Ink.framework/Versions/A/Ink
0x000000000c36d000 	/System/Library/Frameworks/QuartzCore.framework/Versions/A/Frameworks/CoreImage.framework/Versions/A/CoreImage
0x000000000c36d000 	/System/Library/PrivateFrameworks/CrashReporterSupport.framework/Versions/A/CrashReporterSupport
0x000000000c36d000 	/System/Library/Frameworks/OpenCL.framework/Versions/A/OpenCL
0x000000000c36d000 	/System/Library/PrivateFrameworks/FaceCore.framework/Versions/A/FaceCore
0x000000000c36d000 	/System/Library/PrivateFrameworks/Ubiquity.framework/Versions/A/Ubiquity
0x000000000c36d000 	/System/Library/PrivateFrameworks/IconServices.framework/Versions/A/IconServices
0x000000000c36d000 	/System/Library/PrivateFrameworks/ChunkingLibrary.framework/Versions/A/ChunkingLibrary
0x000000000c36d000 	/System/Library/PrivateFrameworks/Apple80211.framework/Versions/A/Apple80211
0x000000000c36d000 	/System/Library/Frameworks/CoreWLAN.framework/Versions/A/CoreWLAN
0x000000000c36d000 	/System/Library/Frameworks/IOBluetooth.framework/Versions/A/IOBluetooth
0x000000000c36d000 	/System/Library/PrivateFrameworks/CoreWiFi.framework/Versions/A/CoreWiFi
0x000000000c36d000 	/System/Library/Frameworks/CoreBluetooth.framework/Versions/A/CoreBluetooth
0x000000000c36d000 	/System/Library/PrivateFrameworks/DebugSymbols.framework/Versions/A/DebugSymbols
0x000000000c36d000 	/System/Library/PrivateFrameworks/CoreSymbolication.framework/Versions/A/CoreSymbolication
0x000000000c36d000 	/System/Library/PrivateFrameworks/Symbolication.framework/Versions/A/Symbolication
0x000000000c36d000 	/System/Library/PrivateFrameworks/SpeechRecognitionCore.framework/Versions/A/SpeechRecognitionCore
0x0000000102400000 	/Library/Java/JavaVirtualMachines/jdk1.8.0_31.jdk/Contents/Home/jre/lib/server/libjvm.dylib
0x000000000c36d000 	/usr/lib/libstdc++.6.dylib
0x00000001013ab000 	/Library/Java/JavaVirtualMachines/jdk1.8.0_31.jdk/Contents/Home/jre/lib/libverify.dylib
0x00000001013b9000 	/Library/Java/JavaVirtualMachines/jdk1.8.0_31.jdk/Contents/Home/jre/lib/libjava.dylib
0x00000001013f7000 	/Library/Java/JavaVirtualMachines/jdk1.8.0_31.jdk/Contents/Home/jre/lib/libzip.dylib
0x000000011c961000 	/System/Library/Frameworks/JavaVM.framework/Frameworks/JavaRuntimeSupport.framework/JavaRuntimeSupport
0x000000011c977000 	/System/Library/Frameworks/JavaVM.framework/Versions/A/Frameworks/JavaNativeFoundation.framework/Versions/A/JavaNativeFoundation
0x000000011c98b000 	/System/Library/Frameworks/JavaVM.framework/Versions/A/JavaVM
0x000000000c36d000 	/System/Library/Frameworks/Carbon.framework/Versions/A/Carbon
0x000000011c997000 	/System/Library/PrivateFrameworks/JavaLaunching.framework/Versions/A/JavaLaunching
0x000000000c36d000 	/System/Library/Frameworks/Carbon.framework/Versions/A/Frameworks/CommonPanels.framework/Versions/A/CommonPanels
0x000000000c36d000 	/System/Library/Frameworks/Carbon.framework/Versions/A/Frameworks/Help.framework/Versions/A/Help
0x000000000c36d000 	/System/Library/Frameworks/Carbon.framework/Versions/A/Frameworks/ImageCapture.framework/Versions/A/ImageCapture
0x000000000c36d000 	/System/Library/Frameworks/Carbon.framework/Versions/A/Frameworks/OpenScripting.framework/Versions/A/OpenScripting
0x000000000c36d000 	/System/Library/Frameworks/Carbon.framework/Versions/A/Frameworks/Print.framework/Versions/A/Print
0x000000000c36d000 	/System/Library/Frameworks/Carbon.framework/Versions/A/Frameworks/SecurityHI.framework/Versions/A/SecurityHI
0x000000011e9b1000 	/Library/Java/JavaVirtualMachines/jdk1.8.0_31.jdk/Contents/Home/jre/lib/libnet.dylib
0x000000011ea10000 	/Library/Java/JavaVirtualMachines/jdk1.8.0_31.jdk/Contents/Home/jre/lib/libnio.dylib

VM Arguments:
jvm_args: -Dactivator.home=/usr/local/Cellar/typesafe-activator/1.2.10/libexec -Xms1024m -Xmx1024m -XX:MetaspaceSize=64m -XX:MaxMetaspaceSize=256m -Xms512M -Xmx3072M -XX:MaxHeapSize=3072M -Dcarers.keystore=/Users/edmundreed/Documents/projects/carers/carerskeystore 
java_command: /usr/local/Cellar/typesafe-activator/1.2.10/libexec/activator-launch-1.2.10.jar clean compile
java_class_path (initial): /usr/local/Cellar/typesafe-activator/1.2.10/libexec/activator-launch-1.2.10.jar
Launcher Type: SUN_STANDARD

Environment Variables:
_JAVA_OPTIONS=-Xms512M -Xmx3072M -XX:MaxHeapSize=3072M -Dcarers.keystore=/Users/edmundreed/Documents/projects/carers/carerskeystore
PATH=/usr/local/bin:/usr/bin:/bin:/usr/sbin:/sbin:/usr/local/sbin
SHELL=/bin/bash

Signal Handlers:
SIGSEGV: [libjvm.dylib+0x57a0e7], sa_mask[0]=11111111011111110111111111111111, sa_flags=SA_ONSTACK|SA_RESTART|SA_SIGINFO
SIGBUS: [libjvm.dylib+0x57a0e7], sa_mask[0]=11111111011111110111111111111111, sa_flags=SA_RESTART|SA_SIGINFO
SIGFPE: [libjvm.dylib+0x45af24], sa_mask[0]=11111111011111110111111111111111, sa_flags=SA_RESTART|SA_SIGINFO
SIGPIPE: [libjvm.dylib+0x45af24], sa_mask[0]=11111111011111110111111111111111, sa_flags=SA_RESTART|SA_SIGINFO
SIGXFSZ: [libjvm.dylib+0x45af24], sa_mask[0]=11111111011111110111111111111111, sa_flags=SA_RESTART|SA_SIGINFO
SIGILL: [libjvm.dylib+0x45af24], sa_mask[0]=11111111011111110111111111111111, sa_flags=SA_RESTART|SA_SIGINFO
SIGUSR1: SIG_DFL, sa_mask[0]=11011111011111100000000111000110, sa_flags=none
SIGUSR2: [libjvm.dylib+0x45aa42], sa_mask[0]=00000000000000000000000000000000, sa_flags=SA_RESTART|SA_SIGINFO
SIGHUP: [libjvm.dylib+0x459015], sa_mask[0]=11111111011111110111111111111111, sa_flags=SA_RESTART|SA_SIGINFO
SIGINT: [libjvm.dylib+0x459015], sa_mask[0]=11111111011111110111111111111111, sa_flags=SA_RESTART|SA_SIGINFO
SIGTERM: [libjvm.dylib+0x459015], sa_mask[0]=11111111011111110111111111111111, sa_flags=SA_RESTART|SA_SIGINFO
SIGQUIT: [libjvm.dylib+0x459015], sa_mask[0]=11111111011111110111111111111111, sa_flags=SA_RESTART|SA_SIGINFO


---------------  S Y S T E M  ---------------

OS:Bsduname:Darwin 14.4.0 Darwin Kernel Version 14.4.0: Thu May 28 11:35:04 PDT 2015; root:xnu-2782.30.5~1/RELEASE_X86_64 x86_64
rlimit: STACK 8192k, CORE 0k, NPROC 709, NOFILE 10240, AS infinity
load average:5.24 4.29 3.37

CPU:total 8 (4 cores per cpu, 2 threads per core) family 6 model 70 stepping 1, cmov, cx8, fxsr, mmx, sse, sse2, sse3, ssse3, sse4.1, sse4.2, popcnt, avx, avx2, aes, clmul, erms, lzcnt, ht, tsc, tscinvbit, bmi1, bmi2

Memory: 4k page, physical 16777216k(747892k free)

/proc/meminfo:


vm_info: Java HotSpot(TM) 64-Bit Server VM (25.31-b07) for bsd-amd64 JRE (1.8.0_31-b13), built on Dec 17 2014 20:45:36 by "java_re" with gcc 4.2.1 (Based on Apple Inc. build 5658) (LLVM build 2336.11.00)

time: Tue Sep  1 00:09:12 2015
elapsed time: 53 seconds (0d 0h 0m 53s)

