#
# A fatal error has been detected by the Java Runtime Environment:
#
#  SIGSEGV (0xb) at pc=0x0000000103313b40, pid=22749, tid=12547
#
# JRE version: Java(TM) SE Runtime Environment (8.0_31-b13) (build 1.8.0_31-b13)
# Java VM: Java HotSpot(TM) 64-Bit Server VM (25.31-b07 mixed mode bsd-amd64 compressed oops)
# Problematic frame:
# V  [libjvm.dylib+0x49ab40]  PSPromotionFailedClosure::do_object(oopDesc*)+0x4
#
# Failed to write core dump. Core dumps have been disabled. To enable core dumping, try "ulimit -c unlimited" before starting Java again
#
# If you would like to submit a bug report, please visit:
#   http://bugreport.java.com/bugreport/crash.jsp
#

---------------  T H R E A D  ---------------

Current thread (0x00007f9c9185e800):  VMThread [stack: 0x000000011e246000,0x000000011e346000] [id=12547]

siginfo: si_signo: 11 (SIGSEGV), si_code: 1 (SEGV_MAPERR), si_addr: 0x00000006ec5ce638

Registers:
RAX=0x00000001036637e0, RBX=0x00000006ec5ce638, RCX=0xffffffff58000074, RDX=0x0000000758000073
RSP=0x000000011e345570, RBP=0x000000011e345570, RSI=0x00000006ec5ce638, RDI=0x000000011e3455d0
R8 =0x00000000f800016d, R9 =0x000000011e345a90, R10=0x00000007acbc8fb8, R11=0x0000000026477578
R12=0x00007f9c92b3d9e0, R13=0x00007f9c91423f10, R14=0x000000011e3455d0, R15=0x00007f9c93009330
RIP=0x0000000103313b40, EFLAGS=0x0000000000010283, ERR=0x0000000000000004
  TRAPNO=0x000000000000000e

Top of Stack: (sp=0x000000011e345570)
0x000000011e345570:   000000011e3455a0 00000001032b11dc
0x000000011e345580:   000000011e3455f0 000000011e3455d0
0x000000011e345590:   00007f9c93009180 0000000000000000
0x000000011e3455a0:   000000011e3455c0 0000000103315cc2
0x000000011e3455b0:   00007f9c93009180 00007f9c91423d30
0x000000011e3455c0:   000000011e345630 000000010331229a
0x000000011e3455d0:   00000001036637e0 0000000103310800
0x000000011e3455e0:   00007f9c9142d160 00007f9c92b3d400
0x000000011e3455f0:   00007f9c92b3da40 00007f9c92b453e8
0x000000011e345600:   00000000000083b0 000000011e345728
0x000000011e345610:   000000011e345728 00007f9c92b3d9e0
0x000000011e345620:   00007f9c91423d30 0000000000000000
0x000000011e345630:   000000011e345ac0 0000000103312fbc
0x000000011e345640:   0000000103717880 00007f9c00000001
0x000000011e345650:   0000003000000001 0000000000000001
0x000000011e345660:   000000001a7bcc78 000000001cb43d90
0x000000011e345670:   00007f9c9185e400 0000000002387118
0x000000011e345680:   0000000a00000010 00007f9c93009180
0x000000011e345690:   00007f9c93008d50 00007f9c9300a1b0
0x000000011e3456a0:   00007f9c93009210 0000000100c395b8
0x000000011e3456b0:   0000003000000010 000000011e345c50
0x000000011e3456c0:   000000011e345b70 00000001030dc690
0x000000011e3456d0:   00007f9c95a30828 000000011e345780
0x000000011e3456e0:   00005870cfece876 000000011e345820
0x000000011e3456f0:   00007fff7e12d6b8 000000010344fe00
0x000000011e345700:   ffffffffffffffff 0000000000000000
0x000000011e345710:   0000000103663800 00007fff97500900
0x000000011e345720:   00007f9c9185e400 000000010344e5aa
0x000000011e345730:   0000000124ed0000 0000000103717880
0x000000011e345740:   00000007c3d0fb90 0000000000000000
0x000000011e345750:   00000001037176c0 0000000000000000
0x000000011e345760:   0000000000000011 0000000000000c97 

Instructions: (pc=0x0000000103313b40)
0x0000000103313b20:   18 aa 13 00 48 8d 0d 46 aa 13 00 e8 17 fe d3 ff
0x0000000103313b30:   48 83 c4 08 5b 5d e9 32 e4 fb ff 90 55 48 89 e5
0x0000000103313b40:   48 8b 06 48 83 e0 03 48 83 f8 03 75 37 48 8d 05
0x0000000103313b50:   90 aa 3f 00 80 38 00 74 15 48 8d 05 80 82 35 00 

Register to memory mapping:

RAX=0x00000001036637e0: _ZTV24PSPromotionFailedClosure+0x10 in /Library/Java/JavaVirtualMachines/jdk1.8.0_31.jdk/Contents/Home/jre/lib/server/libjvm.dylib at 0x0000000102e79000
RBX=0x00000006ec5ce638 is an unknown value
RCX=0xffffffff58000074 is an unknown value
RDX=
[error occurred during error reporting (printing register info), id 0xb]

Stack: [0x000000011e246000,0x000000011e346000],  sp=0x000000011e345570,  free space=1021k
Native frames: (J=compiled Java code, j=interpreted, Vv=VM code, C=native code)
V  [libjvm.dylib+0x49ab40]  PSPromotionFailedClosure::do_object(oopDesc*)+0x4
V  [libjvm.dylib+0x4381dc]  MutableSpace::object_iterate(ObjectClosure*)+0x28
V  [libjvm.dylib+0x49ccc2]  PSYoungGen::object_iterate(ObjectClosure*)+0x1a
V  [libjvm.dylib+0x49929a]  PSScavenge::clean_up_failed_promotion()+0x72
V  [libjvm.dylib+0x499fbc]  PSScavenge::invoke_no_policy()+0xb4a
V  [libjvm.dylib+0x49a756]  PSScavenge::invoke()+0x32
V  [libjvm.dylib+0x46f4bf]  ParallelScavengeHeap::failed_mem_allocate(unsigned long)+0x27
V  [libjvm.dylib+0x57aa10]  VM_ParallelGCFailedAllocation::doit()+0x4a
V  [libjvm.dylib+0x580f41]  VM_Operation::evaluate()+0x4f
V  [libjvm.dylib+0x57f5b3]  VMThread::evaluate_operation(VM_Operation*)+0xdf
V  [libjvm.dylib+0x57fa00]  VMThread::loop()+0x328
V  [libjvm.dylib+0x57f31f]  VMThread::run()+0x79
V  [libjvm.dylib+0x45d772]  java_start(Thread*)+0xf6
C  [libsystem_pthread.dylib+0x3268]  _pthread_body+0x83
C  [libsystem_pthread.dylib+0x31e5]  _pthread_body+0x0
C  [libsystem_pthread.dylib+0x141d]  thread_start+0xd

VM_Operation (0x00000001252d6d78): ParallelGCFailedAllocation, mode: safepoint, requested by thread 0x00007f9c981ff800


---------------  P R O C E S S  ---------------

Java Threads: ( => current thread )
  0x00007f9c95bc7800 JavaThread "pool-6-thread-8" [_thread_blocked, id=26627, stack(0x0000000125868000,0x0000000125968000)]
  0x00007f9c928a7000 JavaThread "pool-6-thread-7" [_thread_blocked, id=26115, stack(0x0000000125765000,0x0000000125865000)]
  0x00007f9c973b6800 JavaThread "pool-6-thread-6" [_thread_in_native, id=25603, stack(0x0000000125549000,0x0000000125649000)]
  0x00007f9c981ff800 JavaThread "pool-6-thread-5" [_thread_blocked, id=25091, stack(0x00000001251d9000,0x00000001252d9000)]
  0x00007f9c98870000 JavaThread "pool-6-thread-4" [_thread_blocked, id=24599, stack(0x00000001250d6000,0x00000001251d6000)]
  0x00007f9c951dc800 JavaThread "pool-6-thread-3" [_thread_blocked, id=23063, stack(0x0000000124dd3000,0x0000000124ed3000)]
  0x00007f9c95f27800 JavaThread "pool-6-thread-2" [_thread_blocked, id=22287, stack(0x0000000124cd0000,0x0000000124dd0000)]
  0x00007f9c951db000 JavaThread "pool-6-thread-1" [_thread_blocked, id=14107, stack(0x0000000121fd6000,0x00000001220d6000)]
  0x00007f9c9886c000 JavaThread "sbt-web-akka.actor.default-dispatcher-4" [_thread_blocked, id=23319, stack(0x0000000124bcd000,0x0000000124ccd000)]
  0x00007f9c9821e800 JavaThread "sbt-web-akka.actor.default-dispatcher-3" [_thread_blocked, id=15131, stack(0x0000000124711000,0x0000000124811000)]
  0x00007f9c96a20800 JavaThread "sbt-web-akka.actor.default-dispatcher-2" [_thread_blocked, id=22035, stack(0x0000000123e1a000,0x0000000123f1a000)]
  0x00007f9c99091800 JavaThread "sbt-web-scheduler-1" [_thread_blocked, id=24079, stack(0x00000001238f7000,0x00000001239f7000)]
  0x00007f9c951eb000 JavaThread "process reaper" daemon [_thread_blocked, id=21507, stack(0x000000012115f000,0x0000000121187000)]
  0x00007f9c9280d800 JavaThread "Service Thread" daemon [_thread_blocked, id=20483, stack(0x00000001202f4000,0x00000001203f4000)]
  0x00007f9c9280f800 JavaThread "C1 CompilerThread3" daemon [_thread_blocked, id=19971, stack(0x00000001201f1000,0x00000001202f1000)]
  0x00007f9c95800000 JavaThread "C2 CompilerThread2" daemon [_thread_blocked, id=19459, stack(0x00000001200ee000,0x00000001201ee000)]
  0x00007f9c94803000 JavaThread "C2 CompilerThread1" daemon [_thread_blocked, id=18947, stack(0x000000011ffeb000,0x00000001200eb000)]
  0x00007f9c94006000 JavaThread "C2 CompilerThread0" daemon [_thread_blocked, id=18435, stack(0x000000011fee8000,0x000000011ffe8000)]
  0x00007f9c95002000 JavaThread "Signal Dispatcher" daemon [_thread_blocked, id=14351, stack(0x000000011fde5000,0x000000011fee5000)]
  0x00007f9c95000000 JavaThread "Finalizer" daemon [_thread_blocked, id=13571, stack(0x000000011e44c000,0x000000011e54c000)]
  0x00007f9c92804000 JavaThread "Reference Handler" daemon [_thread_blocked, id=13059, stack(0x000000011e349000,0x000000011e449000)]
  0x00007f9c93806000 JavaThread "main" [_thread_blocked, id=3847, stack(0x0000000104e01000,0x0000000104f01000)]

Other Threads:
=>0x00007f9c9185e800 VMThread [stack: 0x000000011e246000,0x000000011e346000] [id=12547]
  0x00007f9c92000800 WatcherThread [stack: 0x00000001203f7000,0x00000001204f7000] [id=20995]

VM state:at safepoint (normal execution)

VM Mutex/Monitor currently owned by a thread:  ([mutex/lock_event])
[0x00007f9c930029f0] Threads_lock - owner thread: 0x00007f9c9185e800
[0x00007f9c93002ef0] Heap_lock - owner thread: 0x00007f9c981ff800

Heap:
 PSYoungGen      total 456192K, used 433907K [0x0000000780000000, 0x00000007adf80000, 0x00000007c0000000)
  eden space 401408K, 100% used [0x0000000780000000,0x0000000798800000,0x0000000798800000)
  from space 54784K, 59% used [0x0000000798800000,0x000000079a7bcc78,0x000000079bd80000)
  to   space 55296K, 63% used [0x00000007aa980000,0x00000007acbc8fb8,0x00000007adf80000)
 ParOldGen       total 2097152K, used 61149K [0x0000000700000000, 0x0000000780000000, 0x0000000780000000)
  object space 2097152K, 2% used [0x0000000700000000,0x0000000703bb76d8,0x0000000780000000)
 Metaspace       used 69796K, capacity 70288K, committed 70528K, reserved 1105920K
  class space    used 13242K, capacity 13396K, committed 13440K, reserved 1048576K

Card table byte_map: [0x00000001142cc000,0x00000001148cd000] byte_map_base: 0x0000000110acc000

Marking Bits: (ParMarkBitMap*) 0x0000000103717410
 Begin Bits: [0x00000001154e5000, 0x00000001184e5000)
 End Bits:   [0x00000001184e5000, 0x000000011b4e5000)

Polling page: 0x0000000103df1000

CodeCache: size=245760Kb used=27572Kb max_used=27586Kb free=218187Kb
 bounds [0x0000000104f0c000, 0x0000000106a2c000, 0x0000000113f0c000]
 total_blobs=9994 nmethods=9512 adapters=391
 compilation: enabled

Compilation events (10 events):
Event: 33.290 Thread 0x00007f9c94006000 nmethod 11341 0x000000010566a350 code [0x000000010566a4a0, 0x000000010566a578]
Event: 33.290 Thread 0x00007f9c94006000 11409       4       java.util.IdentityHashMap$EntryIterator$Entry::getValue (19 bytes)
Event: 33.291 Thread 0x00007f9c94006000 nmethod 11409 0x0000000105665850 code [0x00000001056659a0, 0x0000000105665a78]
Event: 33.291 Thread 0x00007f9c94006000 11390       4       scala.collection.mutable.StringBuilder::<init> (22 bytes)
Event: 33.301 Thread 0x00007f9c94006000 nmethod 11390 0x00000001066b9bd0 code [0x00000001066b9d40, 0x00000001066ba298]
Event: 33.302 Thread 0x00007f9c94006000 11410       4       scala.collection.mutable.HashTable$class::scala$collection$mutable$HashTable$$addEntry0 (73 bytes)
Event: 33.304 Thread 0x00007f9c9280f800 11413       3       scala.collection.mutable.LinkedHashSet::createNewEntry (47 bytes)
Event: 33.304 Thread 0x00007f9c9280f800 nmethod 11413 0x00000001066b9150 code [0x00000001066b9300, 0x00000001066b9970]
Event: 33.308 Thread 0x00007f9c94803000 nmethod 11364 0x00000001066b52d0 code [0x00000001066b54c0, 0x00000001066b5e90]
Event: 33.308 Thread 0x00007f9c94803000 11412       4       scala.collection.mutable.HashTable$class::findOrAddEntry (47 bytes)

GC Heap History (10 events):
Event: 26.441 GC heap after
Heap after GC invocations=11 (full 2):
 PSYoungGen      total 186368K, used 16432K [0x0000000780000000, 0x0000000796700000, 0x00000007c0000000)
  eden space 125440K, 0% used [0x0000000780000000,0x0000000780000000,0x0000000787a80000)
  from space 60928K, 26% used [0x0000000787a80000,0x0000000788a8c010,0x000000078b600000)
  to   space 58368K, 0% used [0x0000000792e00000,0x0000000792e00000,0x0000000796700000)
 ParOldGen       total 349696K, used 12541K [0x0000000700000000, 0x0000000715580000, 0x0000000780000000)
  object space 349696K, 3% used [0x0000000700000000,0x0000000700c3f5b8,0x0000000715580000)
 Metaspace       used 57842K, capacity 58212K, committed 58368K, reserved 1097728K
  class space    used 10843K, capacity 10950K, committed 11008K, reserved 1048576K
}
Event: 26.684 GC heap before
{Heap before GC invocations=12 (full 2):
 PSYoungGen      total 186368K, used 141872K [0x0000000780000000, 0x0000000796700000, 0x00000007c0000000)
  eden space 125440K, 100% used [0x0000000780000000,0x0000000787a80000,0x0000000787a80000)
  from space 60928K, 26% used [0x0000000787a80000,0x0000000788a8c010,0x000000078b600000)
  to   space 58368K, 0% used [0x0000000792e00000,0x0000000792e00000,0x0000000796700000)
 ParOldGen       total 349696K, used 12541K [0x0000000700000000, 0x0000000715580000, 0x0000000780000000)
  object space 349696K, 3% used [0x0000000700000000,0x0000000700c3f5b8,0x0000000715580000)
 Metaspace       used 57858K, capacity 58212K, committed 58368K, reserved 1097728K
  class space    used 10843K, capacity 10950K, committed 11008K, reserved 1048576K
Event: 26.698 GC heap after
Heap after GC invocations=12 (full 2):
 PSYoungGen      total 305152K, used 16560K [0x0000000780000000, 0x0000000796300000, 0x00000007c0000000)
  eden space 250880K, 0% used [0x0000000780000000,0x0000000780000000,0x000000078f500000)
  from space 54272K, 30% used [0x0000000792e00000,0x0000000793e2c010,0x0000000796300000)
  to   space 56320K, 0% used [0x000000078f500000,0x000000078f500000,0x0000000792c00000)
 ParOldGen       total 349696K, used 12541K [0x0000000700000000, 0x0000000715580000, 0x0000000780000000)
  object space 349696K, 3% used [0x0000000700000000,0x0000000700c3f5b8,0x0000000715580000)
 Metaspace       used 57858K, capacity 58212K, committed 58368K, reserved 1097728K
  class space    used 10843K, capacity 10950K, committed 11008K, reserved 1048576K
}
Event: 27.335 GC heap before
{Heap before GC invocations=13 (full 2):
 PSYoungGen      total 305152K, used 267440K [0x0000000780000000, 0x0000000796300000, 0x00000007c0000000)
  eden space 250880K, 100% used [0x0000000780000000,0x000000078f500000,0x000000078f500000)
  from space 54272K, 30% used [0x0000000792e00000,0x0000000793e2c010,0x0000000796300000)
  to   space 56320K, 0% used [0x000000078f500000,0x000000078f500000,0x0000000792c00000)
 ParOldGen       total 349696K, used 12541K [0x0000000700000000, 0x0000000715580000, 0x0000000780000000)
  object space 349696K, 3% used [0x0000000700000000,0x0000000700c3f5b8,0x0000000715580000)
 Metaspace       used 57901K, capacity 58276K, committed 58624K, reserved 1097728K
  class space    used 10843K, capacity 10950K, committed 11008K, reserved 1048576K
Event: 27.348 GC heap after
Heap after GC invocations=13 (full 2):
 PSYoungGen      total 307200K, used 8224K [0x0000000780000000, 0x000000079f500000, 0x00000007c0000000)
  eden space 250880K, 0% used [0x0000000780000000,0x0000000780000000,0x000000078f500000)
  from space 56320K, 14% used [0x000000078f500000,0x000000078fd08000,0x0000000792c00000)
  to   space 55808K, 0% used [0x000000079be80000,0x000000079be80000,0x000000079f500000)
 ParOldGen       total 349696K, used 24403K [0x0000000700000000, 0x0000000715580000, 0x0000000780000000)
  object space 349696K, 6% used [0x0000000700000000,0x00000007017d4f28,0x0000000715580000)
 Metaspace       used 57901K, capacity 58276K, committed 58624K, reserved 1097728K
  class space    used 10843K, capacity 10950K, committed 11008K, reserved 1048576K
}
Event: 28.042 GC heap before
{Heap before GC invocations=14 (full 2):
 PSYoungGen      total 307200K, used 259104K [0x0000000780000000, 0x000000079f500000, 0x00000007c0000000)
  eden space 250880K, 100% used [0x0000000780000000,0x000000078f500000,0x000000078f500000)
  from space 56320K, 14% used [0x000000078f500000,0x000000078fd08000,0x0000000792c00000)
  to   space 55808K, 0% used [0x000000079be80000,0x000000079be80000,0x000000079f500000)
 ParOldGen       total 349696K, used 24403K [0x0000000700000000, 0x0000000715580000, 0x0000000780000000)
  object space 349696K, 6% used [0x0000000700000000,0x00000007017d4f28,0x0000000715580000)
 Metaspace       used 58081K, capacity 58436K, committed 58624K, reserved 1097728K
  class space    used 10870K, capacity 10982K, committed 11008K, reserved 1048576K
Event: 28.055 GC heap after
Heap after GC invocations=14 (full 2):
 PSYoungGen      total 455168K, used 10096K [0x0000000780000000, 0x000000079f300000, 0x00000007c0000000)
  eden space 401408K, 0% used [0x0000000780000000,0x0000000780000000,0x0000000798800000)
  from space 53760K, 18% used [0x000000079be80000,0x000000079c85c010,0x000000079f300000)
  to   space 54784K, 0% used [0x0000000798800000,0x0000000798800000,0x000000079bd80000)
 ParOldGen       total 349696K, used 27751K [0x0000000700000000, 0x0000000715580000, 0x0000000780000000)
  object space 349696K, 7% used [0x0000000700000000,0x0000000701b19f38,0x0000000715580000)
 Metaspace       used 58081K, capacity 58436K, committed 58624K, reserved 1097728K
  class space    used 10870K, capacity 10982K, committed 11008K, reserved 1048576K
}
Event: 31.106 GC heap before
{Heap before GC invocations=15 (full 2):
 PSYoungGen      total 455168K, used 411504K [0x0000000780000000, 0x000000079f300000, 0x00000007c0000000)
  eden space 401408K, 100% used [0x0000000780000000,0x0000000798800000,0x0000000798800000)
  from space 53760K, 18% used [0x000000079be80000,0x000000079c85c010,0x000000079f300000)
  to   space 54784K, 0% used [0x0000000798800000,0x0000000798800000,0x000000079bd80000)
 ParOldGen       total 349696K, used 27751K [0x0000000700000000, 0x0000000715580000, 0x0000000780000000)
  object space 349696K, 7% used [0x0000000700000000,0x0000000701b19f38,0x0000000715580000)
 Metaspace       used 67751K, capacity 68268K, committed 68352K, reserved 1103872K
  class space    used 12832K, capacity 13006K, committed 13056K, reserved 1048576K
Event: 31.139 GC heap after
Heap after GC invocations=15 (full 2):
 PSYoungGen      total 456192K, used 32499K [0x0000000780000000, 0x00000007adf80000, 0x00000007c0000000)
  eden space 401408K, 0% used [0x0000000780000000,0x0000000780000000,0x0000000798800000)
  from space 54784K, 59% used [0x0000000798800000,0x000000079a7bcc78,0x000000079bd80000)
  to   space 55296K, 0% used [0x00000007aa980000,0x00000007aa980000,0x00000007adf80000)
 ParOldGen       total 349696K, used 36380K [0x0000000700000000, 0x0000000715580000, 0x0000000780000000)
  object space 349696K, 10% used [0x0000000700000000,0x0000000702387118,0x0000000715580000)
 Metaspace       used 67751K, capacity 68268K, committed 68352K, reserved 1103872K
  class space    used 12832K, capacity 13006K, committed 13056K, reserved 1048576K
}
Event: 33.314 GC heap before
{Heap before GC invocations=16 (full 2):
 PSYoungGen      total 456192K, used 433907K [0x0000000780000000, 0x00000007adf80000, 0x00000007c0000000)
  eden space 401408K, 100% used [0x0000000780000000,0x0000000798800000,0x0000000798800000)
  from space 54784K, 59% used [0x0000000798800000,0x000000079a7bcc78,0x000000079bd80000)
  to   space 55296K, 0% used [0x00000007aa980000,0x00000007aa980000,0x00000007adf80000)
 ParOldGen       total 349696K, used 36380K [0x0000000700000000, 0x0000000715580000, 0x0000000780000000)
  object space 349696K, 10% used [0x0000000700000000,0x0000000702387118,0x0000000715580000)
 Metaspace       used 69796K, capacity 70288K, committed 70528K, reserved 1105920K
  class space    used 13242K, capacity 13396K, committed 13440K, reserved 1048576K

Deoptimization events (10 events):
Event: 31.794 Thread 0x00007f9c951dc800 Uncommon trap: reason=unreached action=reinterpret pc=0x00000001068766b8 method=java.io.BufferedReader.readLine(Z)Ljava/lang/String; @ 265
Event: 31.807 Thread 0x00007f9c951dc800 Uncommon trap: reason=class_check action=maybe_recompile pc=0x00000001068ab234 method=sbt.inc.TextAnalysisFormat$.sbt$inc$TextAnalysisFormat$$toPair$1(Ljava/lang/String;Ljava/io/BufferedReader;Lscala/Function1;Lscala/Function1;)Lscala/Tuple2; @ 29
Event: 31.808 Thread 0x00007f9c951dc800 Uncommon trap: reason=unreached action=reinterpret pc=0x0000000105fa37a8 method=java.io.BufferedReader.readLine(Z)Ljava/lang/String; @ 265
Event: 31.915 Thread 0x00007f9c951dc800 Uncommon trap: reason=class_check action=maybe_recompile pc=0x0000000106920bb8 method=sbt.inc.TextAnalysisFormat$.sbt$inc$TextAnalysisFormat$$toPair$1(Ljava/lang/String;Ljava/io/BufferedReader;Lscala/Function1;Lscala/Function1;)Lscala/Tuple2; @ 29
Event: 33.253 Thread 0x00007f9c951dc800 Uncommon trap: reason=class_check action=maybe_recompile pc=0x00000001052306a0 method=java.util.zip.InflaterInputStream.read([BII)I @ 100
Event: 33.261 Thread 0x00007f9c95f27800 Uncommon trap: reason=array_check action=maybe_recompile pc=0x0000000105fe9fb0 method=scala.collection.mutable.ArrayBuilder$ofRef.$plus$eq(Ljava/lang/Object;)Lscala/collection/mutable/ArrayBuilder$ofRef; @ 19
Event: 33.261 Thread 0x00007f9c95f27800 Uncommon trap: reason=array_check action=maybe_recompile pc=0x0000000105fe9fb0 method=scala.collection.mutable.ArrayBuilder$ofRef.$plus$eq(Ljava/lang/Object;)Lscala/collection/mutable/ArrayBuilder$ofRef; @ 19
Event: 33.262 Thread 0x00007f9c95f27800 Uncommon trap: reason=array_check action=maybe_recompile pc=0x0000000105fe9fb0 method=scala.collection.mutable.ArrayBuilder$ofRef.$plus$eq(Ljava/lang/Object;)Lscala/collection/mutable/ArrayBuilder$ofRef; @ 19
Event: 33.262 Thread 0x00007f9c95f27800 Uncommon trap: reason=array_check action=maybe_recompile pc=0x0000000105fe9fb0 method=scala.collection.mutable.ArrayBuilder$ofRef.$plus$eq(Ljava/lang/Object;)Lscala/collection/mutable/ArrayBuilder$ofRef; @ 19
Event: 33.266 Thread 0x00007f9c95f27800 Uncommon trap: reason=array_check action=maybe_recompile pc=0x00000001052e4524 method=scala.collection.mutable.ArrayBuilder$ofRef.$plus$eq(Ljava/lang/Object;)Lscala/collection/mutable/ArrayBuilder$ofRef; @ 19

Internal exceptions (10 events):
Event: 33.251 Thread 0x00007f9c95f27800 Exception <a 'java/security/PrivilegedActionException'> (0x0000000790505940) thrown at [/Users/java_re/workspace/8-2-build-macosx-x86_64/jdk8u31/2394/hotspot/src/share/vm/prims/jvm.cpp, line 1312]
Event: 33.269 Thread 0x00007f9c981ff800 Exception <a 'java/security/PrivilegedActionException'> (0x0000000786fbc6f0) thrown at [/Users/java_re/workspace/8-2-build-macosx-x86_64/jdk8u31/2394/hotspot/src/share/vm/prims/jvm.cpp, line 1312]
Event: 33.269 Thread 0x00007f9c981ff800 Exception <a 'java/security/PrivilegedActionException'> (0x0000000786fbcd90) thrown at [/Users/java_re/workspace/8-2-build-macosx-x86_64/jdk8u31/2394/hotspot/src/share/vm/prims/jvm.cpp, line 1312]
Event: 33.269 Thread 0x00007f9c981ff800 Exception <a 'java/security/PrivilegedActionException'> (0x0000000786fbdd08) thrown at [/Users/java_re/workspace/8-2-build-macosx-x86_64/jdk8u31/2394/hotspot/src/share/vm/prims/jvm.cpp, line 1312]
Event: 33.269 Thread 0x00007f9c951db000 Exception <a 'java/security/PrivilegedActionException'> (0x000000078db77580) thrown at [/Users/java_re/workspace/8-2-build-macosx-x86_64/jdk8u31/2394/hotspot/src/share/vm/prims/jvm.cpp, line 1312]
Event: 33.269 Thread 0x00007f9c951db000 Exception <a 'java/security/PrivilegedActionException'> (0x000000078db77d38) thrown at [/Users/java_re/workspace/8-2-build-macosx-x86_64/jdk8u31/2394/hotspot/src/share/vm/prims/jvm.cpp, line 1312]
Event: 33.269 Thread 0x00007f9c951db000 Exception <a 'java/security/PrivilegedActionException'> (0x000000078db78b18) thrown at [/Users/java_re/workspace/8-2-build-macosx-x86_64/jdk8u31/2394/hotspot/src/share/vm/prims/jvm.cpp, line 1312]
Event: 33.270 Thread 0x00007f9c951db000 Exception <a 'java/security/PrivilegedActionException'> (0x000000078db7bed0) thrown at [/Users/java_re/workspace/8-2-build-macosx-x86_64/jdk8u31/2394/hotspot/src/share/vm/prims/jvm.cpp, line 1312]
Event: 33.270 Thread 0x00007f9c951db000 Exception <a 'java/security/PrivilegedActionException'> (0x000000078db7c500) thrown at [/Users/java_re/workspace/8-2-build-macosx-x86_64/jdk8u31/2394/hotspot/src/share/vm/prims/jvm.cpp, line 1312]
Event: 33.270 Thread 0x00007f9c951db000 Exception <a 'java/security/PrivilegedActionException'> (0x000000078db7d2e8) thrown at [/Users/java_re/workspace/8-2-build-macosx-x86_64/jdk8u31/2394/hotspot/src/share/vm/prims/jvm.cpp, line 1312]

Events (10 events):
Event: 33.269 loading class sbt/Defaults$$anonfun$packageBinMappings$1$$anonfun$apply$30 done
Event: 33.269 loading class sbt/Package$$anonfun$addImplManifestAttributes$1
Event: 33.269 loading class sbt/Package$$anonfun$addImplManifestAttributes$1 done
Event: 33.270 loading class sbt/Defaults$$anonfun$packageConfig$1$$anonfun$21
Event: 33.270 loading class sbt/Defaults$$anonfun$packageConfig$1$$anonfun$21 done
Event: 33.274 loading class java/util/IdentityHashMap$1
Event: 33.274 loading class java/util/IdentityHashMap$1 done
Event: 33.301 Thread 0x00007f9c981ff800 DEOPT PACKING pc=0x00000001054fdcc0 sp=0x00000001252d7410
Event: 33.301 Thread 0x00007f9c981ff800 DEOPT UNPACKING pc=0x0000000104f53373 sp=0x00000001252d7198 mode 0
Event: 33.314 Executing VM operation: ParallelGCFailedAllocation


Dynamic libraries:
0x000000000c36d000 	/System/Library/Frameworks/Cocoa.framework/Versions/A/Cocoa
0x000000000c36d000 	/System/Library/Frameworks/Security.framework/Versions/A/Security
0x000000000c36d000 	/System/Library/Frameworks/ApplicationServices.framework/Versions/A/ApplicationServices
0x000000000c36d000 	/usr/lib/libz.1.dylib
0x000000000c36d000 	/usr/lib/libSystem.B.dylib
0x000000000c36d000 	/usr/lib/libobjc.A.dylib
0x000000000c36d000 	/System/Library/Frameworks/CoreFoundation.framework/Versions/A/CoreFoundation
0x000000000c36d000 	/System/Library/Frameworks/Foundation.framework/Versions/C/Foundation
0x000000000c36d000 	/System/Library/Frameworks/AppKit.framework/Versions/C/AppKit
0x000000000c36d000 	/System/Library/Frameworks/CoreData.framework/Versions/A/CoreData
0x000000000c36d000 	/System/Library/PrivateFrameworks/RemoteViewServices.framework/Versions/A/RemoteViewServices
0x000000000c36d000 	/System/Library/PrivateFrameworks/UIFoundation.framework/Versions/A/UIFoundation
0x000000000c36d000 	/System/Library/Frameworks/IOSurface.framework/Versions/A/IOSurface
0x000000000c36d000 	/System/Library/Frameworks/AudioToolbox.framework/Versions/A/AudioToolbox
0x000000000c36d000 	/System/Library/Frameworks/AudioUnit.framework/Versions/A/AudioUnit
0x000000000c36d000 	/System/Library/PrivateFrameworks/DataDetectorsCore.framework/Versions/A/DataDetectorsCore
0x000000000c36d000 	/System/Library/PrivateFrameworks/DesktopServicesPriv.framework/Versions/A/DesktopServicesPriv
0x000000000c36d000 	/System/Library/Frameworks/Carbon.framework/Versions/A/Frameworks/HIToolbox.framework/Versions/A/HIToolbox
0x000000000c36d000 	/System/Library/Frameworks/QuartzCore.framework/Versions/A/QuartzCore
0x000000000c36d000 	/System/Library/Frameworks/Carbon.framework/Versions/A/Frameworks/SpeechRecognition.framework/Versions/A/SpeechRecognition
0x000000000c36d000 	/usr/lib/libauto.dylib
0x000000000c36d000 	/usr/lib/libicucore.A.dylib
0x000000000c36d000 	/usr/lib/libxml2.2.dylib
0x000000000c36d000 	/System/Library/PrivateFrameworks/CoreUI.framework/Versions/A/CoreUI
0x000000000c36d000 	/System/Library/Frameworks/CoreAudio.framework/Versions/A/CoreAudio
0x000000000c36d000 	/System/Library/Frameworks/DiskArbitration.framework/Versions/A/DiskArbitration
0x000000000c36d000 	/usr/lib/liblangid.dylib
0x000000000c36d000 	/System/Library/PrivateFrameworks/MultitouchSupport.framework/Versions/A/MultitouchSupport
0x000000000c36d000 	/System/Library/Frameworks/IOKit.framework/Versions/A/IOKit
0x000000000c36d000 	/usr/lib/libDiagnosticMessagesClient.dylib
0x000000000c36d000 	/System/Library/Frameworks/CoreServices.framework/Versions/A/CoreServices
0x000000000c36d000 	/System/Library/PrivateFrameworks/PerformanceAnalysis.framework/Versions/A/PerformanceAnalysis
0x000000000c36d000 	/System/Library/PrivateFrameworks/GenerationalStorage.framework/Versions/A/GenerationalStorage
0x000000000c36d000 	/System/Library/Frameworks/OpenGL.framework/Versions/A/OpenGL
0x000000000c36d000 	/System/Library/PrivateFrameworks/Sharing.framework/Versions/A/Sharing
0x000000000c36d000 	/System/Library/Frameworks/CoreGraphics.framework/Versions/A/CoreGraphics
0x000000000c36d000 	/System/Library/Frameworks/CoreText.framework/Versions/A/CoreText
0x000000000c36d000 	/System/Library/Frameworks/ImageIO.framework/Versions/A/ImageIO
0x000000000c36d000 	/usr/lib/libextension.dylib
0x000000000c36d000 	/System/Library/PrivateFrameworks/Backup.framework/Versions/A/Backup
0x000000000c36d000 	/usr/lib/libarchive.2.dylib
0x000000000c36d000 	/System/Library/Frameworks/CFNetwork.framework/Versions/A/CFNetwork
0x000000000c36d000 	/System/Library/Frameworks/SystemConfiguration.framework/Versions/A/SystemConfiguration
0x000000000c36d000 	/usr/lib/libCRFSuite.dylib
0x000000000c36d000 	/usr/lib/libc++.1.dylib
0x000000000c36d000 	/usr/lib/libc++abi.dylib
0x000000000c36d000 	/usr/lib/system/libcache.dylib
0x000000000c36d000 	/usr/lib/system/libcommonCrypto.dylib
0x000000000c36d000 	/usr/lib/system/libcompiler_rt.dylib
0x000000000c36d000 	/usr/lib/system/libcopyfile.dylib
0x000000000c36d000 	/usr/lib/system/libcorecrypto.dylib
0x000000000c36d000 	/usr/lib/system/libdispatch.dylib
0x000000000c36d000 	/usr/lib/system/libdyld.dylib
0x000000000c36d000 	/usr/lib/system/libkeymgr.dylib
0x000000000c36d000 	/usr/lib/system/liblaunch.dylib
0x000000000c36d000 	/usr/lib/system/libmacho.dylib
0x000000000c36d000 	/usr/lib/system/libquarantine.dylib
0x000000000c36d000 	/usr/lib/system/libremovefile.dylib
0x000000000c36d000 	/usr/lib/system/libsystem_asl.dylib
0x000000000c36d000 	/usr/lib/system/libsystem_blocks.dylib
0x000000000c36d000 	/usr/lib/system/libsystem_c.dylib
0x000000000c36d000 	/usr/lib/system/libsystem_configuration.dylib
0x000000000c36d000 	/usr/lib/system/libsystem_coreservices.dylib
0x000000000c36d000 	/usr/lib/system/libsystem_coretls.dylib
0x000000000c36d000 	/usr/lib/system/libsystem_dnssd.dylib
0x000000000c36d000 	/usr/lib/system/libsystem_info.dylib
0x000000000c36d000 	/usr/lib/system/libsystem_kernel.dylib
0x000000000c36d000 	/usr/lib/system/libsystem_m.dylib
0x000000000c36d000 	/usr/lib/system/libsystem_malloc.dylib
0x000000000c36d000 	/usr/lib/system/libsystem_network.dylib
0x000000000c36d000 	/usr/lib/system/libsystem_networkextension.dylib
0x000000000c36d000 	/usr/lib/system/libsystem_notify.dylib
0x000000000c36d000 	/usr/lib/system/libsystem_platform.dylib
0x000000000c36d000 	/usr/lib/system/libsystem_pthread.dylib
0x000000000c36d000 	/usr/lib/system/libsystem_sandbox.dylib
0x000000000c36d000 	/usr/lib/system/libsystem_secinit.dylib
0x000000000c36d000 	/usr/lib/system/libsystem_stats.dylib
0x000000000c36d000 	/usr/lib/system/libsystem_trace.dylib
0x000000000c36d000 	/usr/lib/system/libunc.dylib
0x000000000c36d000 	/usr/lib/system/libunwind.dylib
0x000000000c36d000 	/usr/lib/system/libxpc.dylib
0x000000000c36d000 	/usr/lib/libbz2.1.0.dylib
0x000000000c36d000 	/usr/lib/liblzma.5.dylib
0x000000000c36d000 	/usr/lib/libbsm.0.dylib
0x000000000c36d000 	/usr/lib/libsqlite3.dylib
0x000000000c36d000 	/usr/lib/system/libkxld.dylib
0x000000000c36d000 	/usr/lib/libxar.1.dylib
0x000000000c36d000 	/usr/lib/libpam.2.dylib
0x000000000c36d000 	/usr/lib/libOpenScriptingUtil.dylib
0x000000000c36d000 	/System/Library/Frameworks/CoreServices.framework/Versions/A/Frameworks/FSEvents.framework/Versions/A/FSEvents
0x000000000c36d000 	/System/Library/Frameworks/CoreServices.framework/Versions/A/Frameworks/CarbonCore.framework/Versions/A/CarbonCore
0x000000000c36d000 	/System/Library/Frameworks/CoreServices.framework/Versions/A/Frameworks/Metadata.framework/Versions/A/Metadata
0x000000000c36d000 	/System/Library/Frameworks/CoreServices.framework/Versions/A/Frameworks/OSServices.framework/Versions/A/OSServices
0x000000000c36d000 	/System/Library/Frameworks/CoreServices.framework/Versions/A/Frameworks/SearchKit.framework/Versions/A/SearchKit
0x000000000c36d000 	/System/Library/Frameworks/CoreServices.framework/Versions/A/Frameworks/AE.framework/Versions/A/AE
0x000000000c36d000 	/System/Library/Frameworks/CoreServices.framework/Versions/A/Frameworks/LaunchServices.framework/Versions/A/LaunchServices
0x000000000c36d000 	/System/Library/Frameworks/CoreServices.framework/Versions/A/Frameworks/DictionaryServices.framework/Versions/A/DictionaryServices
0x000000000c36d000 	/System/Library/Frameworks/NetFS.framework/Versions/A/NetFS
0x000000000c36d000 	/System/Library/PrivateFrameworks/NetAuth.framework/Versions/A/NetAuth
0x000000000c36d000 	/System/Library/PrivateFrameworks/login.framework/Versions/A/Frameworks/loginsupport.framework/Versions/A/loginsupport
0x000000000c36d000 	/System/Library/PrivateFrameworks/TCC.framework/Versions/A/TCC
0x000000000c36d000 	/usr/lib/libmecabra.dylib
0x000000000c36d000 	/System/Library/Frameworks/ApplicationServices.framework/Versions/A/Frameworks/ATS.framework/Versions/A/ATS
0x000000000c36d000 	/System/Library/Frameworks/ApplicationServices.framework/Versions/A/Frameworks/ColorSync.framework/Versions/A/ColorSync
0x000000000c36d000 	/System/Library/Frameworks/ApplicationServices.framework/Versions/A/Frameworks/HIServices.framework/Versions/A/HIServices
0x000000000c36d000 	/System/Library/Frameworks/ApplicationServices.framework/Versions/A/Frameworks/LangAnalysis.framework/Versions/A/LangAnalysis
0x000000000c36d000 	/System/Library/Frameworks/ApplicationServices.framework/Versions/A/Frameworks/PrintCore.framework/Versions/A/PrintCore
0x000000000c36d000 	/System/Library/Frameworks/ApplicationServices.framework/Versions/A/Frameworks/QD.framework/Versions/A/QD
0x000000000c36d000 	/System/Library/Frameworks/ApplicationServices.framework/Versions/A/Frameworks/SpeechSynthesis.framework/Versions/A/SpeechSynthesis
0x000000000c36d000 	/System/Library/Frameworks/Accelerate.framework/Versions/A/Accelerate
0x000000000c36d000 	/System/Library/Frameworks/Accelerate.framework/Versions/A/Frameworks/vImage.framework/Versions/A/vImage
0x000000000c36d000 	/System/Library/Frameworks/Accelerate.framework/Versions/A/Frameworks/vecLib.framework/Versions/A/vecLib
0x000000000c36d000 	/System/Library/Frameworks/Accelerate.framework/Versions/A/Frameworks/vecLib.framework/Versions/A/libvDSP.dylib
0x000000000c36d000 	/System/Library/Frameworks/Accelerate.framework/Versions/A/Frameworks/vecLib.framework/Versions/A/libvMisc.dylib
0x000000000c36d000 	/System/Library/Frameworks/Accelerate.framework/Versions/A/Frameworks/vecLib.framework/Versions/A/libLAPACK.dylib
0x000000000c36d000 	/System/Library/Frameworks/Accelerate.framework/Versions/A/Frameworks/vecLib.framework/Versions/A/libBLAS.dylib
0x000000000c36d000 	/System/Library/Frameworks/Accelerate.framework/Versions/A/Frameworks/vecLib.framework/Versions/A/libLinearAlgebra.dylib
0x000000000c36d000 	/System/Library/Frameworks/ApplicationServices.framework/Versions/A/Frameworks/ATS.framework/Versions/A/Resources/libFontParser.dylib
0x000000000c36d000 	/System/Library/Frameworks/ApplicationServices.framework/Versions/A/Frameworks/ATS.framework/Versions/A/Resources/libFontRegistry.dylib
0x000000000c36d000 	/System/Library/PrivateFrameworks/AppleVPA.framework/Versions/A/AppleVPA
0x000000000c36d000 	/System/Library/PrivateFrameworks/AppleJPEG.framework/Versions/A/AppleJPEG
0x000000000c36d000 	/System/Library/Frameworks/ImageIO.framework/Versions/A/Resources/libJPEG.dylib
0x000000000c36d000 	/System/Library/Frameworks/ImageIO.framework/Versions/A/Resources/libTIFF.dylib
0x000000000c36d000 	/System/Library/Frameworks/ImageIO.framework/Versions/A/Resources/libPng.dylib
0x000000000c36d000 	/System/Library/Frameworks/ImageIO.framework/Versions/A/Resources/libGIF.dylib
0x000000000c36d000 	/System/Library/Frameworks/ImageIO.framework/Versions/A/Resources/libJP2.dylib
0x000000000c36d000 	/System/Library/Frameworks/ImageIO.framework/Versions/A/Resources/libRadiance.dylib
0x000000000c36d000 	/System/Library/Frameworks/CoreVideo.framework/Versions/A/CoreVideo
0x000000000c36d000 	/System/Library/Frameworks/OpenGL.framework/Versions/A/Libraries/libGLU.dylib
0x000000000c36d000 	/System/Library/Frameworks/OpenGL.framework/Versions/A/Libraries/libGFXShared.dylib
0x000000000c36d000 	/System/Library/Frameworks/OpenGL.framework/Versions/A/Libraries/libGL.dylib
0x000000000c36d000 	/System/Library/Frameworks/OpenGL.framework/Versions/A/Libraries/libGLImage.dylib
0x000000000c36d000 	/System/Library/Frameworks/OpenGL.framework/Versions/A/Libraries/libCVMSPluginSupport.dylib
0x000000000c36d000 	/System/Library/Frameworks/OpenGL.framework/Versions/A/Libraries/libCoreVMClient.dylib
0x000000000c36d000 	/usr/lib/libcups.2.dylib
0x000000000c36d000 	/System/Library/Frameworks/Kerberos.framework/Versions/A/Kerberos
0x000000000c36d000 	/System/Library/Frameworks/GSS.framework/Versions/A/GSS
0x000000000c36d000 	/usr/lib/libresolv.9.dylib
0x000000000c36d000 	/usr/lib/libiconv.2.dylib
0x000000000c36d000 	/System/Library/PrivateFrameworks/Heimdal.framework/Versions/A/Heimdal
0x000000000c36d000 	/usr/lib/libheimdal-asn1.dylib
0x000000000c36d000 	/System/Library/Frameworks/OpenDirectory.framework/Versions/A/OpenDirectory
0x000000000c36d000 	/System/Library/PrivateFrameworks/CommonAuth.framework/Versions/A/CommonAuth
0x000000000c36d000 	/System/Library/Frameworks/OpenDirectory.framework/Versions/A/Frameworks/CFOpenDirectory.framework/Versions/A/CFOpenDirectory
0x000000000c36d000 	/System/Library/Frameworks/SecurityFoundation.framework/Versions/A/SecurityFoundation
0x000000000c36d000 	/System/Library/PrivateFrameworks/LanguageModeling.framework/Versions/A/LanguageModeling
0x000000000c36d000 	/usr/lib/libcmph.dylib
0x000000000c36d000 	/System/Library/Frameworks/ServiceManagement.framework/Versions/A/ServiceManagement
0x000000000c36d000 	/usr/lib/libxslt.1.dylib
0x000000000c36d000 	/System/Library/Frameworks/Carbon.framework/Versions/A/Frameworks/Ink.framework/Versions/A/Ink
0x000000000c36d000 	/System/Library/Frameworks/QuartzCore.framework/Versions/A/Frameworks/CoreImage.framework/Versions/A/CoreImage
0x000000000c36d000 	/System/Library/PrivateFrameworks/CrashReporterSupport.framework/Versions/A/CrashReporterSupport
0x000000000c36d000 	/System/Library/Frameworks/OpenCL.framework/Versions/A/OpenCL
0x000000000c36d000 	/System/Library/PrivateFrameworks/FaceCore.framework/Versions/A/FaceCore
0x000000000c36d000 	/System/Library/PrivateFrameworks/Ubiquity.framework/Versions/A/Ubiquity
0x000000000c36d000 	/System/Library/PrivateFrameworks/IconServices.framework/Versions/A/IconServices
0x000000000c36d000 	/System/Library/PrivateFrameworks/ChunkingLibrary.framework/Versions/A/ChunkingLibrary
0x000000000c36d000 	/System/Library/PrivateFrameworks/Apple80211.framework/Versions/A/Apple80211
0x000000000c36d000 	/System/Library/Frameworks/CoreWLAN.framework/Versions/A/CoreWLAN
0x000000000c36d000 	/System/Library/Frameworks/IOBluetooth.framework/Versions/A/IOBluetooth
0x000000000c36d000 	/System/Library/PrivateFrameworks/CoreWiFi.framework/Versions/A/CoreWiFi
0x000000000c36d000 	/System/Library/Frameworks/CoreBluetooth.framework/Versions/A/CoreBluetooth
0x000000000c36d000 	/System/Library/PrivateFrameworks/DebugSymbols.framework/Versions/A/DebugSymbols
0x000000000c36d000 	/System/Library/PrivateFrameworks/CoreSymbolication.framework/Versions/A/CoreSymbolication
0x000000000c36d000 	/System/Library/PrivateFrameworks/Symbolication.framework/Versions/A/Symbolication
0x000000000c36d000 	/System/Library/PrivateFrameworks/SpeechRecognitionCore.framework/Versions/A/SpeechRecognitionCore
0x0000000102e79000 	/Library/Java/JavaVirtualMachines/jdk1.8.0_31.jdk/Contents/Home/jre/lib/server/libjvm.dylib
0x000000000c36d000 	/usr/lib/libstdc++.6.dylib
0x0000000103daf000 	/Library/Java/JavaVirtualMachines/jdk1.8.0_31.jdk/Contents/Home/jre/lib/libverify.dylib
0x0000000103dbd000 	/Library/Java/JavaVirtualMachines/jdk1.8.0_31.jdk/Contents/Home/jre/lib/libjava.dylib
0x0000000104f03000 	/Library/Java/JavaVirtualMachines/jdk1.8.0_31.jdk/Contents/Home/jre/lib/libzip.dylib
0x000000011e54e000 	/System/Library/Frameworks/JavaVM.framework/Frameworks/JavaRuntimeSupport.framework/JavaRuntimeSupport
0x000000011e564000 	/System/Library/Frameworks/JavaVM.framework/Versions/A/Frameworks/JavaNativeFoundation.framework/Versions/A/JavaNativeFoundation
0x000000011e578000 	/System/Library/Frameworks/JavaVM.framework/Versions/A/JavaVM
0x000000000c36d000 	/System/Library/Frameworks/Carbon.framework/Versions/A/Carbon
0x000000011e584000 	/System/Library/PrivateFrameworks/JavaLaunching.framework/Versions/A/JavaLaunching
0x000000000c36d000 	/System/Library/Frameworks/Carbon.framework/Versions/A/Frameworks/CommonPanels.framework/Versions/A/CommonPanels
0x000000000c36d000 	/System/Library/Frameworks/Carbon.framework/Versions/A/Frameworks/Help.framework/Versions/A/Help
0x000000000c36d000 	/System/Library/Frameworks/Carbon.framework/Versions/A/Frameworks/ImageCapture.framework/Versions/A/ImageCapture
0x000000000c36d000 	/System/Library/Frameworks/Carbon.framework/Versions/A/Frameworks/OpenScripting.framework/Versions/A/OpenScripting
0x000000000c36d000 	/System/Library/Frameworks/Carbon.framework/Versions/A/Frameworks/Print.framework/Versions/A/Print
0x000000000c36d000 	/System/Library/Frameworks/Carbon.framework/Versions/A/Frameworks/SecurityHI.framework/Versions/A/SecurityHI
0x0000000120517000 	/Library/Java/JavaVirtualMachines/jdk1.8.0_31.jdk/Contents/Home/jre/lib/libnet.dylib
0x0000000120576000 	/Library/Java/JavaVirtualMachines/jdk1.8.0_31.jdk/Contents/Home/jre/lib/libnio.dylib

VM Arguments:
jvm_args: -Dactivator.home=/usr/local/Cellar/typesafe-activator/1.2.10/libexec -Xms1024m -Xmx1024m -XX:MetaspaceSize=64m -XX:MaxMetaspaceSize=256m -Xms512M -Xmx3072M -XX:MaxHeapSize=3072M -Dcarers.keystore=/Users/edmundreed/Documents/projects/carers/carerskeystore 
java_command: /usr/local/Cellar/typesafe-activator/1.2.10/libexec/activator-launch-1.2.10.jar start -Dconfig.file=conf/production.conf 9000
java_class_path (initial): /usr/local/Cellar/typesafe-activator/1.2.10/libexec/activator-launch-1.2.10.jar
Launcher Type: SUN_STANDARD

Environment Variables:
_JAVA_OPTIONS=-Xms512M -Xmx3072M -XX:MaxHeapSize=3072M -Dcarers.keystore=/Users/edmundreed/Documents/projects/carers/carerskeystore
PATH=/usr/local/bin:/usr/local/sbin:/usr/bin:/usr/sbin/:/usr/local/bin:/usr/bin:/bin:/usr/sbin:/sbin:/usr/local/sbin
SHELL=/bin/bash

Signal Handlers:
SIGSEGV: [libjvm.dylib+0x57a0e7], sa_mask[0]=11111111011111110111111111111111, sa_flags=SA_ONSTACK|SA_RESTART|SA_SIGINFO
SIGBUS: [libjvm.dylib+0x57a0e7], sa_mask[0]=11111111011111110111111111111111, sa_flags=SA_RESTART|SA_SIGINFO
SIGFPE: [libjvm.dylib+0x45af24], sa_mask[0]=11111111011111110111111111111111, sa_flags=SA_RESTART|SA_SIGINFO
SIGPIPE: [libjvm.dylib+0x45af24], sa_mask[0]=11111111011111110111111111111111, sa_flags=SA_RESTART|SA_SIGINFO
SIGXFSZ: [libjvm.dylib+0x45af24], sa_mask[0]=11111111011111110111111111111111, sa_flags=SA_RESTART|SA_SIGINFO
SIGILL: [libjvm.dylib+0x45af24], sa_mask[0]=11111111011111110111111111111111, sa_flags=SA_RESTART|SA_SIGINFO
SIGUSR1: SIG_DFL, sa_mask[0]=11011111011111100000000111000110, sa_flags=none
SIGUSR2: [libjvm.dylib+0x45aa42], sa_mask[0]=00000000000000000000000000000000, sa_flags=SA_RESTART|SA_SIGINFO
SIGHUP: [libjvm.dylib+0x459015], sa_mask[0]=11111111011111110111111111111111, sa_flags=SA_RESTART|SA_SIGINFO
SIGINT: SIG_IGN, sa_mask[0]=00000000000000000000000000000000, sa_flags=none
SIGTERM: [libjvm.dylib+0x459015], sa_mask[0]=11111111011111110111111111111111, sa_flags=SA_RESTART|SA_SIGINFO
SIGQUIT: [libjvm.dylib+0x459015], sa_mask[0]=11111111011111110111111111111111, sa_flags=SA_RESTART|SA_SIGINFO


---------------  S Y S T E M  ---------------

OS:Bsduname:Darwin 14.4.0 Darwin Kernel Version 14.4.0: Thu May 28 11:35:04 PDT 2015; root:xnu-2782.30.5~1/RELEASE_X86_64 x86_64
rlimit: STACK 8192k, CORE 0k, NPROC 709, NOFILE 10240, AS infinity
load average:16.24 6.54 3.91

CPU:total 8 (4 cores per cpu, 2 threads per core) family 6 model 70 stepping 1, cmov, cx8, fxsr, mmx, sse, sse2, sse3, ssse3, sse4.1, sse4.2, popcnt, avx, avx2, aes, clmul, erms, lzcnt, ht, tsc, tscinvbit, bmi1, bmi2

Memory: 4k page, physical 16777216k(1009212k free)

/proc/meminfo:


vm_info: Java HotSpot(TM) 64-Bit Server VM (25.31-b07) for bsd-amd64 JRE (1.8.0_31-b13), built on Dec 17 2014 20:45:36 by "java_re" with gcc 4.2.1 (Based on Apple Inc. build 5658) (LLVM build 2336.11.00)

time: Tue Sep  1 12:48:17 2015
elapsed time: 33 seconds (0d 0h 0m 33s)

