#
# A fatal error has been detected by the Java Runtime Environment:
#
#  SIGSEGV (0xb) at pc=0x000000010f792875, pid=6884, tid=19203
#
# JRE version: Java(TM) SE Runtime Environment (8.0_31-b13) (build 1.8.0_31-b13)
# Java VM: Java HotSpot(TM) 64-Bit Server VM (25.31-b07 mixed mode bsd-amd64 compressed oops)
# Problematic frame:
# V  [libjvm.dylib+0x192875]
#
# Failed to write core dump. Core dumps have been disabled. To enable core dumping, try "ulimit -c unlimited" before starting Java again
#
# If you would like to submit a bug report, please visit:
#   http://bugreport.java.com/bugreport/crash.jsp
#

---------------  T H R E A D  ---------------

Current thread (0x00007fe68c006000):  JavaThread "C2 CompilerThread1" daemon [_thread_in_vm, id=19203, stack(0x000000012b7b0000,0x000000012b8b0000)]

siginfo: si_signo: 11 (SIGSEGV), si_code: 0 (unknown), si_addr: 0x0000000000000000

Registers:
RAX=0xf60000010fe87640, RBX=0x0000000110a3f7d0, RCX=0x00007fe68c006006, RDX=0x00000000003e97c0
RSP=0x000000012b8afae0, RBP=0x000000012b8afaf0, RSI=0x0000000110a3f7d0, RDI=0x0000000110a3f7d0
R8 =0x0000000000000006, R9 =0x0000000080000010, R10=0x0000000000000001, R11=0x00007fe57b471d73
R12=0x0000000110a3f350, R13=0x0000000000000000, R14=0x000000012b8afb18, R15=0x0000000000000000
RIP=0x000000010f792875, EFLAGS=0x0000000000010202, ERR=0x0000000000000000
  TRAPNO=0x000000000000000d

Top of Stack: (sp=0x000000012b8afae0)
0x000000012b8afae0:   00000000000002a3 00000000000002a4
0x000000012b8afaf0:   000000012b8afc00 000000010fb00103
0x000000012b8afb00:   0000041e00000026 00007fe68ad02d50
0x000000012b8afb10:   0000000000000001 0000000000000000
0x000000012b8afb20:   0000000000000000 0000000000000000
0x000000012b8afb30:   00007fe68ad02d50 00007fe68cfb9720
0x000000012b8afb40:   00007fe68cfb97e0 0000000000000000
0x000000012b8afb50:   0000000000000000 0000000000000000
0x000000012b8afb60:   0000000000000000 0000000000000000
0x000000012b8afb70:   00007fe68c006000 00000a595ca85473
0x000000012b8afb80:   0000000000000000 00007fe68ac1dbb0
0x000000012b8afb90:   000000012b8afc04 00007fe68af01f28
0x000000012b8afba0:   00007fe68af02790 00007fe68af027c0
0x000000012b8afbb0:   00007fe68af027d0 00007fe68af02ba8
0x000000012b8afbc0:   00000000000003d8 00000000000f1ba1
0x000000012b8afbd0:   0000000000000000 00007fe68af00e90
0x000000012b8afbe0:   000000000beea300 0000000000000000
0x000000012b8afbf0:   00007fe68c006000 00007fe68ad00730
0x000000012b8afc00:   000000012b8afc20 000000010fb0049b
0x000000012b8afc10:   00007fe68ad040d0 00007fe68adb6500
0x000000012b8afc20:   000000012b8afc60 000000010f7ad351
0x000000012b8afc30:   00007fe68ad040d0 000000012b8afc80
0x000000012b8afc40:   000000000beea300 0000000000000000
0x000000012b8afc50:   00007fe68c006000 00007fe68ad00730
0x000000012b8afc60:   000000012b8afd50 000000010f7ae0b9
0x000000012b8afc70:   00007fe68af00e90 0000000110e50250
0x000000012b8afc80:   0000000000000000 00007fe68c006000
0x000000012b8afc90:   00007fe68af02bb0 00007fe68af02be0
0x000000012b8afca0:   00007fe68af02bf0 00007fe68af02cc8
0x000000012b8afcb0:   00000000000000d8 000000012b8afdb0
0x000000012b8afcc0:   00007fe68af02790 00007fe68af027c0
0x000000012b8afcd0:   00007fe68af027d0 00007fe68af02ba8 

Instructions: (pc=0x000000010f792875)
0x000000010f792855:   48 89 e5 53 48 83 ec 08 eb 03 48 89 df e8 b5 ff
0x000000010f792865:   ff ff 48 89 c3 48 85 db 74 0d 48 8b 03 48 89 df
0x000000010f792875:   ff 50 08 84 c0 74 e3 48 89 d8 48 83 c4 08 5b 5d
0x000000010f792885:   c3 55 48 89 e5 53 48 83 ec 08 48 89 fb eb 0b 48 

Register to memory mapping:

RAX=0xf60000010fe87640 is an unknown value
RBX=
[error occurred during error reporting (printing register info), id 0xb]

Stack: [0x000000012b7b0000,0x000000012b8b0000],  sp=0x000000012b8afae0,  free space=1022k
Native frames: (J=compiled Java code, j=interpreted, Vv=VM code, C=native code)
V  [libjvm.dylib+0x192875]
V  [libjvm.dylib+0x500103]
V  [libjvm.dylib+0x50049b]
V  [libjvm.dylib+0x1ad351]
V  [libjvm.dylib+0x1ae0b9]
V  [libjvm.dylib+0x5360cf]
V  [libjvm.dylib+0x53780c]
V  [libjvm.dylib+0x45d772]
C  [libsystem_pthread.dylib+0x3268]  _pthread_body+0x83
C  [libsystem_pthread.dylib+0x31e5]  _pthread_body+0x0
C  [libsystem_pthread.dylib+0x141d]  thread_start+0xd
C  0x0000000000000000


---------------  P R O C E S S  ---------------

Java Threads: ( => current thread )
  0x00007fe6911a4800 JavaThread "play-akka.actor.default-dispatcher-144" [_thread_blocked, id=53523, stack(0x000000012fedd000,0x000000012ffdd000)]
  0x00007fe68e978800 JavaThread "play-akka.actor.default-dispatcher-141" [_thread_blocked, id=52507, stack(0x000000012ffe0000,0x00000001300e0000)]
  0x00007fe6909c6000 JavaThread "async-actor-system-akka.actor.default-dispatcher-4" [_thread_blocked, id=22063, stack(0x0000000138307000,0x0000000138407000)]
  0x00007fe692783000 JavaThread "async-actor-system-scheduler-1" [_thread_blocked, id=46155, stack(0x00000001379f2000,0x0000000137af2000)]
  0x00007fe68e097000 JavaThread "email-actor-system-akka.actor.default-dispatcher-3" [_thread_blocked, id=43811, stack(0x00000001338c5000,0x00000001339c5000)]
  0x00007fe69117a000 JavaThread "email-actor-system-scheduler-1" [_thread_blocked, id=50471, stack(0x0000000132d5b000,0x0000000132e5b000)]
  0x00007fe68c706000 JavaThread "net.sf.ehcache.CacheManager@3aa1c5a7" daemon [_thread_blocked, id=46363, stack(0x000000012fbe8000,0x000000012fce8000)]
  0x00007fe68cd41000 JavaThread "async-actor-system-akka.actor.default-dispatcher-3" [_thread_blocked, id=44051, stack(0x0000000136be7000,0x0000000136ce7000)]
  0x00007fe69126b000 JavaThread "async-actor-system-scheduler-1" [_thread_blocked, id=24423, stack(0x000000013538e000,0x000000013548e000)]
  0x00007fe68ce4a000 JavaThread "email-actor-system-akka.actor.default-dispatcher-3" [_thread_blocked, id=42259, stack(0x000000013486a000,0x000000013496a000)]
  0x00007fe690f27000 JavaThread "email-actor-system-scheduler-1" [_thread_blocked, id=42011, stack(0x0000000133f05000,0x0000000134005000)]
  0x00007fe6927ee800 JavaThread "async-actor-system-akka.actor.default-dispatcher-4" [_thread_blocked, id=47643, stack(0x0000000134567000,0x0000000134667000)]
  0x00007fe6900b7000 JavaThread "async-actor-system-scheduler-1" [_thread_blocked, id=26655, stack(0x0000000132e5e000,0x0000000132f5e000)]
  0x00007fe68f077800 JavaThread "email-actor-system-akka.actor.default-dispatcher-2" [_thread_blocked, id=27171, stack(0x0000000130556000,0x0000000130656000)]
  0x00007fe690e8e800 JavaThread "email-actor-system-scheduler-1" [_thread_blocked, id=24115, stack(0x00000001300f7000,0x00000001301f7000)]
  0x00007fe68c9e4800 JavaThread "Scala Presentation Compiler []" daemon [_thread_blocked, id=45595, stack(0x0000000134c98000,0x0000000134d98000)]
  0x00007fe6910ef000 JavaThread "ForkJoinPool-5-worker-13" daemon [_thread_blocked, id=48903, stack(0x000000012fceb000,0x000000012fdeb000)]
  0x00007fe69119f800 JavaThread "play-scheduler-1" [_thread_blocked, id=47367, stack(0x000000012e2f5000,0x000000012e3f5000)]
  0x00007fe692104000 JavaThread "async-actor-system-akka.actor.default-dispatcher-4" [_thread_blocked, id=42763, stack(0x0000000133a02000,0x0000000133b02000)]
  0x00007fe691274800 JavaThread "async-actor-system-scheduler-1" [_thread_blocked, id=41227, stack(0x00000001335c4000,0x00000001336c4000)]
  0x00007fe690b38000 JavaThread "email-actor-system-akka.actor.default-dispatcher-4" [_thread_blocked, id=47883, stack(0x0000000132f61000,0x0000000133061000)]
  0x00007fe68e18c000 JavaThread "email-actor-system-scheduler-1" [_thread_blocked, id=43279, stack(0x0000000132a58000,0x0000000132b58000)]
  0x00007fe692615800 JavaThread "play-internal-execution-context-1" daemon [_thread_blocked, id=14603, stack(0x0000000129cce000,0x0000000129dce000)]
  0x00007fe69046e800 JavaThread "New I/O server boss #17" [_thread_in_native, id=40451, stack(0x00000001320b6000,0x00000001321b6000)]
  0x00007fe6909af000 JavaThread "New I/O worker #16" [_thread_in_native, id=39939, stack(0x0000000131fb3000,0x00000001320b3000)]
  0x00007fe6905da800 JavaThread "New I/O worker #15" [_thread_in_native, id=39427, stack(0x0000000131eb0000,0x0000000131fb0000)]
  0x00007fe6905da000 JavaThread "New I/O worker #14" [_thread_in_native, id=38915, stack(0x0000000131dad000,0x0000000131ead000)]
  0x00007fe68c3cb000 JavaThread "New I/O worker #13" [_thread_in_native, id=38403, stack(0x0000000131caa000,0x0000000131daa000)]
  0x00007fe692687800 JavaThread "New I/O worker #12" [_thread_in_native, id=37891, stack(0x0000000131ba7000,0x0000000131ca7000)]
  0x00007fe692686800 JavaThread "New I/O worker #11" [_thread_in_native, id=37379, stack(0x0000000131aa4000,0x0000000131ba4000)]
  0x00007fe6905d7000 JavaThread "New I/O worker #10" [_thread_in_native, id=36867, stack(0x00000001319a1000,0x0000000131aa1000)]
  0x00007fe68c01f800 JavaThread "New I/O worker #9" [_thread_in_native, id=36355, stack(0x000000013189e000,0x000000013199e000)]
  0x00007fe68b50e000 JavaThread "New I/O worker #8" [_thread_in_native, id=35843, stack(0x000000013179b000,0x000000013189b000)]
  0x00007fe68c332000 JavaThread "New I/O worker #7" [_thread_in_native, id=35331, stack(0x0000000131698000,0x0000000131798000)]
  0x00007fe68b190800 JavaThread "New I/O worker #6" [_thread_in_native, id=34819, stack(0x0000000131595000,0x0000000131695000)]
  0x00007fe6905d4800 JavaThread "New I/O worker #5" [_thread_in_native, id=34307, stack(0x0000000131492000,0x0000000131592000)]
  0x00007fe6901e5000 JavaThread "New I/O worker #4" [_thread_in_native, id=33795, stack(0x000000013138f000,0x000000013148f000)]
  0x00007fe69268d000 JavaThread "New I/O worker #3" [_thread_in_native, id=33283, stack(0x000000013128c000,0x000000013138c000)]
  0x00007fe692668800 JavaThread "New I/O worker #2" [_thread_in_native, id=32771, stack(0x0000000131189000,0x0000000131289000)]
  0x00007fe692652000 JavaThread "New I/O worker #1" [_thread_in_native, id=32259, stack(0x0000000130a5f000,0x0000000130b5f000)]
  0x00007fe692631000 JavaThread "FSEvent thread" daemon [_thread_in_native, id=27907, stack(0x000000013095c000,0x0000000130a5c000)]
  0x00007fe68b0e8000 JavaThread "pool-6-thread-5" [_thread_in_native, id=25879, stack(0x0000000130453000,0x0000000130553000)]
  0x00007fe68b2c1800 JavaThread "sbt-web-akka.actor.default-dispatcher-3" [_thread_blocked, id=23319, stack(0x000000012e13f000,0x000000012e23f000)]
  0x00007fe68c9b9000 JavaThread "sbt-web-scheduler-1" [_thread_blocked, id=24599, stack(0x000000012db0f000,0x000000012dc0f000)]
  0x00007fe68b862800 JavaThread "Service Thread" daemon [_thread_blocked, id=20739, stack(0x000000012bab9000,0x000000012bbb9000)]
  0x00007fe68c00e800 JavaThread "C1 CompilerThread3" daemon [_thread_blocked, id=20227, stack(0x000000012b9b6000,0x000000012bab6000)]
  0x00007fe68b027000 JavaThread "C2 CompilerThread2" daemon [_thread_blocked, id=19715, stack(0x000000012b8b3000,0x000000012b9b3000)]
=>0x00007fe68c006000 JavaThread "C2 CompilerThread1" daemon [_thread_in_vm, id=19203, stack(0x000000012b7b0000,0x000000012b8b0000)]
  0x00007fe68c004000 JavaThread "C2 CompilerThread0" daemon [_thread_blocked, id=18691, stack(0x000000012b6ad000,0x000000012b7ad000)]
  0x00007fe68b861800 JavaThread "Signal Dispatcher" daemon [_thread_blocked, id=18203, stack(0x000000012b5aa000,0x000000012b6aa000)]
  0x00007fe68b84d800 JavaThread "Finalizer" daemon [_thread_blocked, id=13571, stack(0x0000000129b96000,0x0000000129c96000)]
  0x00007fe68b804000 JavaThread "Reference Handler" daemon [_thread_blocked, id=13059, stack(0x0000000129a93000,0x0000000129b93000)]
  0x00007fe68c800800 JavaThread "main" [_thread_blocked, id=3847, stack(0x0000000110520000,0x0000000110620000)]

Other Threads:
  0x00007fe68b019000 VMThread [stack: 0x0000000129990000,0x0000000129a90000] [id=12547]
  0x00007fe68b836800 WatcherThread [stack: 0x000000012bbbc000,0x000000012bcbc000] [id=21251]

VM state:not at safepoint (normal execution)

VM Mutex/Monitor currently owned by a thread:  ([mutex/lock_event])
[0x00007fe68ad02d50] CodeCache_lock - owner thread: 0x00007fe68c006000

Heap:
 PSYoungGen      total 1010176K, used 88363K [0x0000000780000000, 0x00000007bfa80000, 0x00000007c0000000)
  eden space 982528K, 8% used [0x0000000780000000,0x0000000785162dd0,0x00000007bbf80000)
  from space 27648K, 18% used [0x00000007bdf80000,0x00000007be468060,0x00000007bfa80000)
  to   space 30208K, 0% used [0x00000007bbf80000,0x00000007bbf80000,0x00000007bdd00000)
 ParOldGen       total 349696K, used 111175K [0x0000000700000000, 0x0000000715580000, 0x0000000780000000)
  object space 349696K, 31% used [0x0000000700000000,0x0000000706c91d68,0x0000000715580000)
 Metaspace       used 152489K, capacity 153410K, committed 153728K, reserved 1175552K
  class space    used 27489K, capacity 27775K, committed 27776K, reserved 1048576K

Card table byte_map: [0x000000011fa16000,0x0000000120017000] byte_map_base: 0x000000011c216000

Marking Bits: (ParMarkBitMap*) 0x000000010fe9e410
 Begin Bits: [0x0000000120c2f000, 0x0000000123c2f000)
 End Bits:   [0x0000000123c2f000, 0x0000000126c2f000)

Polling page: 0x000000010e5e0000

CodeCache: size=245760Kb used=50263Kb max_used=50684Kb free=195496Kb
 bounds [0x0000000110656000, 0x0000000113836000, 0x000000011f656000]
 total_blobs=17423 nmethods=16865 adapters=466
 compilation: enabled

Compilation events (10 events):
Event: 11305.187 Thread 0x00007fe68c006000 nmethod 21316 0x0000000110e50510 code [0x0000000110e50660, 0x0000000110e507b8]
Event: 11305.187 Thread 0x00007fe68c00e800 nmethod 21323 0x0000000110f53290 code [0x0000000110f53400, 0x0000000110f53650]
Event: 11305.187 Thread 0x00007fe68c00e800 21324       3       java.util.concurrent.ConcurrentSkipListMap::access$000 (4 bytes)
Event: 11305.187 Thread 0x00007fe68c00e800 nmethod 21324 0x0000000110f52f90 code [0x0000000110f530e0, 0x0000000110f53210]
Event: 11305.191 Thread 0x00007fe68c004000 nmethod 21317 0x0000000111abaa50 code [0x0000000111ababc0, 0x0000000111abaee8]
Event: 11305.213 Thread 0x00007fe68b027000 nmethod 21311 0x00000001134c8050 code [0x00000001134c8360, 0x00000001134c99a0]
Event: 11378.920 Thread 0x00007fe68c006000 21325       4       scala.collection.immutable.Map$::empty (5 bytes)
Event: 11378.920 Thread 0x00007fe68c006000 nmethod 21325 0x0000000112f31ed0 code [0x0000000112f32020, 0x0000000112f32098]
Event: 11378.922 Thread 0x00007fe68c006000 21326       4       java.util.concurrent.locks.ReentrantReadWriteLock$NonfairSync::readerShouldBlock (5 bytes)
Event: 11378.923 Thread 0x00007fe68c006000 nmethod 21326 0x0000000110e50250 code [0x0000000110e503a0, 0x0000000110e50448]

GC Heap History (10 events):
Event: 7496.201 GC heap before
{Heap before GC invocations=43 (full 11):
 PSYoungGen      total 998400K, used 192K [0x0000000780000000, 0x00000007bf500000, 0x00000007c0000000)
  eden space 962560K, 0% used [0x0000000780000000,0x0000000780000000,0x00000007bac00000)
  from space 35840K, 0% used [0x00000007bd200000,0x00000007bd230000,0x00000007bf500000)
  to   space 37376K, 0% used [0x00000007bac00000,0x00000007bac00000,0x00000007bd080000)
 ParOldGen       total 349696K, used 114797K [0x0000000700000000, 0x0000000715580000, 0x0000000780000000)
  object space 349696K, 32% used [0x0000000700000000,0x000000070701b660,0x0000000715580000)
 Metaspace       used 143791K, capacity 144684K, committed 145536K, reserved 1169408K
  class space    used 25973K, capacity 26230K, committed 26496K, reserved 1048576K
Event: 7496.542 GC heap after
Heap after GC invocations=43 (full 11):
 PSYoungGen      total 998400K, used 0K [0x0000000780000000, 0x00000007bf500000, 0x00000007c0000000)
  eden space 962560K, 0% used [0x0000000780000000,0x0000000780000000,0x00000007bac00000)
  from space 35840K, 0% used [0x00000007bd200000,0x00000007bd200000,0x00000007bf500000)
  to   space 37376K, 0% used [0x00000007bac00000,0x00000007bac00000,0x00000007bd080000)
 ParOldGen       total 349696K, used 111159K [0x0000000700000000, 0x0000000715580000, 0x0000000780000000)
  object space 349696K, 31% used [0x0000000700000000,0x0000000706c8dd68,0x0000000715580000)
 Metaspace       used 143791K, capacity 144684K, committed 145536K, reserved 1169408K
  class space    used 25973K, capacity 26230K, committed 26496K, reserved 1048576K
}
Event: 7497.255 GC heap before
{Heap before GC invocations=44 (full 11):
 PSYoungGen      total 998400K, used 962560K [0x0000000780000000, 0x00000007bf500000, 0x00000007c0000000)
  eden space 962560K, 100% used [0x0000000780000000,0x00000007bac00000,0x00000007bac00000)
  from space 35840K, 0% used [0x00000007bd200000,0x00000007bd200000,0x00000007bf500000)
  to   space 37376K, 0% used [0x00000007bac00000,0x00000007bac00000,0x00000007bd080000)
 ParOldGen       total 349696K, used 111159K [0x0000000700000000, 0x0000000715580000, 0x0000000780000000)
  object space 349696K, 31% used [0x0000000700000000,0x0000000706c8dd68,0x0000000715580000)
 Metaspace       used 144133K, capacity 145052K, committed 145536K, reserved 1169408K
  class space    used 25995K, capacity 26270K, committed 26496K, reserved 1048576K
Event: 7497.260 GC heap after
Heap after GC invocations=44 (full 11):
 PSYoungGen      total 999936K, used 3102K [0x0000000780000000, 0x00000007bfe80000, 0x00000007c0000000)
  eden space 962560K, 0% used [0x0000000780000000,0x0000000780000000,0x00000007bac00000)
  from space 37376K, 8% used [0x00000007bac00000,0x00000007baf07920,0x00000007bd080000)
  to   space 35840K, 0% used [0x00000007bdb80000,0x00000007bdb80000,0x00000007bfe80000)
 ParOldGen       total 349696K, used 111167K [0x0000000700000000, 0x0000000715580000, 0x0000000780000000)
  object space 349696K, 31% used [0x0000000700000000,0x0000000706c8fd68,0x0000000715580000)
 Metaspace       used 144133K, capacity 145052K, committed 145536K, reserved 1169408K
  class space    used 25995K, capacity 26270K, committed 26496K, reserved 1048576K
}
Event: 7497.409 GC heap before
{Heap before GC invocations=45 (full 11):
 PSYoungGen      total 999936K, used 965662K [0x0000000780000000, 0x00000007bfe80000, 0x00000007c0000000)
  eden space 962560K, 100% used [0x0000000780000000,0x00000007bac00000,0x00000007bac00000)
  from space 37376K, 8% used [0x00000007bac00000,0x00000007baf07920,0x00000007bd080000)
  to   space 35840K, 0% used [0x00000007bdb80000,0x00000007bdb80000,0x00000007bfe80000)
 ParOldGen       total 349696K, used 111167K [0x0000000700000000, 0x0000000715580000, 0x0000000780000000)
  object space 349696K, 31% used [0x0000000700000000,0x0000000706c8fd68,0x0000000715580000)
 Metaspace       used 144133K, capacity 145052K, committed 145536K, reserved 1169408K
  class space    used 25995K, capacity 26270K, committed 26496K, reserved 1048576K
Event: 7497.412 GC heap after
Heap after GC invocations=45 (full 11):
 PSYoungGen      total 1007104K, used 2851K [0x0000000780000000, 0x00000007bfa80000, 0x00000007c0000000)
  eden space 975360K, 0% used [0x0000000780000000,0x0000000780000000,0x00000007bb880000)
  from space 31744K, 8% used [0x00000007bdb80000,0x00000007bde48ec0,0x00000007bfa80000)
  to   space 33792K, 0% used [0x00000007bb880000,0x00000007bb880000,0x00000007bd980000)
 ParOldGen       total 349696K, used 111167K [0x0000000700000000, 0x0000000715580000, 0x0000000780000000)
  object space 349696K, 31% used [0x0000000700000000,0x0000000706c8fd68,0x0000000715580000)
 Metaspace       used 144133K, capacity 145052K, committed 145536K, reserved 1169408K
  class space    used 25995K, capacity 26270K, committed 26496K, reserved 1048576K
}
Event: 7497.597 GC heap before
{Heap before GC invocations=46 (full 11):
 PSYoungGen      total 1007104K, used 978211K [0x0000000780000000, 0x00000007bfa80000, 0x00000007c0000000)
  eden space 975360K, 100% used [0x0000000780000000,0x00000007bb880000,0x00000007bb880000)
  from space 31744K, 8% used [0x00000007bdb80000,0x00000007bde48ec0,0x00000007bfa80000)
  to   space 33792K, 0% used [0x00000007bb880000,0x00000007bb880000,0x00000007bd980000)
 ParOldGen       total 349696K, used 111167K [0x0000000700000000, 0x0000000715580000, 0x0000000780000000)
  object space 349696K, 31% used [0x0000000700000000,0x0000000706c8fd68,0x0000000715580000)
 Metaspace       used 144136K, capacity 145052K, committed 145536K, reserved 1169408K
  class space    used 25995K, capacity 26270K, committed 26496K, reserved 1048576K
Event: 7497.600 GC heap after
Heap after GC invocations=46 (full 11):
 PSYoungGen      total 1009152K, used 3267K [0x0000000780000000, 0x00000007bff00000, 0x00000007c0000000)
  eden space 975360K, 0% used [0x0000000780000000,0x0000000780000000,0x00000007bb880000)
  from space 33792K, 9% used [0x00000007bb880000,0x00000007bbbb0e48,0x00000007bd980000)
  to   space 32256K, 0% used [0x00000007bdf80000,0x00000007bdf80000,0x00000007bff00000)
 ParOldGen       total 349696K, used 111167K [0x0000000700000000, 0x0000000715580000, 0x0000000780000000)
  object space 349696K, 31% used [0x0000000700000000,0x0000000706c8fd68,0x0000000715580000)
 Metaspace       used 144136K, capacity 145052K, committed 145536K, reserved 1169408K
  class space    used 25995K, capacity 26270K, committed 26496K, reserved 1048576K
}
Event: 10140.858 GC heap before
{Heap before GC invocations=47 (full 11):
 PSYoungGen      total 1009152K, used 978627K [0x0000000780000000, 0x00000007bff00000, 0x00000007c0000000)
  eden space 975360K, 100% used [0x0000000780000000,0x00000007bb880000,0x00000007bb880000)
  from space 33792K, 9% used [0x00000007bb880000,0x00000007bbbb0e48,0x00000007bd980000)
  to   space 32256K, 0% used [0x00000007bdf80000,0x00000007bdf80000,0x00000007bff00000)
 ParOldGen       total 349696K, used 111167K [0x0000000700000000, 0x0000000715580000, 0x0000000780000000)
  object space 349696K, 31% used [0x0000000700000000,0x0000000706c8fd68,0x0000000715580000)
 Metaspace       used 152486K, capacity 153410K, committed 153728K, reserved 1175552K
  class space    used 27489K, capacity 27775K, committed 27776K, reserved 1048576K
Event: 10140.865 GC heap after
Heap after GC invocations=47 (full 11):
 PSYoungGen      total 1010176K, used 5024K [0x0000000780000000, 0x00000007bfa80000, 0x00000007c0000000)
  eden space 982528K, 0% used [0x0000000780000000,0x0000000780000000,0x00000007bbf80000)
  from space 27648K, 18% used [0x00000007bdf80000,0x00000007be468060,0x00000007bfa80000)
  to   space 30208K, 0% used [0x00000007bbf80000,0x00000007bbf80000,0x00000007bdd00000)
 ParOldGen       total 349696K, used 111175K [0x0000000700000000, 0x0000000715580000, 0x0000000780000000)
  object space 349696K, 31% used [0x0000000700000000,0x0000000706c91d68,0x0000000715580000)
 Metaspace       used 152486K, capacity 153410K, committed 153728K, reserved 1175552K
  class space    used 27489K, capacity 27775K, committed 27776K, reserved 1048576K
}

Deoptimization events (10 events):
Event: 7495.264 Thread 0x00007fe68ea1b800 Uncommon trap: reason=class_check action=maybe_recompile pc=0x0000000112a6c7a8 method=scala.collection.Iterator$$anon$14.hasNext()Z @ 40
Event: 7495.264 Thread 0x00007fe68ea1b800 Uncommon trap: reason=class_check action=maybe_recompile pc=0x0000000112a6c7a8 method=scala.collection.Iterator$$anon$14.hasNext()Z @ 40
Event: 7495.373 Thread 0x00007fe68ea1b800 Uncommon trap: reason=class_check action=maybe_recompile pc=0x0000000111e98784 method=scala.Tuple2.equals(Ljava/lang/Object;)Z @ 184
Event: 7495.373 Thread 0x00007fe68ea1b800 Uncommon trap: reason=bimorphic action=maybe_recompile pc=0x0000000111ec6190 method=sbt.MRelation.$plus(Ljava/lang/Object;Lscala/collection/Traversable;)Lsbt/MRelation; @ 1
Event: 7496.863 Thread 0x00007fe692615800 Uncommon trap: reason=range_check action=make_not_entrant pc=0x0000000111b706b0 method=play.twirl.compiler.AbstractGeneratedSource$class.liftedTree1$1(Lplay/twirl/compiler/AbstractGeneratedSource;Lscala/util/matching/Regex;Lscala/util/matching/Regex;)Lsca
Event: 7496.890 Thread 0x00007fe692615800 Uncommon trap: reason=range_check action=make_not_entrant pc=0x00000001137f9538 method=play.twirl.compiler.AbstractGeneratedSource$class.liftedTree1$1(Lplay/twirl/compiler/AbstractGeneratedSource;Lscala/util/matching/Regex;Lscala/util/matching/Regex;)Lsca
Event: 7497.058 Thread 0x00007fe692615800 Uncommon trap: reason=null_check action=make_not_entrant pc=0x0000000111703a50 method=java.lang.ThreadLocal$ThreadLocalMap.getEntryAfterMiss(Ljava/lang/ThreadLocal;ILjava/lang/ThreadLocal$ThreadLocalMap$Entry;)Ljava/lang/ThreadLocal$ThreadLocalMap$Entry; 
Event: 7497.703 Thread 0x00007fe692615800 Uncommon trap: reason=null_check action=make_not_entrant pc=0x0000000110d306f8 method=com.codahale.metrics.MetricRegistry$MetricBuilder$3.isInstance(Lcom/codahale/metrics/Metric;)Z @ 3
Event: 7571.238 Thread 0x00007fe6911a4800 Uncommon trap: reason=bimorphic action=maybe_recompile pc=0x0000000111c193f8 method=play.twirl.api.BaseScalaTemplate._display_(Ljava/lang/Object;Lscala/reflect/Manifest;)Lplay/twirl/api/Appendable; @ 228
Event: 11305.185 Thread 0x00007fe68e0da000 Uncommon trap: reason=unreached action=reinterpret pc=0x0000000111e18e5c method=java.util.concurrent.locks.ReentrantReadWriteLock$Sync.tryAcquireShared(I)I @ 21

Internal exceptions (10 events):
Event: 7587.862 Thread 0x00007fe68ffdf000 Exception <a 'java/security/PrivilegedActionException'> (0x00000007b3d526a0) thrown at [/Users/java_re/workspace/8-2-build-macosx-x86_64/jdk8u31/2394/hotspot/src/share/vm/prims/jvm.cpp, line 1312]
Event: 7587.863 Thread 0x00007fe68ffdf000 Exception <a 'java/security/PrivilegedActionException'> (0x00000007b3d58008) thrown at [/Users/java_re/workspace/8-2-build-macosx-x86_64/jdk8u31/2394/hotspot/src/share/vm/prims/jvm.cpp, line 1312]
Event: 7587.863 Thread 0x00007fe68ffdf000 Exception <a 'java/security/PrivilegedActionException'> (0x00000007b3d5dc70) thrown at [/Users/java_re/workspace/8-2-build-macosx-x86_64/jdk8u31/2394/hotspot/src/share/vm/prims/jvm.cpp, line 1312]
Event: 7587.863 Thread 0x00007fe68ffdf000 Exception <a 'java/security/PrivilegedActionException'> (0x00000007b3d66e88) thrown at [/Users/java_re/workspace/8-2-build-macosx-x86_64/jdk8u31/2394/hotspot/src/share/vm/prims/jvm.cpp, line 1312]
Event: 7587.864 Thread 0x00007fe68ffdf000 Exception <a 'java/security/PrivilegedActionException'> (0x00000007b3d71580) thrown at [/Users/java_re/workspace/8-2-build-macosx-x86_64/jdk8u31/2394/hotspot/src/share/vm/prims/jvm.cpp, line 1312]
Event: 7587.864 Thread 0x00007fe68ffdf000 Exception <a 'java/security/PrivilegedActionException'> (0x00000007b3d790e8) thrown at [/Users/java_re/workspace/8-2-build-macosx-x86_64/jdk8u31/2394/hotspot/src/share/vm/prims/jvm.cpp, line 1312]
Event: 7587.864 Thread 0x00007fe68ffdf000 Exception <a 'java/security/PrivilegedActionException'> (0x00000007b3d7ecc0) thrown at [/Users/java_re/workspace/8-2-build-macosx-x86_64/jdk8u31/2394/hotspot/src/share/vm/prims/jvm.cpp, line 1312]
Event: 7587.865 Thread 0x00007fe68ffdf000 Exception <a 'java/security/PrivilegedActionException'> (0x00000007b3d8a0d0) thrown at [/Users/java_re/workspace/8-2-build-macosx-x86_64/jdk8u31/2394/hotspot/src/share/vm/prims/jvm.cpp, line 1312]
Event: 7587.865 Thread 0x00007fe68ffdf000 Exception <a 'java/security/PrivilegedActionException'> (0x00000007b3d935e8) thrown at [/Users/java_re/workspace/8-2-build-macosx-x86_64/jdk8u31/2394/hotspot/src/share/vm/prims/jvm.cpp, line 1312]
Event: 7587.865 Thread 0x00007fe68ffdf000 Exception <a 'java/security/PrivilegedActionException'> (0x00000007b3d9d350) thrown at [/Users/java_re/workspace/8-2-build-macosx-x86_64/jdk8u31/2394/hotspot/src/share/vm/prims/jvm.cpp, line 1312]

Events (10 events):
Event: 11323.254 Thread 0x00007fe690151000 Thread exited: 0x00007fe690151000
Event: 11335.256 Executing VM operation: RevokeBias
Event: 11335.256 Executing VM operation: RevokeBias done
Event: 11335.256 Thread 0x00007fe68e0da000 Thread exited: 0x00007fe68e0da000
Event: 11349.260 Executing VM operation: RevokeBias
Event: 11349.260 Executing VM operation: RevokeBias done
Event: 11349.260 Thread 0x00007fe68db6a000 Thread exited: 0x00007fe68db6a000
Event: 11378.918 Thread 0x00007fe6911a4800 Thread added: 0x00007fe6911a4800
Event: 11378.922 Thread 0x00007fe68c006000 flushing nmethod 0x000000011090e990
Event: 11378.922 Thread 0x00007fe68c006000 flushing nmethod 0x0000000110917050


Dynamic libraries:
0x00000000052e0000 	/System/Library/Frameworks/Cocoa.framework/Versions/A/Cocoa
0x00000000052e0000 	/System/Library/Frameworks/Security.framework/Versions/A/Security
0x00000000052e0000 	/System/Library/Frameworks/ApplicationServices.framework/Versions/A/ApplicationServices
0x00000000052e0000 	/usr/lib/libz.1.dylib
0x00000000052e0000 	/usr/lib/libSystem.B.dylib
0x00000000052e0000 	/usr/lib/libobjc.A.dylib
0x00000000052e0000 	/System/Library/Frameworks/CoreFoundation.framework/Versions/A/CoreFoundation
0x00000000052e0000 	/System/Library/Frameworks/Foundation.framework/Versions/C/Foundation
0x00000000052e0000 	/System/Library/Frameworks/AppKit.framework/Versions/C/AppKit
0x00000000052e0000 	/System/Library/Frameworks/CoreData.framework/Versions/A/CoreData
0x00000000052e0000 	/System/Library/PrivateFrameworks/RemoteViewServices.framework/Versions/A/RemoteViewServices
0x00000000052e0000 	/System/Library/PrivateFrameworks/UIFoundation.framework/Versions/A/UIFoundation
0x00000000052e0000 	/System/Library/Frameworks/IOSurface.framework/Versions/A/IOSurface
0x00000000052e0000 	/System/Library/Frameworks/AudioToolbox.framework/Versions/A/AudioToolbox
0x00000000052e0000 	/System/Library/Frameworks/AudioUnit.framework/Versions/A/AudioUnit
0x00000000052e0000 	/System/Library/PrivateFrameworks/DataDetectorsCore.framework/Versions/A/DataDetectorsCore
0x00000000052e0000 	/System/Library/PrivateFrameworks/DesktopServicesPriv.framework/Versions/A/DesktopServicesPriv
0x00000000052e0000 	/System/Library/Frameworks/Carbon.framework/Versions/A/Frameworks/HIToolbox.framework/Versions/A/HIToolbox
0x00000000052e0000 	/System/Library/Frameworks/QuartzCore.framework/Versions/A/QuartzCore
0x00000000052e0000 	/System/Library/Frameworks/Carbon.framework/Versions/A/Frameworks/SpeechRecognition.framework/Versions/A/SpeechRecognition
0x00000000052e0000 	/usr/lib/libauto.dylib
0x00000000052e0000 	/usr/lib/libicucore.A.dylib
0x00000000052e0000 	/usr/lib/libxml2.2.dylib
0x00000000052e0000 	/System/Library/PrivateFrameworks/CoreUI.framework/Versions/A/CoreUI
0x00000000052e0000 	/System/Library/Frameworks/CoreAudio.framework/Versions/A/CoreAudio
0x00000000052e0000 	/System/Library/Frameworks/DiskArbitration.framework/Versions/A/DiskArbitration
0x00000000052e0000 	/usr/lib/liblangid.dylib
0x00000000052e0000 	/System/Library/PrivateFrameworks/MultitouchSupport.framework/Versions/A/MultitouchSupport
0x00000000052e0000 	/System/Library/Frameworks/IOKit.framework/Versions/A/IOKit
0x00000000052e0000 	/usr/lib/libDiagnosticMessagesClient.dylib
0x00000000052e0000 	/System/Library/Frameworks/CoreServices.framework/Versions/A/CoreServices
0x00000000052e0000 	/System/Library/PrivateFrameworks/PerformanceAnalysis.framework/Versions/A/PerformanceAnalysis
0x00000000052e0000 	/System/Library/PrivateFrameworks/GenerationalStorage.framework/Versions/A/GenerationalStorage
0x00000000052e0000 	/System/Library/Frameworks/OpenGL.framework/Versions/A/OpenGL
0x00000000052e0000 	/System/Library/PrivateFrameworks/Sharing.framework/Versions/A/Sharing
0x00000000052e0000 	/System/Library/Frameworks/CoreGraphics.framework/Versions/A/CoreGraphics
0x00000000052e0000 	/System/Library/Frameworks/CoreText.framework/Versions/A/CoreText
0x00000000052e0000 	/System/Library/Frameworks/ImageIO.framework/Versions/A/ImageIO
0x00000000052e0000 	/usr/lib/libextension.dylib
0x00000000052e0000 	/System/Library/PrivateFrameworks/Backup.framework/Versions/A/Backup
0x00000000052e0000 	/usr/lib/libarchive.2.dylib
0x00000000052e0000 	/System/Library/Frameworks/CFNetwork.framework/Versions/A/CFNetwork
0x00000000052e0000 	/System/Library/Frameworks/SystemConfiguration.framework/Versions/A/SystemConfiguration
0x00000000052e0000 	/usr/lib/libCRFSuite.dylib
0x00000000052e0000 	/usr/lib/libc++.1.dylib
0x00000000052e0000 	/usr/lib/libc++abi.dylib
0x00000000052e0000 	/usr/lib/system/libcache.dylib
0x00000000052e0000 	/usr/lib/system/libcommonCrypto.dylib
0x00000000052e0000 	/usr/lib/system/libcompiler_rt.dylib
0x00000000052e0000 	/usr/lib/system/libcopyfile.dylib
0x00000000052e0000 	/usr/lib/system/libcorecrypto.dylib
0x00000000052e0000 	/usr/lib/system/libdispatch.dylib
0x00000000052e0000 	/usr/lib/system/libdyld.dylib
0x00000000052e0000 	/usr/lib/system/libkeymgr.dylib
0x00000000052e0000 	/usr/lib/system/liblaunch.dylib
0x00000000052e0000 	/usr/lib/system/libmacho.dylib
0x00000000052e0000 	/usr/lib/system/libquarantine.dylib
0x00000000052e0000 	/usr/lib/system/libremovefile.dylib
0x00000000052e0000 	/usr/lib/system/libsystem_asl.dylib
0x00000000052e0000 	/usr/lib/system/libsystem_blocks.dylib
0x00000000052e0000 	/usr/lib/system/libsystem_c.dylib
0x00000000052e0000 	/usr/lib/system/libsystem_configuration.dylib
0x00000000052e0000 	/usr/lib/system/libsystem_coreservices.dylib
0x00000000052e0000 	/usr/lib/system/libsystem_coretls.dylib
0x00000000052e0000 	/usr/lib/system/libsystem_dnssd.dylib
0x00000000052e0000 	/usr/lib/system/libsystem_info.dylib
0x00000000052e0000 	/usr/lib/system/libsystem_kernel.dylib
0x00000000052e0000 	/usr/lib/system/libsystem_m.dylib
0x00000000052e0000 	/usr/lib/system/libsystem_malloc.dylib
0x00000000052e0000 	/usr/lib/system/libsystem_network.dylib
0x00000000052e0000 	/usr/lib/system/libsystem_networkextension.dylib
0x00000000052e0000 	/usr/lib/system/libsystem_notify.dylib
0x00000000052e0000 	/usr/lib/system/libsystem_platform.dylib
0x00000000052e0000 	/usr/lib/system/libsystem_pthread.dylib
0x00000000052e0000 	/usr/lib/system/libsystem_sandbox.dylib
0x00000000052e0000 	/usr/lib/system/libsystem_secinit.dylib
0x00000000052e0000 	/usr/lib/system/libsystem_stats.dylib
0x00000000052e0000 	/usr/lib/system/libsystem_trace.dylib
0x00000000052e0000 	/usr/lib/system/libunc.dylib
0x00000000052e0000 	/usr/lib/system/libunwind.dylib
0x00000000052e0000 	/usr/lib/system/libxpc.dylib
0x00000000052e0000 	/usr/lib/libbz2.1.0.dylib
0x00000000052e0000 	/usr/lib/liblzma.5.dylib
0x00000000052e0000 	/usr/lib/libbsm.0.dylib
0x00000000052e0000 	/usr/lib/libsqlite3.dylib
0x00000000052e0000 	/usr/lib/system/libkxld.dylib
0x00000000052e0000 	/usr/lib/libxar.1.dylib
0x00000000052e0000 	/usr/lib/libpam.2.dylib
0x00000000052e0000 	/usr/lib/libOpenScriptingUtil.dylib
0x00000000052e0000 	/System/Library/Frameworks/CoreServices.framework/Versions/A/Frameworks/FSEvents.framework/Versions/A/FSEvents
0x00000000052e0000 	/System/Library/Frameworks/CoreServices.framework/Versions/A/Frameworks/CarbonCore.framework/Versions/A/CarbonCore
0x00000000052e0000 	/System/Library/Frameworks/CoreServices.framework/Versions/A/Frameworks/Metadata.framework/Versions/A/Metadata
0x00000000052e0000 	/System/Library/Frameworks/CoreServices.framework/Versions/A/Frameworks/OSServices.framework/Versions/A/OSServices
0x00000000052e0000 	/System/Library/Frameworks/CoreServices.framework/Versions/A/Frameworks/SearchKit.framework/Versions/A/SearchKit
0x00000000052e0000 	/System/Library/Frameworks/CoreServices.framework/Versions/A/Frameworks/AE.framework/Versions/A/AE
0x00000000052e0000 	/System/Library/Frameworks/CoreServices.framework/Versions/A/Frameworks/LaunchServices.framework/Versions/A/LaunchServices
0x00000000052e0000 	/System/Library/Frameworks/CoreServices.framework/Versions/A/Frameworks/DictionaryServices.framework/Versions/A/DictionaryServices
0x00000000052e0000 	/System/Library/Frameworks/NetFS.framework/Versions/A/NetFS
0x00000000052e0000 	/System/Library/PrivateFrameworks/NetAuth.framework/Versions/A/NetAuth
0x00000000052e0000 	/System/Library/PrivateFrameworks/login.framework/Versions/A/Frameworks/loginsupport.framework/Versions/A/loginsupport
0x00000000052e0000 	/System/Library/PrivateFrameworks/TCC.framework/Versions/A/TCC
0x00000000052e0000 	/usr/lib/libmecabra.dylib
0x00000000052e0000 	/System/Library/Frameworks/ApplicationServices.framework/Versions/A/Frameworks/ATS.framework/Versions/A/ATS
0x00000000052e0000 	/System/Library/Frameworks/ApplicationServices.framework/Versions/A/Frameworks/ColorSync.framework/Versions/A/ColorSync
0x00000000052e0000 	/System/Library/Frameworks/ApplicationServices.framework/Versions/A/Frameworks/HIServices.framework/Versions/A/HIServices
0x00000000052e0000 	/System/Library/Frameworks/ApplicationServices.framework/Versions/A/Frameworks/LangAnalysis.framework/Versions/A/LangAnalysis
0x00000000052e0000 	/System/Library/Frameworks/ApplicationServices.framework/Versions/A/Frameworks/PrintCore.framework/Versions/A/PrintCore
0x00000000052e0000 	/System/Library/Frameworks/ApplicationServices.framework/Versions/A/Frameworks/QD.framework/Versions/A/QD
0x00000000052e0000 	/System/Library/Frameworks/ApplicationServices.framework/Versions/A/Frameworks/SpeechSynthesis.framework/Versions/A/SpeechSynthesis
0x00000000052e0000 	/System/Library/Frameworks/Accelerate.framework/Versions/A/Accelerate
0x00000000052e0000 	/System/Library/Frameworks/Accelerate.framework/Versions/A/Frameworks/vImage.framework/Versions/A/vImage
0x00000000052e0000 	/System/Library/Frameworks/Accelerate.framework/Versions/A/Frameworks/vecLib.framework/Versions/A/vecLib
0x00000000052e0000 	/System/Library/Frameworks/Accelerate.framework/Versions/A/Frameworks/vecLib.framework/Versions/A/libvDSP.dylib
0x00000000052e0000 	/System/Library/Frameworks/Accelerate.framework/Versions/A/Frameworks/vecLib.framework/Versions/A/libvMisc.dylib
0x00000000052e0000 	/System/Library/Frameworks/Accelerate.framework/Versions/A/Frameworks/vecLib.framework/Versions/A/libLAPACK.dylib
0x00000000052e0000 	/System/Library/Frameworks/Accelerate.framework/Versions/A/Frameworks/vecLib.framework/Versions/A/libBLAS.dylib
0x00000000052e0000 	/System/Library/Frameworks/Accelerate.framework/Versions/A/Frameworks/vecLib.framework/Versions/A/libLinearAlgebra.dylib
0x00000000052e0000 	/System/Library/Frameworks/ApplicationServices.framework/Versions/A/Frameworks/ATS.framework/Versions/A/Resources/libFontParser.dylib
0x00000000052e0000 	/System/Library/Frameworks/ApplicationServices.framework/Versions/A/Frameworks/ATS.framework/Versions/A/Resources/libFontRegistry.dylib
0x00000000052e0000 	/System/Library/PrivateFrameworks/AppleVPA.framework/Versions/A/AppleVPA
0x00000000052e0000 	/System/Library/PrivateFrameworks/AppleJPEG.framework/Versions/A/AppleJPEG
0x00000000052e0000 	/System/Library/Frameworks/ImageIO.framework/Versions/A/Resources/libJPEG.dylib
0x00000000052e0000 	/System/Library/Frameworks/ImageIO.framework/Versions/A/Resources/libTIFF.dylib
0x00000000052e0000 	/System/Library/Frameworks/ImageIO.framework/Versions/A/Resources/libPng.dylib
0x00000000052e0000 	/System/Library/Frameworks/ImageIO.framework/Versions/A/Resources/libGIF.dylib
0x00000000052e0000 	/System/Library/Frameworks/ImageIO.framework/Versions/A/Resources/libJP2.dylib
0x00000000052e0000 	/System/Library/Frameworks/ImageIO.framework/Versions/A/Resources/libRadiance.dylib
0x00000000052e0000 	/System/Library/Frameworks/CoreVideo.framework/Versions/A/CoreVideo
0x00000000052e0000 	/System/Library/Frameworks/OpenGL.framework/Versions/A/Libraries/libGLU.dylib
0x00000000052e0000 	/System/Library/Frameworks/OpenGL.framework/Versions/A/Libraries/libGFXShared.dylib
0x00000000052e0000 	/System/Library/Frameworks/OpenGL.framework/Versions/A/Libraries/libGL.dylib
0x00000000052e0000 	/System/Library/Frameworks/OpenGL.framework/Versions/A/Libraries/libGLImage.dylib
0x00000000052e0000 	/System/Library/Frameworks/OpenGL.framework/Versions/A/Libraries/libCVMSPluginSupport.dylib
0x00000000052e0000 	/System/Library/Frameworks/OpenGL.framework/Versions/A/Libraries/libCoreVMClient.dylib
0x00000000052e0000 	/usr/lib/libcups.2.dylib
0x00000000052e0000 	/System/Library/Frameworks/Kerberos.framework/Versions/A/Kerberos
0x00000000052e0000 	/System/Library/Frameworks/GSS.framework/Versions/A/GSS
0x00000000052e0000 	/usr/lib/libresolv.9.dylib
0x00000000052e0000 	/usr/lib/libiconv.2.dylib
0x00000000052e0000 	/System/Library/PrivateFrameworks/Heimdal.framework/Versions/A/Heimdal
0x00000000052e0000 	/usr/lib/libheimdal-asn1.dylib
0x00000000052e0000 	/System/Library/Frameworks/OpenDirectory.framework/Versions/A/OpenDirectory
0x00000000052e0000 	/System/Library/PrivateFrameworks/CommonAuth.framework/Versions/A/CommonAuth
0x00000000052e0000 	/System/Library/Frameworks/OpenDirectory.framework/Versions/A/Frameworks/CFOpenDirectory.framework/Versions/A/CFOpenDirectory
0x00000000052e0000 	/System/Library/Frameworks/SecurityFoundation.framework/Versions/A/SecurityFoundation
0x00000000052e0000 	/System/Library/PrivateFrameworks/LanguageModeling.framework/Versions/A/LanguageModeling
0x00000000052e0000 	/usr/lib/libcmph.dylib
0x00000000052e0000 	/System/Library/Frameworks/ServiceManagement.framework/Versions/A/ServiceManagement
0x00000000052e0000 	/usr/lib/libxslt.1.dylib
0x00000000052e0000 	/System/Library/Frameworks/Carbon.framework/Versions/A/Frameworks/Ink.framework/Versions/A/Ink
0x00000000052e0000 	/System/Library/Frameworks/QuartzCore.framework/Versions/A/Frameworks/CoreImage.framework/Versions/A/CoreImage
0x00000000052e0000 	/System/Library/PrivateFrameworks/CrashReporterSupport.framework/Versions/A/CrashReporterSupport
0x00000000052e0000 	/System/Library/Frameworks/OpenCL.framework/Versions/A/OpenCL
0x00000000052e0000 	/System/Library/PrivateFrameworks/FaceCore.framework/Versions/A/FaceCore
0x00000000052e0000 	/System/Library/PrivateFrameworks/Ubiquity.framework/Versions/A/Ubiquity
0x00000000052e0000 	/System/Library/PrivateFrameworks/IconServices.framework/Versions/A/IconServices
0x00000000052e0000 	/System/Library/PrivateFrameworks/ChunkingLibrary.framework/Versions/A/ChunkingLibrary
0x00000000052e0000 	/System/Library/PrivateFrameworks/Apple80211.framework/Versions/A/Apple80211
0x00000000052e0000 	/System/Library/Frameworks/CoreWLAN.framework/Versions/A/CoreWLAN
0x00000000052e0000 	/System/Library/Frameworks/IOBluetooth.framework/Versions/A/IOBluetooth
0x00000000052e0000 	/System/Library/PrivateFrameworks/CoreWiFi.framework/Versions/A/CoreWiFi
0x00000000052e0000 	/System/Library/Frameworks/CoreBluetooth.framework/Versions/A/CoreBluetooth
0x00000000052e0000 	/System/Library/PrivateFrameworks/DebugSymbols.framework/Versions/A/DebugSymbols
0x00000000052e0000 	/System/Library/PrivateFrameworks/CoreSymbolication.framework/Versions/A/CoreSymbolication
0x00000000052e0000 	/System/Library/PrivateFrameworks/Symbolication.framework/Versions/A/Symbolication
0x00000000052e0000 	/System/Library/PrivateFrameworks/SpeechRecognitionCore.framework/Versions/A/SpeechRecognitionCore
0x000000010f600000 	/Library/Java/JavaVirtualMachines/jdk1.8.0_31.jdk/Contents/Home/jre/lib/server/libjvm.dylib
0x00000000052e0000 	/usr/lib/libstdc++.6.dylib
0x000000010e5d2000 	/Library/Java/JavaVirtualMachines/jdk1.8.0_31.jdk/Contents/Home/jre/lib/libverify.dylib
0x0000000110622000 	/Library/Java/JavaVirtualMachines/jdk1.8.0_31.jdk/Contents/Home/jre/lib/libjava.dylib
0x000000010e5ea000 	/Library/Java/JavaVirtualMachines/jdk1.8.0_31.jdk/Contents/Home/jre/lib/libzip.dylib
0x0000000129c98000 	/System/Library/Frameworks/JavaVM.framework/Frameworks/JavaRuntimeSupport.framework/JavaRuntimeSupport
0x0000000129cae000 	/System/Library/Frameworks/JavaVM.framework/Versions/A/Frameworks/JavaNativeFoundation.framework/Versions/A/JavaNativeFoundation
0x000000010e5f3000 	/System/Library/Frameworks/JavaVM.framework/Versions/A/JavaVM
0x00000000052e0000 	/System/Library/Frameworks/Carbon.framework/Versions/A/Carbon
0x0000000129cc2000 	/System/Library/PrivateFrameworks/JavaLaunching.framework/Versions/A/JavaLaunching
0x00000000052e0000 	/System/Library/Frameworks/Carbon.framework/Versions/A/Frameworks/CommonPanels.framework/Versions/A/CommonPanels
0x00000000052e0000 	/System/Library/Frameworks/Carbon.framework/Versions/A/Frameworks/Help.framework/Versions/A/Help
0x00000000052e0000 	/System/Library/Frameworks/Carbon.framework/Versions/A/Frameworks/ImageCapture.framework/Versions/A/ImageCapture
0x00000000052e0000 	/System/Library/Frameworks/Carbon.framework/Versions/A/Frameworks/OpenScripting.framework/Versions/A/OpenScripting
0x00000000052e0000 	/System/Library/Frameworks/Carbon.framework/Versions/A/Frameworks/Print.framework/Versions/A/Print
0x00000000052e0000 	/System/Library/Frameworks/Carbon.framework/Versions/A/Frameworks/SecurityHI.framework/Versions/A/SecurityHI
0x000000012bcdc000 	/Library/Java/JavaVirtualMachines/jdk1.8.0_31.jdk/Contents/Home/jre/lib/libnet.dylib
0x000000012bd3b000 	/Library/Java/JavaVirtualMachines/jdk1.8.0_31.jdk/Contents/Home/jre/lib/libnio.dylib
0x000000012daf5000 	/Library/Java/JavaVirtualMachines/jdk1.8.0_31.jdk/Contents/Home/jre/lib/libmanagement.dylib
0x000000012db02000 	/Users/edmundreed/Documents/Projects/Carers/ClaimCapture/c3/target/native_libraries/64bits/libjnotify.jnilib
0x0000000129dd1000 	/Library/Java/JavaVirtualMachines/jdk1.8.0_31.jdk/Contents/Home/jre/lib/libsunec.dylib

VM Arguments:
jvm_args: -Dactivator.home=/usr/local/Cellar/typesafe-activator/1.2.10/libexec -Xms1024m -Xmx1024m -XX:MetaspaceSize=64m -XX:MaxMetaspaceSize=256m -Xms512M -Xmx3072M -XX:MaxHeapSize=3072M -Dcarers.keystore=/Users/edmundreed/Documents/projects/carers/carerskeystore 
java_command: /usr/local/Cellar/typesafe-activator/1.2.10/libexec/activator-launch-1.2.10.jar run
java_class_path (initial): /usr/local/Cellar/typesafe-activator/1.2.10/libexec/activator-launch-1.2.10.jar
Launcher Type: SUN_STANDARD

Environment Variables:
_JAVA_OPTIONS=-Xms512M -Xmx3072M -XX:MaxHeapSize=3072M -Dcarers.keystore=/Users/edmundreed/Documents/projects/carers/carerskeystore
PATH=/usr/local/bin:/usr/bin:/bin:/usr/sbin:/sbin:/usr/local/sbin
SHELL=/bin/bash

Signal Handlers:
SIGSEGV: [libjvm.dylib+0x57a0e7], sa_mask[0]=11111111011111110111111111111111, sa_flags=SA_ONSTACK|SA_RESTART|SA_SIGINFO
SIGBUS: [libjvm.dylib+0x57a0e7], sa_mask[0]=11111111011111110111111111111111, sa_flags=SA_RESTART|SA_SIGINFO
SIGFPE: [libjvm.dylib+0x45af24], sa_mask[0]=11111111011111110111111111111111, sa_flags=SA_RESTART|SA_SIGINFO
SIGPIPE: [libjvm.dylib+0x45af24], sa_mask[0]=11111111011111110111111111111111, sa_flags=SA_RESTART|SA_SIGINFO
SIGXFSZ: [libjvm.dylib+0x45af24], sa_mask[0]=11111111011111110111111111111111, sa_flags=SA_RESTART|SA_SIGINFO
SIGILL: [libjvm.dylib+0x45af24], sa_mask[0]=11111111011111110111111111111111, sa_flags=SA_RESTART|SA_SIGINFO
SIGUSR1: SIG_DFL, sa_mask[0]=11011111011111100000000111000110, sa_flags=none
SIGUSR2: [libjvm.dylib+0x45aa42], sa_mask[0]=00000000000000000000000000000000, sa_flags=SA_RESTART|SA_SIGINFO
SIGHUP: [libjvm.dylib+0x459015], sa_mask[0]=11111111011111110111111111111111, sa_flags=SA_RESTART|SA_SIGINFO
SIGINT: [libjvm.dylib+0x459015], sa_mask[0]=11111111011111110111111111111111, sa_flags=SA_RESTART|SA_SIGINFO
SIGTERM: [libjvm.dylib+0x459015], sa_mask[0]=11111111011111110111111111111111, sa_flags=SA_RESTART|SA_SIGINFO
SIGQUIT: [libjvm.dylib+0x459015], sa_mask[0]=11111111011111110111111111111111, sa_flags=SA_RESTART|SA_SIGINFO


---------------  S Y S T E M  ---------------

OS:Bsduname:Darwin 14.4.0 Darwin Kernel Version 14.4.0: Thu May 28 11:35:04 PDT 2015; root:xnu-2782.30.5~1/RELEASE_X86_64 x86_64
rlimit: STACK 8192k, CORE 0k, NPROC 709, NOFILE 10240, AS infinity
load average:3.26 2.96 2.92

CPU:total 8 (4 cores per cpu, 2 threads per core) family 6 model 70 stepping 1, cmov, cx8, fxsr, mmx, sse, sse2, sse3, ssse3, sse4.1, sse4.2, popcnt, avx, avx2, aes, clmul, erms, lzcnt, ht, tsc, tscinvbit, bmi1, bmi2

Memory: 4k page, physical 16777216k(1118684k free)

/proc/meminfo:


vm_info: Java HotSpot(TM) 64-Bit Server VM (25.31-b07) for bsd-amd64 JRE (1.8.0_31-b13), built on Dec 17 2014 20:45:36 by "java_re" with gcc 4.2.1 (Based on Apple Inc. build 5658) (LLVM build 2336.11.00)

time: Tue Aug 25 13:44:16 2015
elapsed time: 11378 seconds (0d 3h 9m 38s)

