#
# A fatal error has been detected by the Java Runtime Environment:
#
#  SIGSEGV (0xb) at pc=0x000000010ea6de6e, pid=15762, tid=22807
#
# JRE version: Java(TM) SE Runtime Environment (8.0_31-b13) (build 1.8.0_31-b13)
# Java VM: Java HotSpot(TM) 64-Bit Server VM (25.31-b07 mixed mode bsd-amd64 compressed oops)
# Problematic frame:
# J 2813 C2 java.util.concurrent.ConcurrentHashMap.putVal(Ljava/lang/Object;Ljava/lang/Object;Z)Ljava/lang/Object; (362 bytes) @ 0x000000010ea6de6e [0x000000010ea6dac0+0x3ae]
#
# Failed to write core dump. Core dumps have been disabled. To enable core dumping, try "ulimit -c unlimited" before starting Java again
#
# If you would like to submit a bug report, please visit:
#   http://bugreport.java.com/bugreport/crash.jsp
#

---------------  T H R E A D  ---------------

Current thread (0x00007feacec47800):  JavaThread "pool-6-thread-4" [_thread_in_Java, id=22807, stack(0x000000012dd86000,0x000000012de86000)]

siginfo: si_signo: 11 (SIGSEGV), si_code: 1 (SEGV_MAPERR), si_addr: 0x00000000012003ac

Registers:
RAX=0x006f0065006d0069, RBX=0x000000012de82ed0, RCX=0x0000000050bafef1, RDX=0x0000000000003ef1
RSP=0x000000012de82e60, RBP=0x00000000e02cb98c, RSI=0x00000000e0026341, RDI=0x00000000f025f674
R8 =0x0000000000000001, R9 =0x0000000700131a08, R10=0x00000000012003a0, R11=0x0000000000240074
R12=0x0000000000000000, R13=0x00000007001415dc, R14=0x00000007812fb3a0, R15=0x00007feacec47800
RIP=0x000000010ea6de6e, EFLAGS=0x0000000000010246, ERR=0x0000000000000004
  TRAPNO=0x000000000000000e

Top of Stack: (sp=0x000000012de82e60)
0x000000012de82e60:   00000007000ea0e8 00000007812fb4d0
0x000000012de82e70:   f80002da00000001 00000007812fb3a0
0x000000012de82e80:   f025f674e0026341 f025f69a50bafef1
0x000000012de82e90:   00000007c0033c80 e02cb98c00003ef1
0x000000012de82ea0:   0000000700131a08 00000000012003a0
0x000000012de82eb0:   0000000100000002 000000070165cc60
0x000000012de82ec0:   0000000000000007 00007feacc120790
0x000000012de82ed0:   006f0065006d0069 00000000000003d8
0x000000012de82ee0:   00000007812fb4d0 000000010ec873f4
0x000000012de82ef0:   00000007812fb3a0 e001d41d00000000
0x000000012de82f00:   000000070000d430 00007feacec47800
0x000000012de82f10:   000000012de82f60 000000010e382cfc
0x000000012de82f20:   0000000700015d98 00000007812fb3a0
0x000000012de82f30:   0000000100000001 0000000701761d50
0x000000012de82f40:   0000000000000007 0000000100000000
0x000000012de82f50:   000000012de82f60 000000010d65d097
0x000000012de82f60:   00000007c0003ef8 000000010ec875d4
0x000000012de82f70:   00000007812fb3a0 e0002bbe00000000
0x000000012de82f80:   0000000700015d98 00000007812fb420
0x000000012de82f90:   00002265c84ca47c 0000000124e0f878
0x000000012de82fa0:   0000000000000007 000000010d5a2975
0x000000012de82fb0:   0000000100000001 00007feacec47800
0x000000012de82fc0:   0000000000000001 0000000124e0f878
0x000000012de82fd0:   000000012de82ff0 0000000124e0f878
0x000000012de82fe0:   000000012de83090 000000010e7b1920
0x000000012de82ff0:   0000000000000001 0000000124e0f878
0x000000012de83000:   000000012de83090 000000010e2224e7
0x000000012de83010:   000000012de830a0 000000010e2224e7
0x000000012de83020:   00000007812fb3a0 0000000700015d98
0x000000012de83030:   0000000700001fa0 000000000000000c
0x000000012de83040:   00007feacec47800 0000000000000002
0x000000012de83050:   000000010e22245f 0000000124e0f878 

Instructions: (pc=0x000000010ea6de6e)
0x000000010ea6de4e:   4c 89 54 24 48 41 ba 07 00 00 00 41 b8 01 00 00
0x000000010ea6de5e:   00 4c 89 54 24 60 44 89 44 24 50 4c 8b 54 24 48
0x000000010ea6de6e:   45 8b 5a 0c 44 3b 5c 24 28 0f 85 41 01 00 00 41
0x000000010ea6de7e:   8b 6a 10 4c 8b d5 49 c1 e2 03 4c 3b 54 24 18 0f 

Register to memory mapping:

RAX=0x006f0065006d0069 is an unknown value
RBX=0x000000012de82ed0 is pointing into the stack for thread: 0x00007feacec47800
RCX=0x0000000050bafef1 is an unknown value
RDX=0x0000000000003ef1 is an unknown value
RSP=0x000000012de82e60 is pointing into the stack for thread: 0x00007feacec47800
RBP=0x00000000e02cb98c is an unknown value
RSI=0x00000000e0026341 is an unknown value
RDI=0x00000000f025f674 is an unknown value
R8 =0x0000000000000001 is an unknown value
R9 =0x0000000700131a08 is an oop
[Ljava.util.concurrent.ConcurrentHashMap$Node; 
 - klass: 'java/util/concurrent/ConcurrentHashMap$Node'[]
 - length: 16384
R10=0x00000000012003a0 is an unknown value
R11=0x0000000000240074 is an unknown value
R12=0x0000000000000000 is an unknown value
R13=0x00000007001415dc is pointing into object: 0x0000000700131a08
[Ljava.util.concurrent.ConcurrentHashMap$Node; 
 - klass: 'java/util/concurrent/ConcurrentHashMap$Node'[]
 - length: 16384
R14=0x00000007812fb3a0 is an oop
java.lang.String 
 - klass: 'java/lang/String'
R15=0x00007feacec47800 is a thread


Stack: [0x000000012dd86000,0x000000012de86000],  sp=0x000000012de82e60,  free space=1011k
Native frames: (J=compiled Java code, j=interpreted, Vv=VM code, C=native code)
J 2813 C2 java.util.concurrent.ConcurrentHashMap.putVal(Ljava/lang/Object;Ljava/lang/Object;Z)Ljava/lang/Object; (362 bytes) @ 0x000000010ea6de6e [0x000000010ea6dac0+0x3ae]


---------------  P R O C E S S  ---------------

Java Threads: ( => current thread )
  0x00007feacb0e2000 JavaThread "pool-6-thread-7" [_thread_blocked, id=26371, stack(0x000000012f1ea000,0x000000012f2ea000)]
  0x00007feacf9a9800 JavaThread "pool-6-thread-6" [_thread_blocked, id=24079, stack(0x000000012ea76000,0x000000012eb76000)]
  0x00007feacf9a8800 JavaThread "pool-6-thread-5" [_thread_blocked, id=24599, stack(0x000000012e973000,0x000000012ea73000)]
=>0x00007feacec47800 JavaThread "pool-6-thread-4" [_thread_in_Java, id=22807, stack(0x000000012dd86000,0x000000012de86000)]
  0x00007feacd872000 JavaThread "pool-6-thread-3" [_thread_blocked, id=22551, stack(0x000000012dc83000,0x000000012dd83000)]
  0x00007feacf6f1000 JavaThread "pool-6-thread-2" [_thread_blocked, id=16139, stack(0x000000012db80000,0x000000012dc80000)]
  0x00007feacf555000 JavaThread "pool-6-thread-1" [_thread_blocked, id=23575, stack(0x000000012c9d0000,0x000000012cad0000)]
  0x00007feacb50b000 JavaThread "sbt-web-akka.actor.default-dispatcher-4" [_thread_blocked, id=14351, stack(0x000000012f0e7000,0x000000012f1e7000)]
  0x00007feaca84a800 JavaThread "sbt-web-akka.actor.default-dispatcher-3" [_thread_blocked, id=26135, stack(0x000000012efe4000,0x000000012f0e4000)]
  0x00007feaca2c1800 JavaThread "sbt-web-akka.actor.default-dispatcher-2" [_thread_blocked, id=25111, stack(0x000000012eee1000,0x000000012efe1000)]
  0x00007feacfec2000 JavaThread "sbt-web-scheduler-1" [_thread_blocked, id=23319, stack(0x000000012bc3c000,0x000000012bd3c000)]
  0x00007feacb915000 JavaThread "process reaper" daemon [_thread_blocked, id=21763, stack(0x000000012a4a9000,0x000000012a4d1000)]
  0x00007feacb848000 JavaThread "Service Thread" daemon [_thread_blocked, id=20739, stack(0x000000012963d000,0x000000012973d000)]
  0x00007feaca064800 JavaThread "C1 CompilerThread3" daemon [_thread_blocked, id=20227, stack(0x000000012953a000,0x000000012963a000)]
  0x00007feaca808800 JavaThread "C2 CompilerThread2" daemon [_thread_blocked, id=19715, stack(0x0000000129437000,0x0000000129537000)]
  0x00007feaca05b800 JavaThread "C2 CompilerThread1" daemon [_thread_blocked, id=19203, stack(0x0000000129334000,0x0000000129434000)]
  0x00007feaca803000 JavaThread "C2 CompilerThread0" daemon [_thread_in_native, id=18691, stack(0x0000000129231000,0x0000000129331000)]
  0x00007feaca00b000 JavaThread "Signal Dispatcher" daemon [_thread_blocked, id=14611, stack(0x000000012912e000,0x000000012922e000)]
  0x00007feaca047000 JavaThread "Finalizer" daemon [_thread_blocked, id=13571, stack(0x0000000127726000,0x0000000127826000)]
  0x00007feaca046000 JavaThread "Reference Handler" daemon [_thread_blocked, id=13059, stack(0x0000000127623000,0x0000000127723000)]
  0x00007feacb806800 JavaThread "main" [_thread_blocked, id=4103, stack(0x000000010e120000,0x000000010e220000)]

Other Threads:
  0x00007feacb019000 VMThread [stack: 0x0000000127520000,0x0000000127620000] [id=12547]
  0x00007feaca80c800 WatcherThread [stack: 0x0000000129740000,0x0000000129840000] [id=21251]

VM state:not at safepoint (normal execution)

VM Mutex/Monitor currently owned by a thread: None

Heap:
 PSYoungGen      total 321024K, used 19920K [0x0000000780000000, 0x0000000798600000, 0x00000007c0000000)
  eden space 258048K, 7% used [0x0000000780000000,0x0000000781374138,0x000000078fc00000)
  from space 62976K, 0% used [0x0000000793e80000,0x0000000793e80000,0x0000000797c00000)
  to   space 68096K, 0% used [0x000000078fc00000,0x000000078fc00000,0x0000000793e80000)
 ParOldGen       total 349696K, used 49244K [0x0000000700000000, 0x0000000715580000, 0x0000000780000000)
  object space 349696K, 14% used [0x0000000700000000,0x0000000703017210,0x0000000715580000)
 Metaspace       used 68507K, capacity 68902K, committed 70400K, reserved 1105920K
  class space    used 13214K, capacity 13370K, committed 13824K, reserved 1048576K

Card table byte_map: [0x000000011d5e2000,0x000000011dbe3000] byte_map_base: 0x0000000119de2000

Marking Bits: (ParMarkBitMap*) 0x000000010da9e410
 Begin Bits: [0x000000011e7fb000, 0x00000001217fb000)
 End Bits:   [0x00000001217fb000, 0x00000001247fb000)

Polling page: 0x000000010c199000

CodeCache: size=245760Kb used=24956Kb max_used=25180Kb free=220803Kb
 bounds [0x000000010e222000, 0x000000010fb02000, 0x000000011d222000]
 total_blobs=8836 nmethods=8363 adapters=381
 compilation: enabled

Compilation events (10 events):
Event: 11.053 Thread 0x00007feaca808800 nmethod 9967 0x000000010f49fe90 code [0x000000010f49ffe0, 0x000000010f4a0278]
Event: 11.053 Thread 0x00007feaca05b800 nmethod 9970 0x000000010f49fb90 code [0x000000010f49fce0, 0x000000010f49fdc8]
Event: 11.054 Thread 0x00007feaca064800 nmethod 9969 0x000000010f493d90 code [0x000000010f494540, 0x000000010f499318]
Event: 11.054 Thread 0x00007feaca064800 9977       1       org.apache.ivy.core.module.descriptor.DefaultDependencyDescriptor::getDependencyRevisionId (5 bytes)
Event: 11.054 Thread 0x00007feaca064800 nmethod 9977 0x000000010f722550 code [0x000000010f7226a0, 0x000000010f7227b0]
Event: 11.054 Thread 0x00007feaca064800 9972       3       scala.collection.immutable.StringOps::r (5 bytes)
Event: 11.054 Thread 0x00007feaca064800 nmethod 9972 0x000000010f84a010 code [0x000000010f84a1c0, 0x000000010f84a888]
Event: 11.054 Thread 0x00007feaca064800 9973       3       scala.collection.immutable.StringLike$class::r (10 bytes)
Event: 11.055 Thread 0x00007feaca064800 nmethod 9973 0x000000010f49f750 code [0x000000010f49f8c0, 0x000000010f49fac8]
Event: 11.055 Thread 0x00007feaca064800 9974       3       scala.collection.immutable.StringOps::r (6 bytes)

GC Heap History (10 events):
Event: 5.718 GC heap before
{Heap before GC invocations=8 (full 2):
 PSYoungGen      total 153088K, used 142353K [0x0000000780000000, 0x000000078aa80000, 0x00000007c0000000)
  eden space 131584K, 100% used [0x0000000780000000,0x0000000788080000,0x0000000788080000)
  from space 21504K, 50% used [0x0000000788080000,0x0000000788b04440,0x0000000789580000)
  to   space 21504K, 0% used [0x0000000789580000,0x0000000789580000,0x000000078aa80000)
 ParOldGen       total 349696K, used 12880K [0x0000000700000000, 0x0000000715580000, 0x0000000780000000)
  object space 349696K, 3% used [0x0000000700000000,0x0000000700c940e0,0x0000000715580000)
 Metaspace       used 47579K, capacity 48026K, committed 48128K, reserved 1087488K
  class space    used 9067K, capacity 9215K, committed 9216K, reserved 1048576K
Event: 5.739 GC heap after
Heap after GC invocations=8 (full 2):
 PSYoungGen      total 153088K, used 21489K [0x0000000780000000, 0x0000000792b00000, 0x00000007c0000000)
  eden space 131584K, 0% used [0x0000000780000000,0x0000000780000000,0x0000000788080000)
  from space 21504K, 99% used [0x0000000789580000,0x000000078aa7c6d0,0x000000078aa80000)
  to   space 21504K, 0% used [0x0000000788080000,0x0000000788080000,0x0000000789580000)
 ParOldGen       total 349696K, used 29037K [0x0000000700000000, 0x0000000715580000, 0x0000000780000000)
  object space 349696K, 8% used [0x0000000700000000,0x0000000701c5b4e8,0x0000000715580000)
 Metaspace       used 47579K, capacity 48026K, committed 48128K, reserved 1087488K
  class space    used 9067K, capacity 9215K, committed 9216K, reserved 1048576K
}
Event: 6.959 GC heap before
{Heap before GC invocations=9 (full 2):
 PSYoungGen      total 153088K, used 153073K [0x0000000780000000, 0x0000000792b00000, 0x00000007c0000000)
  eden space 131584K, 100% used [0x0000000780000000,0x0000000788080000,0x0000000788080000)
  from space 21504K, 99% used [0x0000000789580000,0x000000078aa7c6d0,0x000000078aa80000)
  to   space 21504K, 0% used [0x0000000788080000,0x0000000788080000,0x0000000789580000)
 ParOldGen       total 349696K, used 29037K [0x0000000700000000, 0x0000000715580000, 0x0000000780000000)
  object space 349696K, 8% used [0x0000000700000000,0x0000000701c5b4e8,0x0000000715580000)
 Metaspace       used 53278K, capacity 53798K, committed 54016K, reserved 1093632K
  class space    used 10214K, capacity 10375K, committed 10496K, reserved 1048576K
Event: 7.001 GC heap after
Heap after GC invocations=9 (full 2):
 PSYoungGen      total 153088K, used 21498K [0x0000000780000000, 0x0000000797c00000, 0x00000007c0000000)
  eden space 131584K, 0% used [0x0000000780000000,0x0000000780000000,0x0000000788080000)
  from space 21504K, 99% used [0x0000000788080000,0x000000078957e880,0x0000000789580000)
  to   space 62976K, 0% used [0x0000000793e80000,0x0000000793e80000,0x0000000797c00000)
 ParOldGen       total 349696K, used 79990K [0x0000000700000000, 0x0000000715580000, 0x0000000780000000)
  object space 349696K, 22% used [0x0000000700000000,0x0000000704e1dbd0,0x0000000715580000)
 Metaspace       used 53278K, capacity 53798K, committed 54016K, reserved 1093632K
  class space    used 10214K, capacity 10375K, committed 10496K, reserved 1048576K
}
Event: 9.116 GC heap before
{Heap before GC invocations=10 (full 2):
 PSYoungGen      total 153088K, used 153082K [0x0000000780000000, 0x0000000797c00000, 0x00000007c0000000)
  eden space 131584K, 100% used [0x0000000780000000,0x0000000788080000,0x0000000788080000)
  from space 21504K, 99% used [0x0000000788080000,0x000000078957e880,0x0000000789580000)
  to   space 62976K, 0% used [0x0000000793e80000,0x0000000793e80000,0x0000000797c00000)
 ParOldGen       total 349696K, used 79990K [0x0000000700000000, 0x0000000715580000, 0x0000000780000000)
  object space 349696K, 22% used [0x0000000700000000,0x0000000704e1dbd0,0x0000000715580000)
 Metaspace       used 61231K, capacity 61816K, committed 62080K, reserved 1099776K
  class space    used 11825K, capacity 12048K, committed 12160K, reserved 1048576K
Event: 9.148 GC heap after
Heap after GC invocations=10 (full 2):
 PSYoungGen      total 321024K, used 46711K [0x0000000780000000, 0x0000000798600000, 0x00000007c0000000)
  eden space 258048K, 0% used [0x0000000780000000,0x0000000780000000,0x000000078fc00000)
  from space 62976K, 74% used [0x0000000793e80000,0x0000000796c1de98,0x0000000797c00000)
  to   space 68096K, 0% used [0x000000078fc00000,0x000000078fc00000,0x0000000793e80000)
 ParOldGen       total 349696K, used 79998K [0x0000000700000000, 0x0000000715580000, 0x0000000780000000)
  object space 349696K, 22% used [0x0000000700000000,0x0000000704e1fbd0,0x0000000715580000)
 Metaspace       used 61231K, capacity 61816K, committed 62080K, reserved 1099776K
  class space    used 11825K, capacity 12048K, committed 12160K, reserved 1048576K
}
Event: 10.645 GC heap before
{Heap before GC invocations=11 (full 2):
 PSYoungGen      total 321024K, used 304759K [0x0000000780000000, 0x0000000798600000, 0x00000007c0000000)
  eden space 258048K, 100% used [0x0000000780000000,0x000000078fc00000,0x000000078fc00000)
  from space 62976K, 74% used [0x0000000793e80000,0x0000000796c1de98,0x0000000797c00000)
  to   space 68096K, 0% used [0x000000078fc00000,0x000000078fc00000,0x0000000793e80000)
 ParOldGen       total 349696K, used 79998K [0x0000000700000000, 0x0000000715580000, 0x0000000780000000)
  object space 349696K, 22% used [0x0000000700000000,0x0000000704e1fbd0,0x0000000715580000)
 Metaspace       used 69573K, capacity 70180K, committed 70400K, reserved 1105920K
  class space    used 13518K, capacity 13752K, committed 13824K, reserved 1048576K
Event: 10.748 GC heap after
Heap after GC invocations=11 (full 2):
 PSYoungGen      total 321024K, used 304759K [0x0000000780000000, 0x0000000798600000, 0x00000007c0000000)
  eden space 258048K, 100% used [0x0000000780000000,0x000000078fc00000,0x000000078fc00000)
  from space 62976K, 74% used [0x0000000793e80000,0x0000000796c1de98,0x0000000797c00000)
  to   space 68096K, 81% used [0x000000078fc00000,0x0000000793202a00,0x0000000793e80000)
 ParOldGen       total 2097152K, used 80006K [0x0000000700000000, 0x0000000780000000, 0x0000000780000000)
  object space 2097152K, 3% used [0x0000000700000000,0x0000000704e21bd0,0x0000000780000000)
 Metaspace       used 69573K, capacity 70180K, committed 70400K, reserved 1105920K
  class space    used 13518K, capacity 13752K, committed 13824K, reserved 1048576K
}
Event: 10.748 GC heap before
{Heap before GC invocations=12 (full 3):
 PSYoungGen      total 321024K, used 304759K [0x0000000780000000, 0x0000000798600000, 0x00000007c0000000)
  eden space 258048K, 100% used [0x0000000780000000,0x000000078fc00000,0x000000078fc00000)
  from space 62976K, 74% used [0x0000000793e80000,0x0000000796c1de98,0x0000000797c00000)
  to   space 68096K, 81% used [0x000000078fc00000,0x0000000793202a00,0x0000000793e80000)
 ParOldGen       total 2097152K, used 80006K [0x0000000700000000, 0x0000000780000000, 0x0000000780000000)
  object space 2097152K, 3% used [0x0000000700000000,0x0000000704e21bd0,0x0000000780000000)
 Metaspace       used 69573K, capacity 70180K, committed 70400K, reserved 1105920K
  class space    used 13518K, capacity 13752K, committed 13824K, reserved 1048576K
Event: 11.016 GC heap after
Heap after GC invocations=12 (full 3):
 PSYoungGen      total 321024K, used 0K [0x0000000780000000, 0x0000000798600000, 0x00000007c0000000)
  eden space 258048K, 0% used [0x0000000780000000,0x0000000780000000,0x000000078fc00000)
  from space 62976K, 0% used [0x0000000793e80000,0x0000000793e80000,0x0000000797c00000)
  to   space 68096K, 0% used [0x000000078fc00000,0x000000078fc00000,0x0000000793e80000)
 ParOldGen       total 349696K, used 49244K [0x0000000700000000, 0x0000000715580000, 0x0000000780000000)
  object space 349696K, 14% used [0x0000000700000000,0x0000000703017210,0x0000000715580000)
 Metaspace       used 68391K, capacity 68838K, committed 70400K, reserved 1105920K
  class space    used 13199K, capacity 13370K, committed 13824K, reserved 1048576K
}

Deoptimization events (10 events):
Event: 10.582 Thread 0x00007feacb806800 Uncommon trap: reason=class_check action=maybe_recompile pc=0x000000010eb5ba0c method=sbt.complete.Repeat.repeatDerive(CLscala/collection/immutable/List;)Lsbt/complete/Parser; @ 12
Event: 10.592 Thread 0x00007feacb806800 Uncommon trap: reason=unreached action=reinterpret pc=0x000000010eae89e0 method=sbt.complete.Parser$$anonfun$mapParser$1.apply()Lsbt/complete/Parser; @ 14
Event: 10.592 Thread 0x00007feacb806800 Uncommon trap: reason=unreached action=reinterpret pc=0x000000010eae64e0 method=sbt.complete.Parser$$anonfun$mapParser$1.apply()Lsbt/complete/Parser; @ 14
Event: 10.604 Thread 0x00007feacb806800 Uncommon trap: reason=class_check action=maybe_recompile pc=0x000000010eb5a12c method=sbt.ScopeAxis$class.fold(Lsbt/ScopeAxis;Lscala/Function1;Lscala/Function0;Lscala/Function0;)Ljava/lang/Object; @ 106
Event: 10.604 Thread 0x00007feacb806800 Uncommon trap: reason=class_check action=maybe_recompile pc=0x000000010eb5a12c method=sbt.ScopeAxis$class.fold(Lsbt/ScopeAxis;Lscala/Function1;Lscala/Function0;Lscala/Function0;)Ljava/lang/Object; @ 106
Event: 10.616 Thread 0x00007feacec47800 Uncommon trap: reason=class_check action=maybe_recompile pc=0x000000010e71f280 method=sbt.CacheIvy$$anonfun$2.apply(Ljava/lang/Object;)Ljava/lang/Object; @ 2
Event: 10.616 Thread 0x00007feacec47800 Uncommon trap: reason=unreached action=reinterpret pc=0x000000010e7badc4 method=sbt.CacheIvy$$anonfun$2.apply(Lsbt/CrossVersion;)I @ 23
Event: 10.616 Thread 0x00007feacec47800 Uncommon trap: reason=class_check action=maybe_recompile pc=0x000000010e71f280 method=sbt.CacheIvy$$anonfun$2.apply(Ljava/lang/Object;)Ljava/lang/Object; @ 2
Event: 10.616 Thread 0x00007feacec47800 Uncommon trap: reason=class_check action=maybe_recompile pc=0x000000010e71f280 method=sbt.CacheIvy$$anonfun$2.apply(Ljava/lang/Object;)Ljava/lang/Object; @ 2
Event: 10.616 Thread 0x00007feacec47800 Uncommon trap: reason=class_check action=maybe_recompile pc=0x000000010e71f280 method=sbt.CacheIvy$$anonfun$2.apply(Ljava/lang/Object;)Ljava/lang/Object; @ 2

Internal exceptions (10 events):
Event: 11.051 Thread 0x00007feacec47800 Exception <a 'java/security/PrivilegedActionException'> (0x00000007812cc170) thrown at [/Users/java_re/workspace/8-2-build-macosx-x86_64/jdk8u31/2394/hotspot/src/share/vm/prims/jvm.cpp, line 1312]
Event: 11.053 Thread 0x00007feacec47800 Exception <a 'java/security/PrivilegedActionException'> (0x00000007812e4450) thrown at [/Users/java_re/workspace/8-2-build-macosx-x86_64/jdk8u31/2394/hotspot/src/share/vm/prims/jvm.cpp, line 1312]
Event: 11.053 Thread 0x00007feacec47800 Exception <a 'java/security/PrivilegedActionException'> (0x00000007812e4da0) thrown at [/Users/java_re/workspace/8-2-build-macosx-x86_64/jdk8u31/2394/hotspot/src/share/vm/prims/jvm.cpp, line 1312]
Event: 11.053 Thread 0x00007feacec47800 Exception <a 'java/security/PrivilegedActionException'> (0x00000007812e6038) thrown at [/Users/java_re/workspace/8-2-build-macosx-x86_64/jdk8u31/2394/hotspot/src/share/vm/prims/jvm.cpp, line 1312]
Event: 11.054 Thread 0x00007feacec47800 Exception <a 'java/security/PrivilegedActionException'> (0x00000007812ee4d0) thrown at [/Users/java_re/workspace/8-2-build-macosx-x86_64/jdk8u31/2394/hotspot/src/share/vm/prims/jvm.cpp, line 1312]
Event: 11.054 Thread 0x00007feacec47800 Exception <a 'java/security/PrivilegedActionException'> (0x00000007812eee20) thrown at [/Users/java_re/workspace/8-2-build-macosx-x86_64/jdk8u31/2394/hotspot/src/share/vm/prims/jvm.cpp, line 1312]
Event: 11.054 Thread 0x00007feacec47800 Exception <a 'java/security/PrivilegedActionException'> (0x00000007812f00b8) thrown at [/Users/java_re/workspace/8-2-build-macosx-x86_64/jdk8u31/2394/hotspot/src/share/vm/prims/jvm.cpp, line 1312]
Event: 11.054 Thread 0x00007feacec47800 Exception <a 'java/security/PrivilegedActionException'> (0x00000007812f5400) thrown at [/Users/java_re/workspace/8-2-build-macosx-x86_64/jdk8u31/2394/hotspot/src/share/vm/prims/jvm.cpp, line 1312]
Event: 11.054 Thread 0x00007feacec47800 Exception <a 'java/security/PrivilegedActionException'> (0x00000007812f5d90) thrown at [/Users/java_re/workspace/8-2-build-macosx-x86_64/jdk8u31/2394/hotspot/src/share/vm/prims/jvm.cpp, line 1312]
Event: 11.054 Thread 0x00007feacec47800 Exception <a 'java/security/PrivilegedActionException'> (0x00000007812f7108) thrown at [/Users/java_re/workspace/8-2-build-macosx-x86_64/jdk8u31/2394/hotspot/src/share/vm/prims/jvm.cpp, line 1312]

Events (10 events):
Event: 11.051 loading class sbt/IvySbt$$anonfun$inconsistentDuplicateWarning$1
Event: 11.051 loading class sbt/IvySbt$$anonfun$inconsistentDuplicateWarning$1 done
Event: 11.051 loading class sbt/IvyRetrieve$
Event: 11.051 loading class sbt/IvyRetrieve$ done
Event: 11.053 loading class sbt/IvySbt$$anonfun$inconsistentDuplicateWarning$2
Event: 11.053 loading class sbt/IvySbt$$anonfun$inconsistentDuplicateWarning$2 done
Event: 11.054 loading class sbt/IvySbt$$anonfun$inconsistentDuplicateWarning$3
Event: 11.054 loading class sbt/IvySbt$$anonfun$inconsistentDuplicateWarning$3 done
Event: 11.054 loading class sbt/IvyActions$$anonfun$updateEither$1$$anonfun$apply$8
Event: 11.054 loading class sbt/IvyActions$$anonfun$updateEither$1$$anonfun$apply$8 done


Dynamic libraries:
0x000000000c36d000 	/System/Library/Frameworks/Cocoa.framework/Versions/A/Cocoa
0x000000000c36d000 	/System/Library/Frameworks/Security.framework/Versions/A/Security
0x000000000c36d000 	/System/Library/Frameworks/ApplicationServices.framework/Versions/A/ApplicationServices
0x000000000c36d000 	/usr/lib/libz.1.dylib
0x000000000c36d000 	/usr/lib/libSystem.B.dylib
0x000000000c36d000 	/usr/lib/libobjc.A.dylib
0x000000000c36d000 	/System/Library/Frameworks/CoreFoundation.framework/Versions/A/CoreFoundation
0x000000000c36d000 	/System/Library/Frameworks/Foundation.framework/Versions/C/Foundation
0x000000000c36d000 	/System/Library/Frameworks/AppKit.framework/Versions/C/AppKit
0x000000000c36d000 	/System/Library/Frameworks/CoreData.framework/Versions/A/CoreData
0x000000000c36d000 	/System/Library/PrivateFrameworks/RemoteViewServices.framework/Versions/A/RemoteViewServices
0x000000000c36d000 	/System/Library/PrivateFrameworks/UIFoundation.framework/Versions/A/UIFoundation
0x000000000c36d000 	/System/Library/Frameworks/IOSurface.framework/Versions/A/IOSurface
0x000000000c36d000 	/System/Library/Frameworks/AudioToolbox.framework/Versions/A/AudioToolbox
0x000000000c36d000 	/System/Library/Frameworks/AudioUnit.framework/Versions/A/AudioUnit
0x000000000c36d000 	/System/Library/PrivateFrameworks/DataDetectorsCore.framework/Versions/A/DataDetectorsCore
0x000000000c36d000 	/System/Library/PrivateFrameworks/DesktopServicesPriv.framework/Versions/A/DesktopServicesPriv
0x000000000c36d000 	/System/Library/Frameworks/Carbon.framework/Versions/A/Frameworks/HIToolbox.framework/Versions/A/HIToolbox
0x000000000c36d000 	/System/Library/Frameworks/QuartzCore.framework/Versions/A/QuartzCore
0x000000000c36d000 	/System/Library/Frameworks/Carbon.framework/Versions/A/Frameworks/SpeechRecognition.framework/Versions/A/SpeechRecognition
0x000000000c36d000 	/usr/lib/libauto.dylib
0x000000000c36d000 	/usr/lib/libicucore.A.dylib
0x000000000c36d000 	/usr/lib/libxml2.2.dylib
0x000000000c36d000 	/System/Library/PrivateFrameworks/CoreUI.framework/Versions/A/CoreUI
0x000000000c36d000 	/System/Library/Frameworks/CoreAudio.framework/Versions/A/CoreAudio
0x000000000c36d000 	/System/Library/Frameworks/DiskArbitration.framework/Versions/A/DiskArbitration
0x000000000c36d000 	/usr/lib/liblangid.dylib
0x000000000c36d000 	/System/Library/PrivateFrameworks/MultitouchSupport.framework/Versions/A/MultitouchSupport
0x000000000c36d000 	/System/Library/Frameworks/IOKit.framework/Versions/A/IOKit
0x000000000c36d000 	/usr/lib/libDiagnosticMessagesClient.dylib
0x000000000c36d000 	/System/Library/Frameworks/CoreServices.framework/Versions/A/CoreServices
0x000000000c36d000 	/System/Library/PrivateFrameworks/PerformanceAnalysis.framework/Versions/A/PerformanceAnalysis
0x000000000c36d000 	/System/Library/PrivateFrameworks/GenerationalStorage.framework/Versions/A/GenerationalStorage
0x000000000c36d000 	/System/Library/Frameworks/OpenGL.framework/Versions/A/OpenGL
0x000000000c36d000 	/System/Library/PrivateFrameworks/Sharing.framework/Versions/A/Sharing
0x000000000c36d000 	/System/Library/Frameworks/CoreGraphics.framework/Versions/A/CoreGraphics
0x000000000c36d000 	/System/Library/Frameworks/CoreText.framework/Versions/A/CoreText
0x000000000c36d000 	/System/Library/Frameworks/ImageIO.framework/Versions/A/ImageIO
0x000000000c36d000 	/usr/lib/libextension.dylib
0x000000000c36d000 	/System/Library/PrivateFrameworks/Backup.framework/Versions/A/Backup
0x000000000c36d000 	/usr/lib/libarchive.2.dylib
0x000000000c36d000 	/System/Library/Frameworks/CFNetwork.framework/Versions/A/CFNetwork
0x000000000c36d000 	/System/Library/Frameworks/SystemConfiguration.framework/Versions/A/SystemConfiguration
0x000000000c36d000 	/usr/lib/libCRFSuite.dylib
0x000000000c36d000 	/usr/lib/libc++.1.dylib
0x000000000c36d000 	/usr/lib/libc++abi.dylib
0x000000000c36d000 	/usr/lib/system/libcache.dylib
0x000000000c36d000 	/usr/lib/system/libcommonCrypto.dylib
0x000000000c36d000 	/usr/lib/system/libcompiler_rt.dylib
0x000000000c36d000 	/usr/lib/system/libcopyfile.dylib
0x000000000c36d000 	/usr/lib/system/libcorecrypto.dylib
0x000000000c36d000 	/usr/lib/system/libdispatch.dylib
0x000000000c36d000 	/usr/lib/system/libdyld.dylib
0x000000000c36d000 	/usr/lib/system/libkeymgr.dylib
0x000000000c36d000 	/usr/lib/system/liblaunch.dylib
0x000000000c36d000 	/usr/lib/system/libmacho.dylib
0x000000000c36d000 	/usr/lib/system/libquarantine.dylib
0x000000000c36d000 	/usr/lib/system/libremovefile.dylib
0x000000000c36d000 	/usr/lib/system/libsystem_asl.dylib
0x000000000c36d000 	/usr/lib/system/libsystem_blocks.dylib
0x000000000c36d000 	/usr/lib/system/libsystem_c.dylib
0x000000000c36d000 	/usr/lib/system/libsystem_configuration.dylib
0x000000000c36d000 	/usr/lib/system/libsystem_coreservices.dylib
0x000000000c36d000 	/usr/lib/system/libsystem_coretls.dylib
0x000000000c36d000 	/usr/lib/system/libsystem_dnssd.dylib
0x000000000c36d000 	/usr/lib/system/libsystem_info.dylib
0x000000000c36d000 	/usr/lib/system/libsystem_kernel.dylib
0x000000000c36d000 	/usr/lib/system/libsystem_m.dylib
0x000000000c36d000 	/usr/lib/system/libsystem_malloc.dylib
0x000000000c36d000 	/usr/lib/system/libsystem_network.dylib
0x000000000c36d000 	/usr/lib/system/libsystem_networkextension.dylib
0x000000000c36d000 	/usr/lib/system/libsystem_notify.dylib
0x000000000c36d000 	/usr/lib/system/libsystem_platform.dylib
0x000000000c36d000 	/usr/lib/system/libsystem_pthread.dylib
0x000000000c36d000 	/usr/lib/system/libsystem_sandbox.dylib
0x000000000c36d000 	/usr/lib/system/libsystem_secinit.dylib
0x000000000c36d000 	/usr/lib/system/libsystem_stats.dylib
0x000000000c36d000 	/usr/lib/system/libsystem_trace.dylib
0x000000000c36d000 	/usr/lib/system/libunc.dylib
0x000000000c36d000 	/usr/lib/system/libunwind.dylib
0x000000000c36d000 	/usr/lib/system/libxpc.dylib
0x000000000c36d000 	/usr/lib/libbz2.1.0.dylib
0x000000000c36d000 	/usr/lib/liblzma.5.dylib
0x000000000c36d000 	/usr/lib/libbsm.0.dylib
0x000000000c36d000 	/usr/lib/libsqlite3.dylib
0x000000000c36d000 	/usr/lib/system/libkxld.dylib
0x000000000c36d000 	/usr/lib/libxar.1.dylib
0x000000000c36d000 	/usr/lib/libpam.2.dylib
0x000000000c36d000 	/usr/lib/libOpenScriptingUtil.dylib
0x000000000c36d000 	/System/Library/Frameworks/CoreServices.framework/Versions/A/Frameworks/FSEvents.framework/Versions/A/FSEvents
0x000000000c36d000 	/System/Library/Frameworks/CoreServices.framework/Versions/A/Frameworks/CarbonCore.framework/Versions/A/CarbonCore
0x000000000c36d000 	/System/Library/Frameworks/CoreServices.framework/Versions/A/Frameworks/Metadata.framework/Versions/A/Metadata
0x000000000c36d000 	/System/Library/Frameworks/CoreServices.framework/Versions/A/Frameworks/OSServices.framework/Versions/A/OSServices
0x000000000c36d000 	/System/Library/Frameworks/CoreServices.framework/Versions/A/Frameworks/SearchKit.framework/Versions/A/SearchKit
0x000000000c36d000 	/System/Library/Frameworks/CoreServices.framework/Versions/A/Frameworks/AE.framework/Versions/A/AE
0x000000000c36d000 	/System/Library/Frameworks/CoreServices.framework/Versions/A/Frameworks/LaunchServices.framework/Versions/A/LaunchServices
0x000000000c36d000 	/System/Library/Frameworks/CoreServices.framework/Versions/A/Frameworks/DictionaryServices.framework/Versions/A/DictionaryServices
0x000000000c36d000 	/System/Library/Frameworks/NetFS.framework/Versions/A/NetFS
0x000000000c36d000 	/System/Library/PrivateFrameworks/NetAuth.framework/Versions/A/NetAuth
0x000000000c36d000 	/System/Library/PrivateFrameworks/login.framework/Versions/A/Frameworks/loginsupport.framework/Versions/A/loginsupport
0x000000000c36d000 	/System/Library/PrivateFrameworks/TCC.framework/Versions/A/TCC
0x000000000c36d000 	/usr/lib/libmecabra.dylib
0x000000000c36d000 	/System/Library/Frameworks/ApplicationServices.framework/Versions/A/Frameworks/ATS.framework/Versions/A/ATS
0x000000000c36d000 	/System/Library/Frameworks/ApplicationServices.framework/Versions/A/Frameworks/ColorSync.framework/Versions/A/ColorSync
0x000000000c36d000 	/System/Library/Frameworks/ApplicationServices.framework/Versions/A/Frameworks/HIServices.framework/Versions/A/HIServices
0x000000000c36d000 	/System/Library/Frameworks/ApplicationServices.framework/Versions/A/Frameworks/LangAnalysis.framework/Versions/A/LangAnalysis
0x000000000c36d000 	/System/Library/Frameworks/ApplicationServices.framework/Versions/A/Frameworks/PrintCore.framework/Versions/A/PrintCore
0x000000000c36d000 	/System/Library/Frameworks/ApplicationServices.framework/Versions/A/Frameworks/QD.framework/Versions/A/QD
0x000000000c36d000 	/System/Library/Frameworks/ApplicationServices.framework/Versions/A/Frameworks/SpeechSynthesis.framework/Versions/A/SpeechSynthesis
0x000000000c36d000 	/System/Library/Frameworks/Accelerate.framework/Versions/A/Accelerate
0x000000000c36d000 	/System/Library/Frameworks/Accelerate.framework/Versions/A/Frameworks/vImage.framework/Versions/A/vImage
0x000000000c36d000 	/System/Library/Frameworks/Accelerate.framework/Versions/A/Frameworks/vecLib.framework/Versions/A/vecLib
0x000000000c36d000 	/System/Library/Frameworks/Accelerate.framework/Versions/A/Frameworks/vecLib.framework/Versions/A/libvDSP.dylib
0x000000000c36d000 	/System/Library/Frameworks/Accelerate.framework/Versions/A/Frameworks/vecLib.framework/Versions/A/libvMisc.dylib
0x000000000c36d000 	/System/Library/Frameworks/Accelerate.framework/Versions/A/Frameworks/vecLib.framework/Versions/A/libLAPACK.dylib
0x000000000c36d000 	/System/Library/Frameworks/Accelerate.framework/Versions/A/Frameworks/vecLib.framework/Versions/A/libBLAS.dylib
0x000000000c36d000 	/System/Library/Frameworks/Accelerate.framework/Versions/A/Frameworks/vecLib.framework/Versions/A/libLinearAlgebra.dylib
0x000000000c36d000 	/System/Library/Frameworks/ApplicationServices.framework/Versions/A/Frameworks/ATS.framework/Versions/A/Resources/libFontParser.dylib
0x000000000c36d000 	/System/Library/Frameworks/ApplicationServices.framework/Versions/A/Frameworks/ATS.framework/Versions/A/Resources/libFontRegistry.dylib
0x000000000c36d000 	/System/Library/PrivateFrameworks/AppleVPA.framework/Versions/A/AppleVPA
0x000000000c36d000 	/System/Library/PrivateFrameworks/AppleJPEG.framework/Versions/A/AppleJPEG
0x000000000c36d000 	/System/Library/Frameworks/ImageIO.framework/Versions/A/Resources/libJPEG.dylib
0x000000000c36d000 	/System/Library/Frameworks/ImageIO.framework/Versions/A/Resources/libTIFF.dylib
0x000000000c36d000 	/System/Library/Frameworks/ImageIO.framework/Versions/A/Resources/libPng.dylib
0x000000000c36d000 	/System/Library/Frameworks/ImageIO.framework/Versions/A/Resources/libGIF.dylib
0x000000000c36d000 	/System/Library/Frameworks/ImageIO.framework/Versions/A/Resources/libJP2.dylib
0x000000000c36d000 	/System/Library/Frameworks/ImageIO.framework/Versions/A/Resources/libRadiance.dylib
0x000000000c36d000 	/System/Library/Frameworks/CoreVideo.framework/Versions/A/CoreVideo
0x000000000c36d000 	/System/Library/Frameworks/OpenGL.framework/Versions/A/Libraries/libGLU.dylib
0x000000000c36d000 	/System/Library/Frameworks/OpenGL.framework/Versions/A/Libraries/libGFXShared.dylib
0x000000000c36d000 	/System/Library/Frameworks/OpenGL.framework/Versions/A/Libraries/libGL.dylib
0x000000000c36d000 	/System/Library/Frameworks/OpenGL.framework/Versions/A/Libraries/libGLImage.dylib
0x000000000c36d000 	/System/Library/Frameworks/OpenGL.framework/Versions/A/Libraries/libCVMSPluginSupport.dylib
0x000000000c36d000 	/System/Library/Frameworks/OpenGL.framework/Versions/A/Libraries/libCoreVMClient.dylib
0x000000000c36d000 	/usr/lib/libcups.2.dylib
0x000000000c36d000 	/System/Library/Frameworks/Kerberos.framework/Versions/A/Kerberos
0x000000000c36d000 	/System/Library/Frameworks/GSS.framework/Versions/A/GSS
0x000000000c36d000 	/usr/lib/libresolv.9.dylib
0x000000000c36d000 	/usr/lib/libiconv.2.dylib
0x000000000c36d000 	/System/Library/PrivateFrameworks/Heimdal.framework/Versions/A/Heimdal
0x000000000c36d000 	/usr/lib/libheimdal-asn1.dylib
0x000000000c36d000 	/System/Library/Frameworks/OpenDirectory.framework/Versions/A/OpenDirectory
0x000000000c36d000 	/System/Library/PrivateFrameworks/CommonAuth.framework/Versions/A/CommonAuth
0x000000000c36d000 	/System/Library/Frameworks/OpenDirectory.framework/Versions/A/Frameworks/CFOpenDirectory.framework/Versions/A/CFOpenDirectory
0x000000000c36d000 	/System/Library/Frameworks/SecurityFoundation.framework/Versions/A/SecurityFoundation
0x000000000c36d000 	/System/Library/PrivateFrameworks/LanguageModeling.framework/Versions/A/LanguageModeling
0x000000000c36d000 	/usr/lib/libcmph.dylib
0x000000000c36d000 	/System/Library/Frameworks/ServiceManagement.framework/Versions/A/ServiceManagement
0x000000000c36d000 	/usr/lib/libxslt.1.dylib
0x000000000c36d000 	/System/Library/Frameworks/Carbon.framework/Versions/A/Frameworks/Ink.framework/Versions/A/Ink
0x000000000c36d000 	/System/Library/Frameworks/QuartzCore.framework/Versions/A/Frameworks/CoreImage.framework/Versions/A/CoreImage
0x000000000c36d000 	/System/Library/PrivateFrameworks/CrashReporterSupport.framework/Versions/A/CrashReporterSupport
0x000000000c36d000 	/System/Library/Frameworks/OpenCL.framework/Versions/A/OpenCL
0x000000000c36d000 	/System/Library/PrivateFrameworks/FaceCore.framework/Versions/A/FaceCore
0x000000000c36d000 	/System/Library/PrivateFrameworks/Ubiquity.framework/Versions/A/Ubiquity
0x000000000c36d000 	/System/Library/PrivateFrameworks/IconServices.framework/Versions/A/IconServices
0x000000000c36d000 	/System/Library/PrivateFrameworks/ChunkingLibrary.framework/Versions/A/ChunkingLibrary
0x000000000c36d000 	/System/Library/PrivateFrameworks/Apple80211.framework/Versions/A/Apple80211
0x000000000c36d000 	/System/Library/Frameworks/CoreWLAN.framework/Versions/A/CoreWLAN
0x000000000c36d000 	/System/Library/Frameworks/IOBluetooth.framework/Versions/A/IOBluetooth
0x000000000c36d000 	/System/Library/PrivateFrameworks/CoreWiFi.framework/Versions/A/CoreWiFi
0x000000000c36d000 	/System/Library/Frameworks/CoreBluetooth.framework/Versions/A/CoreBluetooth
0x000000000c36d000 	/System/Library/PrivateFrameworks/DebugSymbols.framework/Versions/A/DebugSymbols
0x000000000c36d000 	/System/Library/PrivateFrameworks/CoreSymbolication.framework/Versions/A/CoreSymbolication
0x000000000c36d000 	/System/Library/PrivateFrameworks/Symbolication.framework/Versions/A/Symbolication
0x000000000c36d000 	/System/Library/PrivateFrameworks/SpeechRecognitionCore.framework/Versions/A/SpeechRecognitionCore
0x000000010d200000 	/Library/Java/JavaVirtualMachines/jdk1.8.0_31.jdk/Contents/Home/jre/lib/server/libjvm.dylib
0x000000000c36d000 	/usr/lib/libstdc++.6.dylib
0x000000010c157000 	/Library/Java/JavaVirtualMachines/jdk1.8.0_31.jdk/Contents/Home/jre/lib/libverify.dylib
0x000000010c165000 	/Library/Java/JavaVirtualMachines/jdk1.8.0_31.jdk/Contents/Home/jre/lib/libjava.dylib
0x000000010c1a3000 	/Library/Java/JavaVirtualMachines/jdk1.8.0_31.jdk/Contents/Home/jre/lib/libzip.dylib
0x000000010c1e8000 	/System/Library/Frameworks/JavaVM.framework/Frameworks/JavaRuntimeSupport.framework/JavaRuntimeSupport
0x0000000127828000 	/System/Library/Frameworks/JavaVM.framework/Versions/A/Frameworks/JavaNativeFoundation.framework/Versions/A/JavaNativeFoundation
0x000000012783c000 	/System/Library/Frameworks/JavaVM.framework/Versions/A/JavaVM
0x000000000c36d000 	/System/Library/Frameworks/Carbon.framework/Versions/A/Carbon
0x0000000127848000 	/System/Library/PrivateFrameworks/JavaLaunching.framework/Versions/A/JavaLaunching
0x000000000c36d000 	/System/Library/Frameworks/Carbon.framework/Versions/A/Frameworks/CommonPanels.framework/Versions/A/CommonPanels
0x000000000c36d000 	/System/Library/Frameworks/Carbon.framework/Versions/A/Frameworks/Help.framework/Versions/A/Help
0x000000000c36d000 	/System/Library/Frameworks/Carbon.framework/Versions/A/Frameworks/ImageCapture.framework/Versions/A/ImageCapture
0x000000000c36d000 	/System/Library/Frameworks/Carbon.framework/Versions/A/Frameworks/OpenScripting.framework/Versions/A/OpenScripting
0x000000000c36d000 	/System/Library/Frameworks/Carbon.framework/Versions/A/Frameworks/Print.framework/Versions/A/Print
0x000000000c36d000 	/System/Library/Frameworks/Carbon.framework/Versions/A/Frameworks/SecurityHI.framework/Versions/A/SecurityHI
0x0000000129860000 	/Library/Java/JavaVirtualMachines/jdk1.8.0_31.jdk/Contents/Home/jre/lib/libnet.dylib
0x00000001298bf000 	/Library/Java/JavaVirtualMachines/jdk1.8.0_31.jdk/Contents/Home/jre/lib/libnio.dylib

VM Arguments:
jvm_args: -Dactivator.home=/usr/local/Cellar/typesafe-activator/1.2.10/libexec -Xms1024m -Xmx1024m -XX:MetaspaceSize=64m -XX:MaxMetaspaceSize=256m -Xms512M -Xmx3072M -XX:MaxHeapSize=3072M -Dcarers.keystore=/Users/edmundreed/Documents/projects/carers/carerskeystore 
java_command: /usr/local/Cellar/typesafe-activator/1.2.10/libexec/activator-launch-1.2.10.jar run
java_class_path (initial): /usr/local/Cellar/typesafe-activator/1.2.10/libexec/activator-launch-1.2.10.jar
Launcher Type: SUN_STANDARD

Environment Variables:
_JAVA_OPTIONS=-Xms512M -Xmx3072M -XX:MaxHeapSize=3072M -Dcarers.keystore=/Users/edmundreed/Documents/projects/carers/carerskeystore
PATH=/usr/local/bin:/usr/bin:/bin:/usr/sbin:/sbin:/usr/local/sbin
SHELL=/bin/bash

Signal Handlers:
SIGSEGV: [libjvm.dylib+0x57a0e7], sa_mask[0]=11111111011111110111111111111111, sa_flags=SA_ONSTACK|SA_RESTART|SA_SIGINFO
SIGBUS: [libjvm.dylib+0x57a0e7], sa_mask[0]=11111111011111110111111111111111, sa_flags=SA_RESTART|SA_SIGINFO
SIGFPE: [libjvm.dylib+0x45af24], sa_mask[0]=11111111011111110111111111111111, sa_flags=SA_RESTART|SA_SIGINFO
SIGPIPE: [libjvm.dylib+0x45af24], sa_mask[0]=11111111011111110111111111111111, sa_flags=SA_RESTART|SA_SIGINFO
SIGXFSZ: [libjvm.dylib+0x45af24], sa_mask[0]=11111111011111110111111111111111, sa_flags=SA_RESTART|SA_SIGINFO
SIGILL: [libjvm.dylib+0x45af24], sa_mask[0]=11111111011111110111111111111111, sa_flags=SA_RESTART|SA_SIGINFO
SIGUSR1: SIG_DFL, sa_mask[0]=11011111011111100000000111000110, sa_flags=none
SIGUSR2: [libjvm.dylib+0x45aa42], sa_mask[0]=00000000000000000000000000000000, sa_flags=SA_RESTART|SA_SIGINFO
SIGHUP: [libjvm.dylib+0x459015], sa_mask[0]=11111111011111110111111111111111, sa_flags=SA_RESTART|SA_SIGINFO
SIGINT: [libjvm.dylib+0x459015], sa_mask[0]=11111111011111110111111111111111, sa_flags=SA_RESTART|SA_SIGINFO
SIGTERM: [libjvm.dylib+0x459015], sa_mask[0]=11111111011111110111111111111111, sa_flags=SA_RESTART|SA_SIGINFO
SIGQUIT: [libjvm.dylib+0x459015], sa_mask[0]=11111111011111110111111111111111, sa_flags=SA_RESTART|SA_SIGINFO


---------------  S Y S T E M  ---------------

OS:Bsduname:Darwin 14.4.0 Darwin Kernel Version 14.4.0: Thu May 28 11:35:04 PDT 2015; root:xnu-2782.30.5~1/RELEASE_X86_64 x86_64
rlimit: STACK 8192k, CORE 0k, NPROC 709, NOFILE 10240, AS infinity
load average:2.72 2.43 2.33

CPU:total 8 (4 cores per cpu, 2 threads per core) family 6 model 70 stepping 1, cmov, cx8, fxsr, mmx, sse, sse2, sse3, ssse3, sse4.1, sse4.2, popcnt, avx, avx2, aes, clmul, erms, lzcnt, ht, tsc, tscinvbit, bmi1, bmi2

Memory: 4k page, physical 16777216k(2443568k free)

/proc/meminfo:


vm_info: Java HotSpot(TM) 64-Bit Server VM (25.31-b07) for bsd-amd64 JRE (1.8.0_31-b13), built on Dec 17 2014 20:45:36 by "java_re" with gcc 4.2.1 (Based on Apple Inc. build 5658) (LLVM build 2336.11.00)

time: Tue Sep  1 00:00:01 2015
elapsed time: 11 seconds (0d 0h 0m 11s)

