#
# A fatal error has been detected by the Java Runtime Environment:
#
#  SIGBUS (0xa) at pc=0x0000000110c9aa9b, pid=15832, tid=12547
#
# JRE version: Java(TM) SE Runtime Environment (8.0_31-b13) (build 1.8.0_31-b13)
# Java VM: Java HotSpot(TM) 64-Bit Server VM (25.31-b07 mixed mode bsd-amd64 compressed oops)
# Problematic frame:
# V  [libjvm.dylib+0x49aa9b]
#
# Failed to write core dump. Core dumps have been disabled. To enable core dumping, try "ulimit -c unlimited" before starting Java again
#
# If you would like to submit a bug report, please visit:
#   http://bugreport.java.com/bugreport/crash.jsp
#

---------------  T H R E A D  ---------------

Current thread (0x00007fa0f4014800):  VMThread [stack: 0x000000012aa8d000,0x000000012ab8d000] [id=12547]

siginfo: si_signo: 10 (SIGBUS), si_code: 2 (BUS_ADRERR), si_addr: 0x00000007f9a71df8

Registers:
RAX=0x00000007f9a71df8, RBX=0x000000012ab8c3e8, RCX=0x0000000110fea830, RDX=0x0000000110ff2dd0
RSP=0x000000012ab8c3d0, RBP=0x000000012ab8c3d0, RSI=0x00000007f9a71df8, RDI=0x000000011109e950
R8 =0x00007fa0f3e05580, R9 =0x000000012ab8c800, R10=0x0000000000000000, R11=0x0000000000000202
R12=0x000000079086c088, R13=0x000000079086c028, R14=0x00000001110955e0, R15=0x000000079086c070
RIP=0x0000000110c9aa9b, EFLAGS=0x0000000000010202, ERR=0x0000000000000004
  TRAPNO=0x000000000000000e

Top of Stack: (sp=0x000000012ab8c3d0)
0x000000012ab8c3d0:   000000012ab8c460 0000000110c9e7fe
0x000000012ab8c3e0:   000000082ab8c7f0 00007fa0f3c230f8
0x000000012ab8c3f0:   00007fa0f3c23100 0000000000000000
0x000000012ab8c400:   000000079086c070 000000079086c088
0x000000012ab8c410:   000000079086c028 000000079086c07c
0x000000012ab8c420:   00000007f9a71df8 000000012ab8c800
0x000000012ab8c430:   000000011109e950 000000012ab8c800
0x000000012ab8c440:   00000000000004d9 0000000000000008
0x000000012ab8c450:   000000011109e950 00007fa0f3c22f20
0x000000012ab8c460:   000000012ab8c520 0000000110c9f2ae
0x000000012ab8c470:   000000012ab8c530 01007fff99c4ddd4
0x000000012ab8c480:   0000000000000000 00007fa0f3c23050
0x000000012ab8c490:   000000012ab8c4a0 0000000110c5d097
0x000000012ab8c4a0:   000000011109e8a8 000000012ab8c5e8
0x000000012ab8c4b0:   000000012ab8c500 0000000110a623b2
0x000000012ab8c4c0:   0000000110fd73c0 0000000110dd5b2e
0x000000012ab8c4d0:   0000000100000002 00000000bf2e19f2
0x000000012ab8c4e0:   0000000000000000 0000000000000000
0x000000012ab8c4f0:   0000000000000000 0000000000000000
0x000000012ab8c500:   00007fa0f3c22f20 0000000000000000
0x000000012ab8c510:   000000012ab8c7f0 000000011109e950
0x000000012ab8c520:   000000012ab8c660 0000000110c9f876
0x000000012ab8c530:   000000012ab8c7f0 0000000000000000
0x000000012ab8c540:   000000012ab8c550 0000000110ca8e25
0x000000012ab8c550:   0000000000000000 0000000000000000
0x000000012ab8c560:   000000012ab8c788 000000012ab8c800
0x000000012ab8c570:   000000012ab8c640 0000000110c403bb
0x000000012ab8c580:   0000000000000000 0000000111f974b8
0x000000012ab8c590:   0000000111f974b8 0000000111f97350
0x000000012ab8c5a0:   0000000111f9765b 0000000000000002
0x000000012ab8c5b0:   0000000111f974a0 000000011000ffff
0x000000012ab8c5c0:   0000000111f97670 0000000111f974c0 

Instructions: (pc=0x0000000110c9aa9b)
0x0000000110c9aa7b:   38 8a 48 08 48 d3 ef 89 f8 48 89 05 4d 3d 40 00
0x0000000110c9aa8b:   5d c3 90 55 48 89 e5 48 3b 35 37 3d 40 00 72 13
0x0000000110c9aa9b:   48 8b 06 48 83 e0 03 48 83 f8 03 0f 94 c0 0f b6
0x0000000110c9aaab:   c0 5d c3 b8 01 00 00 00 5d c3 90 55 48 89 e5 5d 

Register to memory mapping:

RAX=0x00000007f9a71df8 is an unknown value
RBX=0x000000012ab8c3e8 is an unknown value
RCX=0x0000000110fea830: _ZTV16PSIsAliveClosure+0x10 in /Library/Java/JavaVirtualMachines/jdk1.8.0_31.jdk/Contents/Home/jre/lib/server/libjvm.dylib at 0x0000000110800000
RDX=0x0000000110ff2dd0: _ZN8Universe11_narrow_oopE+0 in /Library/Java/JavaVirtualMachines/jdk1.8.0_31.jdk/Contents/Home/jre/lib/server/libjvm.dylib at 0x0000000110800000
RSP=0x000000012ab8c3d0 is an unknown value
RBP=0x000000012ab8c3d0 is an unknown value
RSI=0x00000007f9a71df8 is an unknown value
RDI=0x000000011109e950: _ZN10PSScavenge17_is_alive_closureE+0 in /Library/Java/JavaVirtualMachines/jdk1.8.0_31.jdk/Contents/Home/jre/lib/server/libjvm.dylib at 0x0000000110800000
R8 =0x00007fa0f3e05580 is an unknown value
R9 =0x000000012ab8c800 is an unknown value
R10=0x0000000000000000 is an unknown value
R11=0x0000000000000202 is an unknown value
R12=0x000000079086c088 is an oop
